[Sun Mar 22 16:38:41 2009] Running CANOCO:
[Sun Mar 22 16:38:41 2009] CON file [C:\Users\Daniel McGlinn\Documents\Grad Ecology\TGP - vegmon\management manuscript\CCA\wo bison binary\on richness\pRDA (dist given sites & yr).con] saved
 Program CANOCO Version 4.5 February 2002 - written by Cajo J.F. Ter Braak
 (C) 1988-2002 Biometris - quantitative methods in the life and earth sciences
 Plant Research International, Wageningen University and Research Centre
 Box 100, 6700 AC Wageningen, the Netherlands
 CANOCO performs (partial) (detrended) (canonical) correspondence analysis,
 principal components analysis and redundancy analysis.
 CANOCO is an extension of Cornell Ecology program DECORANA (Hill,1979)

 For explanation of the input/output see the manual or
 Ter Braak, C.J.F. (1995) Ordination. Chapter 5 in:
 Data Analysis in Community and Landscape Ecology
 (Jongman, R.H.G., Ter Braak, C.J.F. and Van Tongeren, O.F.R., Eds)
 Cambridge University Press, Cambridge, UK, 91-173 pp.

 *** Type of analysis ***
  Model             Gradient analysis
               indirect     direct     hybrid
 linear         1=PCA       2= RDA       3
 unimodal       4= CA       5= CCA       6
    ,,          7=DCA       8=DCCA       9
               10=non-standard analysis
 Type analysis number
 Answer =  2


 *** Data files ***
 Species data       : C:\Users\Daniel McGlinn\Documents\Grad Ecology\TGP - vegmon\management manuscript\data folder\habit(rich).spe
 Covariable data    : C:\Users\Daniel McGlinn\Documents\Grad Ecology\TGP - vegmon\management manuscript\data folder\tgp env.env
 Environmental data : C:\Users\Daniel McGlinn\Documents\Grad Ecology\TGP - vegmon\management manuscript\data folder\tgp env.env
 Initialization file:  

 Forward selection of envi. variables =    0
 Scaling of ordination scores         =    2
 Diagnostics                          =    1

 File   : C:\Users\Daniel McGlinn\Documents\Grad Ecology\TGP - vegmon\management manuscript\data folder\habit(rich).spe
 Title  : habit richness                                                                  
 Format :  (I5,1X,8(I6,F3.0))                                                  
 No. of couplets of species number and abundance per line :    8


 No samples omitted
 Number of samples           220
 Number of species             5
 Number of occurrences      1068


 File  : C:\Users\Daniel McGlinn\Documents\Grad Ecology\TGP - vegmon\management manuscript\data folder\tgp env.env
 Title : tgp env                                                                        
 Format :  (I5,1X,3(I6,F15.9))                                                 
 No. of             covariables :    64


 No interaction terms defined


 ******************************************************************************
                     Names of covariables
 ******************************************************************************
 205      206      208      220      222      226      238     

 244      254      259      303      307      308      309     

 317      319      331      343      346      350      1998    

 1999     2000     2001     2002     2003     2004     2005    

 2006     2007     2008    
 ******************************************************************************

 File  : C:\Users\Daniel McGlinn\Documents\Grad Ecology\TGP - vegmon\management manuscript\data folder\tgp env.env
 Title : tgp env                                                                        
 Format :  (I5,1X,3(I6,F15.9))                                                 
 No. of environmental variables :    64


 No interaction terms defined


 No transformation of species data
 No species-weights specified
 No  sample-weights specified
 Centering/standardization by species  =    1
 Centering/standardization by samples  =    0

 No. of active  samples:    220
 No. of passive samples:      0
 No. of active  species:      5

 Total sum of squares in species data =     24662.7    
 Total standard deviation in species data TAU =     4.73504    
 Covariable 350      is linearly dependent, hence ignored
 Covariable 2008     is linearly dependent, hence ignored
 
 ****** Check on influence in covariable/environment data ******
 The following sample(s) have extreme values
 Sample Environmental        Covariable  + Environment space
        variable Influence   influence     influence     

     18    37      6.6x
    218    38      5.1x
 ****** End of check ******

1
 **** Correlation matrix ****
 
 SPEC AX1	  1.0000
 SPEC AX2	  0.2133	  1.0000
 SPEC AX3	  0.5513	  0.1088	  1.0000
 SPEC AX4	 -0.9276	 -0.2603	 -0.6423	  1.0000
 ENVI AX1	  0.3660	  0.0000	  0.0000	  0.0000	  1.0000
 ENVI AX2	  0.0000	  0.4181	  0.0000	  0.0000	  0.0000	  1.0000
 ENVI AX3	  0.0000	  0.0000	  0.2005	  0.0000	  0.0000	  0.0000	  1.0000
 ENVI AX4	  0.0000	  0.0000	  0.0000	  0.0000	  0.0000	  0.0000	  0.0000	  0.0000
 YrsOB   	 -0.2476	 -0.1366	  0.1323	  0.0000	 -0.6765	 -0.3268	  0.6599	  0.0000
 BP5Yrs  	  0.0156	  0.3436	  0.1139	  0.0000	  0.0427	  0.8218	  0.5681	  0.0000
 YrsSLB  	  0.2246	 -0.3292	  0.0117	  0.0000	  0.6137	 -0.7874	  0.0582	  0.0000

         	SPEC AX1	SPEC AX2	SPEC AX3	SPEC AX4	ENVI AX1	ENVI AX2	ENVI AX3	ENVI AX4

 YrsOB   	  1.0000
 BP5Yrs  	  0.0775	  1.0000
 YrsSLB  	 -0.1195	 -0.5878	  1.0000

         	YrsOB   	BP5Yrs  	YrsSLB  

    N	name	   (weighted) mean	   stand. dev.	inflation factor

    1	SPEC AX1	        0.0000	        2.7320
    2	SPEC AX2	        0.0000	        2.3916
    3	SPEC AX3	        0.0000	        4.9876
    4	SPEC AX4	        0.0000	        1.0000
    5	ENVI AX1	        0.0000	        1.0000
    6	ENVI AX2	        0.0000	        1.0000
    7	ENVI AX3	        0.0000	        1.0000
    8	ENVI AX4	        0.0000	        0.0000
   36	YrsOB   	        3.3810	        4.2297	        9.0131
   37	BP5Yrs  	        1.9318	        1.3817	        5.2868
   38	YrsSLB  	        2.0899	        2.1335	        2.6271


 **** Summary ****

 Axes                               	     1	     2	     3	     4	Total variance

 Eigenvalues                       :	 0.029	 0.004	 0.001	 0.199	        1.000
 Species-environment correlations  :	 0.366	 0.418	 0.200	 0.000
 Cumulative percentage variance
    of species data                :	  10.1	  11.6	  11.9	  82.0
    of species-environment relation:	  84.7	  96.8	 100.0	   0.0

 Sum of all               eigenvalues      	     	      	      	      	  0.284
 Sum of all canonical     eigenvalues      	     	      	      	      	  0.034


 The sum of all eigenvalues is after fitting covariables
 Percentages are taken with respect to residual variances
                 i.e. variances after fitting covariables

 *** MESSAGE ***
 The fit for species is additional to the fit due to covariables.
 With covariables, CANOCO cannot calculate residuals for samples.

1
 *** Specification of blocks ***

 *** The permutations are conditioned on    19 covariable(s), namely: ***

    covariable  205     
    covariable  206     
    covariable  208     
    covariable  220     
    covariable  222     
    covariable  226     
    covariable  238     
    covariable  244     
    covariable  254     
    covariable  259     
    covariable  303     
    covariable  307     
    covariable  308     
    covariable  309     
    covariable  317     
    covariable  319     
    covariable  331     
    covariable  343     
    covariable  346     

 *** Sample arrangement in the permutation test ***


 Samples in block    1 :
 **  Time series or line of plots   **
     1    21    41    61    81   101   121   141   161   181
   201
 The      11       plots are permuted using cyclic shifts

 Samples in block    2 :
 **  Time series or line of plots   **
     2    22    42    62    82   102   122   142   162   182
   202
 The      11       plots are permuted using cyclic shifts

 Samples in block    3 :
 **  Time series or line of plots   **
     3    23    43    63    83   103   123   143   163   183
   203
 The      11       plots are permuted using cyclic shifts

 Samples in block    4 :
 **  Time series or line of plots   **
     4    24    44    64    84   104   124   144   164   184
   204
 The      11       plots are permuted using cyclic shifts

 Samples in block    5 :
 **  Time series or line of plots   **
     5    25    45    65    85   105   125   145   165   185
   205
 The      11       plots are permuted using cyclic shifts

 Samples in block    6 :
 **  Time series or line of plots   **
     6    26    46    66    86   106   126   146   166   186
   206
 The      11       plots are permuted using cyclic shifts

 Samples in block    7 :
 **  Time series or line of plots   **
     7    27    47    67    87   107   127   147   167   187
   207
 The      11       plots are permuted using cyclic shifts

 Samples in block    8 :
 **  Time series or line of plots   **
     8    28    48    68    88   108   128   148   168   188
   208
 The      11       plots are permuted using cyclic shifts

 Samples in block    9 :
 **  Time series or line of plots   **
     9    29    49    69    89   109   129   149   169   189
   209
 The      11       plots are permuted using cyclic shifts

 Samples in block   10 :
 **  Time series or line of plots   **
    10    30    50    70    90   110   130   150   170   190
   210
 The      11       plots are permuted using cyclic shifts

 Samples in block   11 :
 **  Time series or line of plots   **
    11    31    51    71    91   111   131   151   171   191
   211
 The      11       plots are permuted using cyclic shifts

 Samples in block   12 :
 **  Time series or line of plots   **
    12    32    52    72    92   112   132   152   172   192
   212
 The      11       plots are permuted using cyclic shifts

 Samples in block   13 :
 **  Time series or line of plots   **
    13    33    53    73    93   113   133   153   173   193
   213
 The      11       plots are permuted using cyclic shifts

 Samples in block   14 :
 **  Time series or line of plots   **
    14    34    54    74    94   114   134   154   174   194
   214
 The      11       plots are permuted using cyclic shifts

 Samples in block   15 :
 **  Time series or line of plots   **
    15    35    55    75    95   115   135   155   175   195
   215
 The      11       plots are permuted using cyclic shifts

 Samples in block   16 :
 **  Time series or line of plots   **
    16    36    56    76    96   116   136   156   176   196
   216
 The      11       plots are permuted using cyclic shifts

 Samples in block   17 :
 **  Time series or line of plots   **
    17    37    57    77    97   117   137   157   177   197
   217
 The      11       plots are permuted using cyclic shifts

 Samples in block   18 :
 **  Time series or line of plots   **
    18    38    58    78    98   118   138   158   178   198
   218
 The      11       plots are permuted using cyclic shifts

 Samples in block   19 :
 **  Time series or line of plots   **
    19    39    59    79    99   119   139   159   179   199
   219
 The      11       plots are permuted using cyclic shifts

 Samples in block   20 :
 **  Time series or line of plots   **
    20    40    60    80   100   120   140   160   180   200
   220
 The      11       plots are permuted using cyclic shifts

 Seeds:  13426 17965



 **** Summary of Monte Carlo test ****

 Test of significance of first canonical axis: eigenvalue =    0.029
                                               F-ratio    =   21.054
                                               P-value    =    0.0020

 Test of significance of all canonical axes  : Trace      =    0.034
                                               F-ratio    =    8.455
                                               P-value    =    0.0010

 (  999 permutations under reduced model)

[Sun Mar 22 16:38:44 2009] CANOCO call succeeded
[Sun Mar 22 16:43:01 2009] Settings change cancelled
[Sun Mar 22 16:43:08 2009] Running CanoDraw
[Sun Mar 22 16:43:08 2009] CanoDraw call succeeded
[Sun Mar 22 18:02:42 2009] Settings changed
[Sun Mar 22 18:02:43 2009] Running CANOCO:
[Sun Mar 22 18:02:43 2009] CON file [C:\Users\Daniel McGlinn\Documents\Grad Ecology\TGP - vegmon\management manuscript\CCA\wo bison binary\on richness\pRDA (dist given sites & yr).con] saved
 Program CANOCO Version 4.5 February 2002 - written by Cajo J.F. Ter Braak
 (C) 1988-2002 Biometris - quantitative methods in the life and earth sciences
 Plant Research International, Wageningen University and Research Centre
 Box 100, 6700 AC Wageningen, the Netherlands
 CANOCO performs (partial) (detrended) (canonical) correspondence analysis,
 principal components analysis and redundancy analysis.
 CANOCO is an extension of Cornell Ecology program DECORANA (Hill,1979)

 For explanation of the input/output see the manual or
 Ter Braak, C.J.F. (1995) Ordination. Chapter 5 in:
 Data Analysis in Community and Landscape Ecology
 (Jongman, R.H.G., Ter Braak, C.J.F. and Van Tongeren, O.F.R., Eds)
 Cambridge University Press, Cambridge, UK, 91-173 pp.

 *** Type of analysis ***
  Model             Gradient analysis
               indirect     direct     hybrid
 linear         1=PCA       2= RDA       3
 unimodal       4= CA       5= CCA       6
    ,,          7=DCA       8=DCCA       9
               10=non-standard analysis
 Type analysis number
 Answer =  2


 *** Data files ***
 Species data       : C:\Users\Daniel McGlinn\Documents\Grad Ecology\TGP - vegmon\management manuscript\data folder\habit(rich).spe
 Covariable data    : C:\Users\Daniel McGlinn\Documents\Grad Ecology\TGP - vegmon\management manuscript\data folder\tgp env.env
 Environmental data : C:\Users\Daniel McGlinn\Documents\Grad Ecology\TGP - vegmon\management manuscript\data folder\tgp env.env
 Initialization file:  

 Forward selection of envi. variables =    0
 Scaling of ordination scores         =    2
 Diagnostics                          =    1

 File   : C:\Users\Daniel McGlinn\Documents\Grad Ecology\TGP - vegmon\management manuscript\data folder\habit(rich).spe
 Title  : habit richness                                                                  
 Format :  (I5,1X,8(I6,F3.0))                                                  
 No. of couplets of species number and abundance per line :    8


 No samples omitted
 Number of samples           220
 Number of species             5
 Number of occurrences      1068


 File  : C:\Users\Daniel McGlinn\Documents\Grad Ecology\TGP - vegmon\management manuscript\data folder\tgp env.env
 Title : tgp env                                                                        
 Format :  (I5,1X,3(I6,F15.9))                                                 
 No. of             covariables :    64


 No interaction terms defined


 ******************************************************************************
                     Names of covariables
 ******************************************************************************
 1998     1999     2000     2001     2002     2003     2004    

 2005     2006     2007     2008     205      206      208     

 220      222      226      238      244      254      259     

 303      307      308      309      317      319      331     

 343      346      350     
 ******************************************************************************

 File  : C:\Users\Daniel McGlinn\Documents\Grad Ecology\TGP - vegmon\management manuscript\data folder\tgp env.env
 Title : tgp env                                                                        
 Format :  (I5,1X,3(I6,F15.9))                                                 
 No. of environmental variables :    64


 No interaction terms defined


 No transformation of species data
 No species-weights specified
 No  sample-weights specified
 Centering/standardization by species  =    1
 Centering/standardization by samples  =    0

 No. of active  samples:    220
 No. of passive samples:      0
 No. of active  species:      5

 Total sum of squares in species data =     24662.7    
 Total standard deviation in species data TAU =     4.73504    
 Covariable 2008     is linearly dependent, hence ignored
 Covariable 350      is linearly dependent, hence ignored
 
 ****** Check on influence in covariable/environment data ******
 The following sample(s) have extreme values
 Sample Environmental        Covariable  + Environment space
        variable Influence   influence     influence     

     18    37      6.6x
    218    38      5.1x
 ****** End of check ******

1
 **** Correlation matrix ****
 
 SPEC AX1	  1.0000
 SPEC AX2	  0.2133	  1.0000
 SPEC AX3	  0.5513	  0.1088	  1.0000
 SPEC AX4	 -0.9276	 -0.2603	 -0.6423	  1.0000
 ENVI AX1	  0.3660	  0.0000	  0.0000	  0.0000	  1.0000
 ENVI AX2	  0.0000	  0.4181	  0.0000	  0.0000	  0.0000	  1.0000
 ENVI AX3	  0.0000	  0.0000	  0.2005	  0.0000	  0.0000	  0.0000	  1.0000
 ENVI AX4	  0.0000	  0.0000	  0.0000	  0.0000	  0.0000	  0.0000	  0.0000	  0.0000
 YrsOB   	 -0.2476	 -0.1366	  0.1323	  0.0000	 -0.6765	 -0.3268	  0.6599	  0.0000
 BP5Yrs  	  0.0156	  0.3436	  0.1139	  0.0000	  0.0427	  0.8218	  0.5681	  0.0000
 YrsSLB  	  0.2246	 -0.3292	  0.0117	  0.0000	  0.6137	 -0.7874	  0.0582	  0.0000

         	SPEC AX1	SPEC AX2	SPEC AX3	SPEC AX4	ENVI AX1	ENVI AX2	ENVI AX3	ENVI AX4

 YrsOB   	  1.0000
 BP5Yrs  	  0.0775	  1.0000
 YrsSLB  	 -0.1195	 -0.5878	  1.0000

         	YrsOB   	BP5Yrs  	YrsSLB  

    N	name	   (weighted) mean	   stand. dev.	inflation factor

    1	SPEC AX1	        0.0000	        2.7320
    2	SPEC AX2	        0.0000	        2.3916
    3	SPEC AX3	        0.0000	        4.9876
    4	SPEC AX4	        0.0000	        1.0000
    5	ENVI AX1	        0.0000	        1.0000
    6	ENVI AX2	        0.0000	        1.0000
    7	ENVI AX3	        0.0000	        1.0000
    8	ENVI AX4	        0.0000	        0.0000
   36	YrsOB   	        3.3810	        4.2297	        9.0131
   37	BP5Yrs  	        1.9318	        1.3817	        5.2868
   38	YrsSLB  	        2.0899	        2.1335	        2.6271


 **** Summary ****

 Axes                               	     1	     2	     3	     4	Total variance

 Eigenvalues                       :	 0.029	 0.004	 0.001	 0.199	        1.000
 Species-environment correlations  :	 0.366	 0.418	 0.200	 0.000
 Cumulative percentage variance
    of species data                :	  10.1	  11.6	  11.9	  82.0
    of species-environment relation:	  84.7	  96.8	 100.0	   0.0

 Sum of all               eigenvalues      	     	      	      	      	  0.284
 Sum of all canonical     eigenvalues      	     	      	      	      	  0.034


 The sum of all eigenvalues is after fitting covariables
 Percentages are taken with respect to residual variances
                 i.e. variances after fitting covariables

 *** MESSAGE ***
 The fit for species is additional to the fit due to covariables.
 With covariables, CANOCO cannot calculate residuals for samples.

1
 *** Specification of blocks ***

 *** The permutations are conditioned on    10 covariable(s), namely: ***

    covariable  1998    
    covariable  1999    
    covariable  2000    
    covariable  2001    
    covariable  2002    
    covariable  2003    
    covariable  2004    
    covariable  2005    
    covariable  2006    
    covariable  2007    

 *** Sample arrangement in the permutation test ***


 Samples in block    1 :
     1     2     3     4     5     6     7     8     9    10
    11    12    13    14    15    16    17    18    19    20
 The      20       plots are permuted completely at random

 Samples in block    2 :
    21    22    23    24    25    26    27    28    29    30
    31    32    33    34    35    36    37    38    39    40
 The      20       plots are permuted completely at random

 Samples in block    3 :
    41    42    43    44    45    46    47    48    49    50
    51    52    53    54    55    56    57    58    59    60
 The      20       plots are permuted completely at random

 Samples in block    4 :
    61    62    63    64    65    66    67    68    69    70
    71    72    73    74    75    76    77    78    79    80
 The      20       plots are permuted completely at random

 Samples in block    5 :
    81    82    83    84    85    86    87    88    89    90
    91    92    93    94    95    96    97    98    99   100
 The      20       plots are permuted completely at random

 Samples in block    6 :
   101   102   103   104   105   106   107   108   109   110
   111   112   113   114   115   116   117   118   119   120
 The      20       plots are permuted completely at random

 Samples in block    7 :
   121   122   123   124   125   126   127   128   129   130
   131   132   133   134   135   136   137   138   139   140
 The      20       plots are permuted completely at random

 Samples in block    8 :
   141   142   143   144   145   146   147   148   149   150
   151   152   153   154   155   156   157   158   159   160
 The      20       plots are permuted completely at random

 Samples in block    9 :
   161   162   163   164   165   166   167   168   169   170
   171   172   173   174   175   176   177   178   179   180
 The      20       plots are permuted completely at random

 Samples in block   10 :
   181   182   183   184   185   186   187   188   189   190
   191   192   193   194   195   196   197   198   199   200
 The      20       plots are permuted completely at random

 Samples in block   11 :
   201   202   203   204   205   206   207   208   209   210
   211   212   213   214   215   216   217   218   219   220
 The      20       plots are permuted completely at random

 Seeds:  13426 17965



 **** Summary of Monte Carlo test ****

 Test of significance of first canonical axis: eigenvalue =    0.029
                                               F-ratio    =   21.054
                                               P-value    =    0.0010

 Test of significance of all canonical axes  : Trace      =    0.034
                                               F-ratio    =    8.455
                                               P-value    =    0.0010

 (  999 permutations under reduced model)

[Sun Mar 22 18:02:47 2009] CANOCO call succeeded

