[Sun Sep 28 16:14:36 2008] Log file created
[Sun Sep 28 16:15:41 2008] Settings changed
[Sun Sep 28 16:15:43 2008] Running CANOCO:
[Sun Sep 28 16:15:43 2008] CON file [C:\Users\Daniel McGlinn\Documents\Grad Ecology\TGP - vegmon\management manuscript\DCA\DCA.con] saved
 Program CANOCO Version 4.5 February 2002 - written by Cajo J.F. Ter Braak
 (C) 1988-2002 Biometris - quantitative methods in the life and earth sciences
 Plant Research International, Wageningen University and Research Centre
 Box 100, 6700 AC Wageningen, the Netherlands
 CANOCO performs (partial) (detrended) (canonical) correspondence analysis,
 principal components analysis and redundancy analysis.
 CANOCO is an extension of Cornell Ecology program DECORANA (Hill,1979)

 For explanation of the input/output see the manual or
 Ter Braak, C.J.F. (1995) Ordination. Chapter 5 in:
 Data Analysis in Community and Landscape Ecology
 (Jongman, R.H.G., Ter Braak, C.J.F. and Van Tongeren, O.F.R., Eds)
 Cambridge University Press, Cambridge, UK, 91-173 pp.

 *** Type of analysis ***
  Model             Gradient analysis
               indirect     direct     hybrid
 linear         1=PCA       2= RDA       3
 unimodal       4= CA       5= CCA       6
    ,,          7=DCA       8=DCCA       9
               10=non-standard analysis
 Type analysis number
 Answer =  7


 *** Data files ***
 Species data       : C:\Users\Daniel McGlinn\Documents\Grad Ecology\TGP - vegmon\management manuscript\data folder\tgp sp cov.spe
 Covariable data    :  
 Environmental data :  
 Initialization file:  

 Number of segments                   =   26
 Nonlinear recaling of axes
 Rescaling threshold                  = 0.00
 Number of axes in biplot             =    2

 Diagnostics                          =    2

 File   : C:\Users\Daniel McGlinn\Documents\Grad Ecology\TGP - vegmon\management manuscript\data folder\tgp sp cov.spe
 Title  : tgp species data 98-08                                                          
 Format :  (I5,1X,5(I6,F7.2))                                                  
 No. of couplets of species number and abundance per line :    5


 No samples omitted
 Number of samples           220
 Number of species           307
 Number of occurrences     16768

 Squareroot-transformation of species data
 No species-weights specified
 No  sample-weights specified
    downweighting of rare species



 Final species weights applied (weight*downweight)
  1.000 1.000 1.000 0.143 0.685 0.207 0.081 1.000 0.320 0.046 1.000 1.000 1.000 1.000 0.160 1.000 0.269 1.000 1.000 0.317
  1.000 0.925 0.408 0.023 0.052 0.819 1.000 0.446 0.137 0.503 1.000 1.000 1.000 0.500 0.046 0.391 0.548 0.046 1.000 1.000
  1.000 0.023 1.000 1.000 0.023 1.000 1.000 0.023 1.000 1.000 0.211 1.000 0.160 1.000 1.000 1.000 0.023 1.000 1.000 0.029
  0.953 0.046 0.044 0.762 1.000 0.023 1.000 0.365 0.531 1.000 1.000 0.104 0.023 1.000 0.913 0.046 0.320 0.790 1.000 0.218
  0.104 1.000 0.419 0.052 1.000 1.000 0.406 0.658 0.046 0.114 1.000 0.137 0.822 0.578 0.298 0.485 0.412 1.000 0.527 0.114
  0.759 1.000 1.000 1.000 1.000 1.000 0.879 0.772 0.023 0.068 0.789 0.023 1.000 1.000 1.000 1.000 0.044 0.784 1.000 0.023
  0.548 0.023 0.207 0.220 0.800 0.114 0.906 0.514 1.000 0.869 0.236 0.160 0.146 1.000 1.000 0.023 0.094 0.046 0.183 0.023
  0.023 0.023 1.000 0.068 0.186 0.075 0.269 0.303 1.000 0.725 0.334 0.114 0.097 0.143 0.160 0.464 0.023 0.023 1.000 1.000
  0.303 0.840 0.029 1.000 1.000 1.000 1.000 0.389 1.000 0.531 1.000 1.000 0.256 1.000 0.205 1.000 1.000 0.143 0.091 0.023
  0.023 0.023 0.385 1.000 1.000 1.000 0.044 0.371 0.433 1.000 0.075 0.348 0.773 0.285 0.143 0.251 0.224 1.000 0.046 0.400
  0.126 1.000 1.000 1.000 0.091 1.000 0.023 0.143 1.000 0.091 0.771 0.166 1.000 0.029 1.000 1.000 0.942 0.468 1.000 0.097
  1.000 0.046 0.029 0.023 0.052 0.274 0.456 1.000 0.560 0.160 0.091 1.000 1.000 0.046 1.000 0.068 0.228 0.287 0.046 1.000
  1.000 1.000 1.000 0.257 0.497 1.000 0.023 0.114 1.000 0.548 0.120 0.779 0.104 1.000 0.023 0.068 1.000 0.114 1.000 1.000
  0.218 1.000 0.068 0.740 0.023 1.000 0.211 0.616 1.000 1.000 0.023 0.046 1.000 0.914 1.000 0.036 1.000 0.023 0.571 0.599
  1.000 0.120 0.023 0.172 1.000 0.921 0.288 0.023 1.000 1.000 0.951 0.036 0.023 0.257 0.317 0.091 0.046 1.000 1.000 1.000
  0.023 0.146 0.068 0.350 1.000 0.068 1.000

 Axes are rescaled


 No. of active  samples:    220
 No. of passive samples:      0
 No. of active  species:    307

 Total inertia in species data=
 Sum of all eigenvalues of CA =    1.47585



 **** Summary ****

 Axes                               	     1	     2	     3	     4	 Total inertia

 Eigenvalues                       :	 0.159	 0.108	 0.072	 0.046	        1.476
 Lengths of gradient               :	 2.235	 1.818	 1.537	 1.159
 Cumulative percentage variance
    of species data                :	  10.7	  18.1	  23.0	  26.1

 Sum of all               eigenvalues      	     	      	      	      	  1.476
1

 File with supplementary variables: C:\Users\Daniel McGlinn\Documents\Grad Ecology\TGP - vegmon\management manuscript\data folder\tgp env.env


 File  : C:\Users\Daniel McGlinn\Documents\Grad Ecology\TGP - vegmon\management manuscript\data folder\tgp env.env
 Title : tgp env                                                                        
 Format :  (I5,1X,3(I6,F15.9))                                                 
 No. of environmental variables :    64


 No interaction terms defined


 ****** Collinearity detected when fitting variable    20 ******
 ****** Collinearity detected when fitting variable    31 ******
 ****** Collinearity detected when fitting variable    32 ******
 ****** Collinearity detected when fitting variable    33 ******
 ****** Collinearity detected when fitting variable    35 ******
 ****** Collinearity detected when fitting variable    42 ******
 ****** Collinearity detected when fitting variable    43 ******
 ****** Collinearity detected when fitting variable    44 ******
 ****** Collinearity detected when fitting variable    45 ******
 ****** Collinearity detected when fitting variable    60 ******
 ****** Collinearity detected when fitting variable    61 ******
 ****** Collinearity detected when fitting variable    62 ******
 ****** Collinearity detected when fitting variable    63 ******
 ****** Collinearity detected when fitting variable    64 ******
1
 **** Weighted correlation matrix (weight = sample total) ****
 
 SPEC AX1	  1.0000
 SPEC AX2	 -0.0011	  1.0000
 SPEC AX3	 -0.0124	 -0.0224	  1.0000
 SPEC AX4	  0.0543	 -0.0052	  0.0735	  1.0000
 ENVI AX1	  0.9889	 -0.0022	 -0.0058	  0.0684	  1.0000
 ENVI AX2	 -0.0022	  0.9863	 -0.0204	 -0.0050	 -0.0023	  1.0000
 ENVI AX3	 -0.0058	 -0.0205	  0.9820	  0.0587	 -0.0059	 -0.0208	  1.0000
 ENVI AX4	  0.0717	 -0.0053	  0.0611	  0.9435	  0.0725	 -0.0053	  0.0622	  1.0000
 205     	 -0.2598	  0.0618	  0.1627	 -0.2803	 -0.2627	  0.0626	  0.1656	 -0.2970
 206     	  0.0001	 -0.2186	 -0.0575	 -0.2607	  0.0001	 -0.2217	 -0.0586	 -0.2763
 208     	 -0.2755	  0.2231	 -0.1093	 -0.0780	 -0.2786	  0.2262	 -0.1113	 -0.0827
 220     	 -0.1057	  0.1372	  0.2094	 -0.2233	 -0.1068	  0.1391	  0.2133	 -0.2367
 222     	 -0.0281	 -0.1184	 -0.0678	 -0.3604	 -0.0285	 -0.1200	 -0.0691	 -0.3820
 226     	 -0.0999	 -0.2283	  0.5117	 -0.0283	 -0.1010	 -0.2314	  0.5210	 -0.0300
 238     	  0.2187	 -0.0717	 -0.1064	 -0.0244	  0.2211	 -0.0727	 -0.1084	 -0.0258
 244     	  0.1496	 -0.1282	 -0.1465	 -0.1425	  0.1513	 -0.1300	 -0.1492	 -0.1510
 254     	 -0.0684	  0.5301	  0.0430	  0.1157	 -0.0691	  0.5375	  0.0438	  0.1226
 259     	 -0.1483	 -0.1476	 -0.4153	  0.1179	 -0.1500	 -0.1497	 -0.4229	  0.1250
 303     	  0.0773	 -0.3788	  0.1326	 -0.0408	  0.0782	 -0.3841	  0.1350	 -0.0432
 307     	  0.2935	  0.1703	 -0.0308	  0.0254	  0.2968	  0.1727	 -0.0314	  0.0269
 308     	 -0.4625	 -0.0462	 -0.0116	  0.0646	 -0.4677	 -0.0468	 -0.0118	  0.0685
 309     	  0.0902	 -0.1754	  0.1631	  0.4802	  0.0913	 -0.1779	  0.1661	  0.5089
 317     	  0.0138	  0.4476	  0.1270	  0.1255	  0.0139	  0.4538	  0.1293	  0.1331
 319     	 -0.1509	  0.0609	 -0.5598	 -0.0731	 -0.1526	  0.0617	 -0.5701	 -0.0774
 331     	  0.5737	  0.0138	 -0.1037	  0.0464	  0.5801	  0.0140	 -0.1056	  0.0491
 343     	  0.1934	  0.1429	  0.0033	  0.1528	  0.1956	  0.1449	  0.0034	  0.1619
 346     	 -0.1892	 -0.2377	 -0.0068	  0.4508	 -0.1913	 -0.2410	 -0.0070	  0.4777
 350     	  0.1126	  0.0396	  0.2121	  0.0224	  0.1138	  0.0402	  0.2160	  0.0237
 1998    	 -0.0075	 -0.0071	  0.0114	  0.0573	 -0.0076	 -0.0072	  0.0116	  0.0607
 1999    	  0.0004	  0.0108	 -0.0012	 -0.1041	  0.0004	  0.0110	 -0.0013	 -0.1103
 2000    	 -0.0282	  0.0360	  0.0223	  0.0407	 -0.0285	  0.0365	  0.0228	  0.0432
 2001    	  0.0184	  0.0005	 -0.0394	 -0.0736	  0.0186	  0.0005	 -0.0402	 -0.0780
 2002    	  0.0078	  0.0021	 -0.0709	 -0.0016	  0.0079	  0.0022	 -0.0722	 -0.0017
 2003    	  0.0352	  0.0053	 -0.0593	 -0.0295	  0.0356	  0.0054	 -0.0603	 -0.0312
 2004    	  0.0002	  0.0080	  0.0116	 -0.0157	  0.0002	  0.0081	  0.0118	 -0.0166
 2005    	  0.0179	 -0.0203	  0.0068	  0.0003	  0.0181	 -0.0205	  0.0069	  0.0003
 2006    	 -0.0541	 -0.1000	  0.0284	  0.0779	 -0.0548	 -0.1014	  0.0289	  0.0825
 2007    	  0.0112	  0.0140	  0.0197	 -0.0215	  0.0113	  0.0142	  0.0200	 -0.0228
 2008    	 -0.0053	  0.0485	  0.0678	  0.0727	 -0.0053	  0.0491	  0.0690	  0.0770
 OrBis   	 -0.3610	 -0.0796	  0.3091	 -0.5953	 -0.3651	 -0.0807	  0.3147	 -0.6309
 ChBis   	  0.2276	  0.0460	 -0.1546	  0.2479	  0.2301	  0.0466	 -0.1574	  0.2627
 bison   	 -0.1352	 -0.0440	  0.2101	 -0.4767	 -0.1367	 -0.0446	  0.2140	 -0.5053
 cattle  	  0.1352	  0.0440	 -0.2101	  0.4767	  0.1367	  0.0446	 -0.2140	  0.5053
 YrsOB   	 -0.2661	  0.0132	  0.2688	 -0.5274	 -0.2691	  0.0134	  0.2737	 -0.5590
 BP5Yrs  	 -0.2231	 -0.2024	 -0.0057	  0.5085	 -0.2256	 -0.2052	 -0.0058	  0.5390
 YrsSLB  	  0.1671	  0.1312	  0.0666	 -0.1923	  0.1690	  0.1331	  0.0678	 -0.2038
 burn    	 -0.1263	 -0.1300	  0.0199	  0.2942	 -0.1277	 -0.1318	  0.0202	  0.3118
 spring  	 -0.1079	 -0.1713	  0.0131	  0.3511	 -0.1091	 -0.1737	  0.0134	  0.3721
 summer  	  0.0007	  0.1461	  0.0148	 -0.0821	  0.0007	  0.1481	  0.0150	 -0.0870
 fall    	 -0.0614	 -0.0329	  0.0070	 -0.0385	 -0.0620	 -0.0334	  0.0071	 -0.0408
 slope   	 -0.2987	  0.0923	  0.3864	  0.5129	 -0.3020	  0.0936	  0.3935	  0.5436
 northnes	  0.2701	 -0.1309	  0.1573	  0.1687	  0.2731	 -0.1327	  0.1602	  0.1788
 eastness	 -0.5924	 -0.2476	  0.1837	 -0.0723	 -0.5990	 -0.2511	  0.1871	 -0.0766
 OM      	 -0.8802	  0.0421	  0.0527	 -0.1105	 -0.8901	  0.0427	  0.0537	 -0.1171
 pH      	 -0.5184	  0.5415	 -0.0362	 -0.3338	 -0.5242	  0.5490	 -0.0368	 -0.3538
 SolS    	 -0.2169	  0.1205	  0.0184	 -0.0931	 -0.2193	  0.1222	  0.0188	 -0.0987
 logP    	  0.0658	 -0.1164	 -0.1077	 -0.1442	  0.0665	 -0.1180	 -0.1097	 -0.1528
 logCa   	 -0.8518	  0.2825	 -0.1511	 -0.2146	 -0.8613	  0.2865	 -0.1539	 -0.2274
 logFe   	  0.5021	  0.2924	  0.4869	  0.3697	  0.5077	  0.2964	  0.4958	  0.3919
 logMg   	 -0.7232	  0.0895	  0.2275	 -0.1441	 -0.7313	  0.0908	  0.2317	 -0.1527
 logK    	 -0.5726	 -0.0710	 -0.3091	 -0.1560	 -0.5790	 -0.0720	 -0.3148	 -0.1654
 logNa   	 -0.2470	  0.2921	  0.1652	  0.0425	 -0.2498	  0.2962	  0.1683	  0.0450
 logB    	 -0.5664	  0.4152	  0.0625	 -0.0164	 -0.5728	  0.4210	  0.0637	 -0.0174
 logMn   	 -0.3458	  0.3773	 -0.2310	 -0.4681	 -0.3497	  0.3825	 -0.2352	 -0.4962
 logCu   	 -0.6946	  0.2478	  0.1533	 -0.1788	 -0.7024	  0.2513	  0.1561	 -0.1895
 logZn   	  0.0717	 -0.2275	  0.1219	 -0.2376	  0.0725	 -0.2306	  0.1242	 -0.2518
 logAl   	  0.1098	 -0.4567	  0.1345	  0.2642	  0.1111	 -0.4631	  0.1370	  0.2801
 PDSIavg 	 -0.0036	  0.0424	  0.0225	 -0.0273	 -0.0036	  0.0430	  0.0230	 -0.0290
 SodTemp 	 -0.0203	 -0.0412	  0.0152	  0.0735	 -0.0206	 -0.0418	  0.0154	  0.0779
 SPI1    	  0.0091	  0.0615	  0.0461	  0.0093	  0.0092	  0.0624	  0.0469	  0.0099
 SPI12   	  0.0017	  0.0648	  0.0647	 -0.0260	  0.0017	  0.0657	  0.0659	 -0.0275
 SPI24   	 -0.0176	  0.0658	  0.0481	  0.0018	 -0.0178	  0.0667	  0.0490	  0.0019

         	SPEC AX1	SPEC AX2	SPEC AX3	SPEC AX4	ENVI AX1	ENVI AX2	ENVI AX3	ENVI AX4

 205     	  1.0000
 206     	 -0.0543	  1.0000
 208     	 -0.0514	 -0.0541	  1.0000
 220     	 -0.0526	 -0.0554	 -0.0525	  1.0000
 222     	 -0.0567	 -0.0597	 -0.0565	 -0.0579	  1.0000
 226     	 -0.0538	 -0.0567	 -0.0537	 -0.0549	 -0.0592	  1.0000
 238     	 -0.0548	 -0.0577	 -0.0546	 -0.0559	 -0.0602	 -0.0572	  1.0000
 244     	 -0.0544	 -0.0573	 -0.0542	 -0.0555	 -0.0598	 -0.0568	 -0.0578	  1.0000
 254     	 -0.0459	 -0.0483	 -0.0457	 -0.0468	 -0.0504	 -0.0479	 -0.0487	 -0.0484
 259     	 -0.0475	 -0.0500	 -0.0474	 -0.0485	 -0.0523	 -0.0496	 -0.0505	 -0.0502
 303     	 -0.0551	 -0.0580	 -0.0549	 -0.0562	 -0.0606	 -0.0575	 -0.0585	 -0.0581
 307     	 -0.0543	 -0.0572	 -0.0541	 -0.0554	 -0.0597	 -0.0567	 -0.0577	 -0.0573
 308     	 -0.0479	 -0.0505	 -0.0478	 -0.0489	 -0.0527	 -0.0501	 -0.0509	 -0.0506
 309     	 -0.0523	 -0.0551	 -0.0522	 -0.0534	 -0.0575	 -0.0546	 -0.0556	 -0.0552
 317     	 -0.0532	 -0.0560	 -0.0530	 -0.0543	 -0.0585	 -0.0555	 -0.0565	 -0.0561
 319     	 -0.0515	 -0.0543	 -0.0514	 -0.0526	 -0.0567	 -0.0538	 -0.0548	 -0.0544
 331     	 -0.0494	 -0.0520	 -0.0492	 -0.0504	 -0.0543	 -0.0516	 -0.0525	 -0.0521
 343     	 -0.0511	 -0.0538	 -0.0510	 -0.0522	 -0.0562	 -0.0534	 -0.0543	 -0.0540
 346     	 -0.0497	 -0.0524	 -0.0496	 -0.0508	 -0.0547	 -0.0519	 -0.0529	 -0.0525
 350     	 -0.0531	 -0.0559	 -0.0529	 -0.0542	 -0.0584	 -0.0554	 -0.0564	 -0.0560
 1998    	 -0.0091	 -0.0017	  0.0045	 -0.0115	 -0.0022	  0.0002	  0.0054	  0.0021
 1999    	  0.0066	  0.0004	  0.0092	 -0.0067	 -0.0102	 -0.0129	 -0.0085	 -0.0004
 2000    	 -0.0015	 -0.0063	  0.0041	  0.0055	 -0.0051	 -0.0037	  0.0024	 -0.0081
 2001    	 -0.0004	 -0.0062	 -0.0012	  0.0012	  0.0002	 -0.0049	  0.0032	 -0.0008
 2002    	  0.0099	 -0.0006	  0.0010	 -0.0107	  0.0007	  0.0016	  0.0010	 -0.0012
 2003    	  0.0031	  0.0008	 -0.0038	 -0.0055	  0.0074	 -0.0054	  0.0010	  0.0017
 2004    	 -0.0024	  0.0057	  0.0017	 -0.0011	  0.0039	  0.0218	 -0.0014	  0.0054
 2005    	  0.0097	  0.0002	 -0.0127	  0.0161	 -0.0016	 -0.0109	  0.0004	 -0.0069
 2006    	 -0.0021	  0.0031	  0.0020	 -0.0044	 -0.0019	  0.0092	 -0.0039	  0.0005
 2007    	 -0.0139	  0.0054	 -0.0040	  0.0116	  0.0044	  0.0039	  0.0007	  0.0082
 2008    	 -0.0001	 -0.0017	  0.0011	  0.0026	  0.0029	 -0.0001	  0.0000	 -0.0010
 OrBis   	  0.3350	  0.3528	  0.3340	  0.3420	  0.3685	  0.3498	 -0.1635	 -0.1624
 ChBis   	 -0.1684	 -0.1774	 -0.1679	 -0.1719	 -0.1852	 -0.1759	  0.3252	  0.3230
 bison   	  0.1996	  0.2102	  0.1990	  0.2038	  0.2195	  0.2084	  0.1748	  0.1754
 cattle  	 -0.1996	 -0.2102	 -0.1990	 -0.2038	 -0.2195	 -0.2084	 -0.1748	 -0.1754
 YrsOB   	  0.3336	  0.2155	  0.3286	  0.3526	  0.2257	  0.2284	 -0.1099	  0.0641
 BP5Yrs  	 -0.2266	 -0.0831	 -0.1324	 -0.0895	 -0.1269	 -0.1558	 -0.0082	 -0.1663
 YrsSLB  	  0.2689	 -0.0247	  0.0366	 -0.0230	  0.0482	  0.0583	 -0.0575	  0.1210
 burn    	 -0.0905	 -0.0313	 -0.0847	 -0.0207	 -0.0984	 -0.0861	 -0.0024	 -0.0873
 spring  	 -0.1464	 -0.0024	 -0.1459	  0.0079	 -0.1133	 -0.1007	 -0.0249	 -0.1545
 summer  	  0.1173	 -0.0368	 -0.0348	 -0.0357	 -0.0384	 -0.0365	 -0.0371	  0.1012
 fall    	  0.0317	 -0.0455	  0.1704	 -0.0441	  0.0568	  0.0556	  0.0858	  0.0733
 slope   	 -0.0595	 -0.3117	  0.1764	  0.0599	 -0.1955	  0.0613	  0.1880	 -0.3124
 northnes	 -0.2665	  0.2355	 -0.0271	 -0.3018	 -0.1423	 -0.1543	 -0.2844	  0.3021
 eastness	  0.0833	  0.1684	  0.2964	 -0.1022	  0.2872	  0.2596	 -0.2622	 -0.1588
 OM      	  0.2616	  0.0402	  0.1837	  0.1643	  0.0292	  0.1088	 -0.1968	 -0.2416
 pH      	  0.3060	  0.1142	  0.5210	  0.3460	 -0.0977	 -0.1706	 -0.0743	 -0.0986
 SolS    	  0.2512	 -0.0056	  0.1645	  0.0041	 -0.0511	 -0.0067	 -0.0638	 -0.0226
 logP    	  0.1662	  0.0316	 -0.0732	 -0.0526	 -0.0074	  0.0301	 -0.0714	 -0.0770
 logCa   	  0.2574	  0.0799	  0.2809	  0.1710	 -0.0167	 -0.0494	 -0.1487	 -0.1493
 logFe   	 -0.1764	 -0.1540	 -0.3498	  0.0665	 -0.1342	  0.2077	  0.0906	 -0.0658
 logMg   	  0.2945	  0.0869	  0.2762	  0.1142	  0.0253	  0.1711	 -0.2732	  0.0181
 logK    	  0.1665	  0.0241	  0.1352	 -0.0951	  0.1744	 -0.1196	 -0.3032	  0.0180
 logNa   	  0.1114	 -0.0086	  0.7381	  0.0010	 -0.1450	 -0.0610	 -0.1640	 -0.1316
 logB    	  0.1461	 -0.0537	  0.4487	  0.0563	 -0.0950	 -0.0406	 -0.0710	 -0.1091
 logMn   	  0.1487	  0.1624	  0.2689	  0.1829	  0.1208	 -0.1201	 -0.2194	 -0.3026
 logCu   	  0.3166	  0.0085	  0.1790	  0.1719	  0.0987	  0.0448	 -0.1453	 -0.2473
 logZn   	  0.0564	  0.2405	 -0.2677	 -0.0957	  0.0584	  0.2813	 -0.0323	 -0.0501
 logAl   	  0.0768	 -0.1830	 -0.3152	 -0.1784	  0.0164	  0.1135	  0.0260	  0.1295
 PDSIavg 	  0.0018	 -0.0060	  0.0065	 -0.0009	 -0.0099	 -0.0132	  0.0003	 -0.0066
 SodTemp 	  0.0012	 -0.0002	 -0.0053	  0.0047	  0.0014	  0.0127	  0.0033	 -0.0021
 SPI1    	  0.0011	  0.0025	 -0.0024	  0.0126	  0.0012	 -0.0053	 -0.0027	 -0.0017
 SPI12   	 -0.0040	  0.0009	  0.0043	  0.0077	 -0.0039	 -0.0059	 -0.0034	 -0.0002
 SPI24   	  0.0032	 -0.0062	  0.0074	  0.0037	 -0.0093	 -0.0072	 -0.0006	 -0.0077

         	205     	206     	208     	220     	222     	226     	238     	244     

 254     	  1.0000
 259     	 -0.0423	  1.0000
 303     	 -0.0490	 -0.0508	  1.0000
 307     	 -0.0483	 -0.0501	 -0.0580	  1.0000
 308     	 -0.0427	 -0.0442	 -0.0512	 -0.0505	  1.0000
 309     	 -0.0465	 -0.0482	 -0.0559	 -0.0551	 -0.0487	  1.0000
 317     	 -0.0473	 -0.0490	 -0.0568	 -0.0560	 -0.0494	 -0.0539	  1.0000
 319     	 -0.0458	 -0.0475	 -0.0551	 -0.0543	 -0.0479	 -0.0523	 -0.0531	  1.0000
 331     	 -0.0439	 -0.0455	 -0.0528	 -0.0520	 -0.0459	 -0.0501	 -0.0509	 -0.0494
 343     	 -0.0455	 -0.0471	 -0.0546	 -0.0539	 -0.0475	 -0.0519	 -0.0527	 -0.0511
 346     	 -0.0443	 -0.0459	 -0.0532	 -0.0524	 -0.0463	 -0.0505	 -0.0513	 -0.0497
 350     	 -0.0472	 -0.0489	 -0.0567	 -0.0559	 -0.0493	 -0.0538	 -0.0547	 -0.0530
 1998    	  0.0067	  0.0035	  0.0018	  0.0037	 -0.0062	  0.0058	 -0.0041	 -0.0068
 1999    	 -0.0019	  0.0067	  0.0035	  0.0047	  0.0055	  0.0115	 -0.0031	 -0.0019
 2000    	  0.0052	 -0.0016	  0.0062	  0.0016	  0.0067	  0.0116	 -0.0079	 -0.0047
 2001    	 -0.0073	  0.0039	  0.0024	  0.0026	 -0.0026	 -0.0005	  0.0003	  0.0004
 2002    	  0.0015	 -0.0032	  0.0108	 -0.0077	  0.0015	  0.0028	 -0.0089	  0.0014
 2003    	 -0.0012	 -0.0006	 -0.0044	 -0.0001	 -0.0005	 -0.0034	  0.0105	  0.0027
 2004    	 -0.0100	 -0.0008	 -0.0061	 -0.0053	  0.0038	 -0.0087	  0.0065	  0.0019
 2005    	  0.0053	  0.0005	 -0.0060	  0.0052	  0.0029	 -0.0055	  0.0033	 -0.0004
 2006    	  0.0039	 -0.0018	 -0.0027	 -0.0062	 -0.0011	 -0.0089	  0.0015	  0.0068
 2007    	 -0.0022	 -0.0048	 -0.0042	 -0.0007	 -0.0090	  0.0014	 -0.0015	 -0.0015
 2008    	  0.0011	 -0.0010	  0.0001	  0.0024	 -0.0008	 -0.0038	  0.0019	  0.0010
 OrBis   	 -0.1369	 -0.1418	 -0.1644	 -0.1621	 -0.1431	 -0.1562	 -0.1587	 -0.1538
 ChBis   	 -0.1498	  0.2822	 -0.1800	  0.3225	 -0.1566	 -0.1709	  0.3156	 -0.1683
 bison   	 -0.2298	 -0.0352	 -0.2760	  0.0456	 -0.2402	 -0.2621	  0.0595	 -0.2581
 cattle  	  0.2298	  0.0352	  0.2760	 -0.0456	  0.2402	  0.2621	 -0.0595	  0.2581
 YrsOB   	 -0.1652	 -0.1245	 -0.1984	 -0.0640	 -0.1727	 -0.1884	 -0.0582	 -0.1856
 BP5Yrs  	  0.1190	  0.0746	  0.2154	 -0.0328	  0.4243	  0.4684	 -0.0229	 -0.0272
 YrsSLB  	 -0.0902	 -0.0793	 -0.1624	 -0.0307	 -0.1780	 -0.1930	 -0.0388	 -0.0526
 burn    	  0.0833	  0.0475	  0.1363	 -0.0379	  0.2465	  0.2618	 -0.0426	 -0.0473
 spring  	  0.0254	  0.0765	  0.1738	 -0.0651	  0.2854	  0.3039	 -0.0148	 -0.0206
 summer  	  0.2344	 -0.0322	 -0.0374	  0.1322	 -0.0325	 -0.0355	 -0.0360	 -0.0349
 fall    	 -0.0384	 -0.0398	 -0.0461	 -0.0455	 -0.0402	 -0.0438	 -0.0445	 -0.0432
 slope   	  0.1574	 -0.1639	  0.0627	 -0.0627	  0.3844	  0.5395	  0.1825	 -0.2958
 northnes	 -0.2285	 -0.2627	  0.3107	  0.3015	  0.2552	  0.2398	  0.2356	 -0.2886
 eastness	  0.0954	  0.0186	 -0.0817	 -0.1585	  0.0398	  0.1406	 -0.3285	  0.0006
 OM      	  0.0364	  0.1605	 -0.1431	 -0.1839	  0.4741	 -0.0936	 -0.0336	  0.0965
 pH      	  0.3012	 -0.0327	 -0.2008	 -0.1663	  0.0685	 -0.2958	  0.2035	 -0.0065
 SolS    	  0.0686	 -0.0307	 -0.0930	 -0.0377	  0.0408	  0.0005	  0.0285	 -0.0169
 logP    	 -0.0110	 -0.0102	 -0.0149	 -0.0935	  0.0814	 -0.0285	 -0.1383	  0.1017
 logCa   	  0.1803	  0.2296	 -0.1845	 -0.2159	  0.2964	 -0.2855	  0.1484	  0.2140
 logFe   	  0.2409	 -0.3612	 -0.2287	  0.2703	 -0.1402	  0.2725	  0.1277	 -0.2751
 logMg   	 -0.0032	 -0.0757	 -0.2263	  0.0180	  0.1905	 -0.0226	 -0.0294	 -0.0232
 logK    	  0.0725	  0.2388	  0.0358	 -0.1864	  0.2677	 -0.1676	 -0.1479	  0.2443
 logNa   	  0.0024	 -0.1397	 -0.2117	  0.0048	 -0.0608	  0.1815	 -0.0106	 -0.1417
 logB    	  0.2630	 -0.0169	 -0.1039	 -0.0304	  0.2011	 -0.1078	  0.2020	 -0.0095
 logMn   	  0.1689	  0.3423	  0.0429	 -0.0462	  0.0826	 -0.4176	  0.0839	  0.1651
 logCu   	  0.2194	 -0.0656	 -0.1240	 -0.1068	  0.2861	 -0.0968	 -0.0318	  0.0893
 logZn   	  0.0271	 -0.1141	  0.1002	 -0.2111	  0.2121	 -0.2561	 -0.2178	 -0.0074
 logAl   	 -0.3254	  0.2108	  0.1721	  0.0901	  0.0200	  0.4628	 -0.1346	 -0.1565
 PDSIavg 	  0.0038	  0.0069	  0.0038	  0.0096	  0.0064	  0.0145	 -0.0049	 -0.0085
 SodTemp 	  0.0008	 -0.0028	  0.0002	 -0.0050	 -0.0010	 -0.0108	 -0.0026	  0.0027
 SPI1    	  0.0024	 -0.0034	 -0.0034	  0.0032	  0.0041	  0.0037	  0.0020	 -0.0017
 SPI12   	 -0.0003	  0.0023	 -0.0035	  0.0075	  0.0041	  0.0089	  0.0013	 -0.0053
 SPI24   	  0.0025	  0.0032	  0.0076	  0.0058	  0.0084	  0.0135	 -0.0094	 -0.0067

         	254     	259     	303     	307     	308     	309     	317     	319     

 331     	  1.0000
 343     	 -0.0490	  1.0000
 346     	 -0.0477	 -0.0493	  1.0000
 350     	 -0.0508	 -0.0526	 -0.0512	  1.0000
 1998    	  0.0060	 -0.0046	  0.0100	 -0.0023	  1.0000
 1999    	  0.0053	 -0.0032	  0.0053	 -0.0074	 -0.0826	  1.0000
 2000    	  0.0004	 -0.0051	  0.0092	 -0.0070	 -0.0827	 -0.0896	  1.0000
 2001    	 -0.0018	 -0.0010	  0.0085	  0.0037	 -0.0878	 -0.0951	 -0.0952	  1.0000
 2002    	 -0.0013	  0.0088	 -0.0029	 -0.0044	 -0.0858	 -0.0930	 -0.0931	 -0.0988
 2003    	 -0.0019	 -0.0001	 -0.0008	 -0.0003	 -0.0884	 -0.0958	 -0.0959	 -0.1018
 2004    	 -0.0057	 -0.0012	 -0.0046	 -0.0057	 -0.0911	 -0.0987	 -0.0987	 -0.1049
 2005    	 -0.0046	 -0.0012	 -0.0027	  0.0097	 -0.0919	 -0.0995	 -0.0996	 -0.1058
 2006    	 -0.0006	  0.0022	 -0.0058	  0.0106	 -0.0864	 -0.0936	 -0.0937	 -0.0995
 2007    	  0.0034	  0.0042	 -0.0081	  0.0040	 -0.0940	 -0.1019	 -0.1020	 -0.1083
 2008    	  0.0018	  0.0003	 -0.0053	 -0.0021	 -0.0925	 -0.1002	 -0.1003	 -0.1065
 OrBis   	 -0.1474	 -0.1526	 -0.1485	 -0.1584	 -0.0095	 -0.0070	 -0.0036	 -0.0056
 ChBis   	 -0.1614	 -0.1670	  0.2954	  0.3150	  0.0082	 -0.0017	 -0.0055	  0.0096
 bison   	 -0.2474	 -0.2561	 -0.0478	  0.0584	 -0.1477	 -0.0951	 -0.0905	 -0.0938
 cattle  	  0.2474	  0.2561	  0.0478	 -0.0584	  0.1477	  0.0951	  0.0905	  0.0938
 YrsOB   	 -0.1779	 -0.1841	 -0.1329	 -0.0568	 -0.1629	 -0.1503	 -0.1200	 -0.0984
 BP5Yrs  	 -0.1946	 -0.1724	  0.1997	 -0.0063	  0.1061	  0.0488	  0.0302	  0.0144
 YrsSLB  	  0.2119	  0.3693	 -0.1116	 -0.0815	 -0.0626	 -0.0232	  0.0014	 -0.0780
 burn    	 -0.0706	 -0.1349	  0.0945	  0.0010	  0.0742	 -0.0401	  0.0705	  0.0979
 spring  	 -0.0463	 -0.1128	  0.0809	  0.0308	  0.0876	 -0.0039	  0.0430	  0.1097
 summer  	 -0.0335	 -0.0347	 -0.0337	 -0.0360	 -0.0425	 -0.0461	 -0.0461	 -0.0489
 fall    	 -0.0414	 -0.0428	  0.0729	 -0.0444	  0.0105	 -0.0569	  0.1146	  0.0225
 slope   	 -0.1703	 -0.1763	  0.1707	 -0.1829	  0.0060	  0.0087	  0.0197	  0.0004
 northnes	 -0.0087	  0.1590	 -0.1512	  0.0174	  0.0023	  0.0090	 -0.0013	 -0.0020
 eastness	 -0.4456	 -0.3976	  0.2332	  0.3065	  0.0017	 -0.0003	  0.0036	 -0.0007
 OM      	 -0.5236	 -0.1684	  0.0894	 -0.0015	  0.0623	  0.0041	  0.1206	 -0.0073
 pH      	 -0.1978	 -0.1794	 -0.1012	 -0.1810	 -0.0658	 -0.0309	 -0.0680	  0.0194
 SolS    	 -0.1101	 -0.0486	 -0.0148	 -0.0365	  0.4144	  0.2384	 -0.0277	 -0.2036
 logP    	  0.3491	 -0.0805	 -0.0713	 -0.0004	 -0.0252	  0.1291	  0.2058	  0.3195
 logCa   	 -0.5533	 -0.1972	  0.0448	 -0.0346	  0.0346	 -0.0305	  0.0662	 -0.0686
 logFe   	  0.1983	  0.2207	  0.0070	  0.1783	  0.1038	 -0.0134	  0.1775	 -0.1131
 logMg   	 -0.7390	 -0.0230	  0.1146	  0.0993	  0.0535	 -0.0702	  0.0288	 -0.0558
 logK    	 -0.2631	 -0.0192	  0.1631	 -0.1775	  0.0137	  0.5277	  0.0175	 -0.1419
 logNa   	 -0.1549	 -0.1007	 -0.0252	  0.3305	 -0.0229	  0.0109	  0.0054	 -0.1793
 logB    	 -0.4137	 -0.1082	 -0.0082	 -0.0993	  0.0261	 -0.0791	  0.0821	  0.0837
 logMn   	 -0.1033	  0.0128	 -0.4802	 -0.0501	  0.0740	  0.0568	  0.0830	 -0.0631
 logCu   	 -0.5010	 -0.0764	 -0.0492	  0.0645	  0.1827	 -0.0867	  0.2022	 -0.1239
 logZn   	  0.3443	 -0.0073	 -0.1372	  0.0822	  0.1635	  0.0177	  0.1899	 -0.1197
 logAl   	 -0.1757	  0.0955	  0.0043	  0.0082	  0.1143	 -0.0134	  0.1741	 -0.1096
 PDSIavg 	  0.0038	 -0.0106	  0.0161	 -0.0095	  0.4022	  0.4647	  0.4906	 -0.0103
 SodTemp 	 -0.0055	  0.0038	 -0.0047	  0.0080	  0.0212	 -0.5630	 -0.1370	  0.2225
 SPI1    	  0.0009	 -0.0010	 -0.0067	 -0.0051	 -0.3596	  0.1551	  0.3272	 -0.6401
 SPI12   	  0.0042	 -0.0073	  0.0026	 -0.0090	 -0.0164	  0.4862	  0.3362	 -0.4009
 SPI24   	  0.0026	 -0.0064	  0.0100	 -0.0115	  0.0326	  0.3500	  0.6259	 -0.0503

         	331     	343     	346     	350     	1998    	1999    	2000    	2001    

 2002    	  1.0000
 2003    	 -0.0996	  1.0000
 2004    	 -0.1025	 -0.1057	  1.0000
 2005    	 -0.1034	 -0.1066	 -0.1098	  1.0000
 2006    	 -0.0972	 -0.1002	 -0.1032	 -0.1041	  1.0000
 2007    	 -0.1058	 -0.1091	 -0.1123	 -0.1133	 -0.1065	  1.0000
 2008    	 -0.1041	 -0.1073	 -0.1105	 -0.1115	 -0.1048	 -0.1141	  1.0000
 OrBis   	  0.0008	 -0.0014	  0.0145	  0.0003	  0.0028	  0.0039	  0.0024	  1.0000
 ChBis   	 -0.0125	  0.0053	 -0.0026	  0.0044	 -0.0023	 -0.0005	 -0.0021	 -0.5027
 bison   	  0.0025	  0.0160	  0.0813	  0.0755	  0.0671	  0.0758	  0.0716	  0.5958
 cattle  	 -0.0025	 -0.0160	 -0.0813	 -0.0755	 -0.0671	 -0.0758	 -0.0716	 -0.5958
 YrsOB   	 -0.0577	 -0.0158	  0.0416	  0.0567	  0.0974	  0.1577	  0.1996	  0.8041
 BP5Yrs  	  0.0379	 -0.0130	 -0.0093	  0.0207	 -0.0417	 -0.0967	 -0.0733	 -0.3892
 YrsSLB  	 -0.0527	  0.0207	  0.0827	 -0.0196	 -0.0022	  0.0884	  0.0278	  0.1716
 burn    	 -0.0082	 -0.0451	 -0.0388	  0.1195	 -0.0621	 -0.1680	  0.0148	 -0.1978
 spring  	 -0.0328	 -0.0065	  0.0014	 -0.0437	 -0.0253	 -0.1327	  0.0222	 -0.2392
 summer  	  0.1455	 -0.0493	 -0.0508	  0.1700	 -0.0482	 -0.0524	  0.0575	 -0.0335
 fall    	 -0.0591	 -0.0609	 -0.0627	  0.2802	 -0.0595	 -0.0648	 -0.0637	  0.1064
 slope   	  0.0006	 -0.0044	 -0.0052	 -0.0022	 -0.0093	 -0.0092	 -0.0023	 -0.1386
 northnes	  0.0013	  0.0010	 -0.0002	 -0.0078	 -0.0029	  0.0028	 -0.0013	 -0.3113
 eastness	  0.0014	 -0.0030	  0.0048	 -0.0033	  0.0050	 -0.0050	 -0.0034	  0.4806
 OM      	  0.1284	 -0.1315	 -0.0302	  0.0009	  0.0590	 -0.0382	 -0.1420	  0.3715
 pH      	  0.0215	 -0.0086	 -0.0097	 -0.0033	  0.0156	  0.0308	  0.0826	  0.4714
 SolS    	  0.1001	  0.1562	  0.1408	  0.0816	  0.0244	 -0.3093	 -0.5246	  0.1632
 logP    	  0.0418	  0.1381	 -0.1710	  0.1024	  0.2335	 -0.3000	 -0.6126	  0.0446
 logCa   	  0.0528	  0.0019	  0.0658	  0.0789	 -0.0591	 -0.0347	 -0.1003	  0.3375
 logFe   	  0.0956	  0.0280	  0.0112	 -0.0526	 -0.1600	 -0.0948	  0.0420	 -0.2553
 logMg   	  0.0690	 -0.0271	  0.1221	  0.0992	 -0.0921	  0.0170	 -0.1425	  0.4569
 logK    	  0.0095	 -0.0144	 -0.0702	 -0.0095	 -0.0662	 -0.1230	 -0.1016	  0.1373
 logNa   	  0.0039	  0.1311	  0.0639	  0.0608	 -0.1171	  0.0124	  0.0210	  0.2874
 logB    	  0.0165	 -0.1338	  0.0072	  0.0258	 -0.0269	 -0.1548	  0.1578	  0.2088
 logMn   	  0.0551	  0.0132	 -0.0994	 -0.0439	 -0.0859	 -0.0327	  0.0616	  0.3626
 logCu   	  0.0014	 -0.0727	  0.1098	 -0.0022	 -0.0385	 -0.1199	 -0.0217	  0.3874
 logZn   	  0.2060	  0.0660	 -0.1789	 -0.1080	  0.0582	 -0.0516	 -0.1900	  0.1394
 logAl   	  0.0082	  0.0388	  0.1713	  0.1240	 -0.2771	 -0.1456	 -0.0669	 -0.2209
 PDSIavg 	 -0.3503	 -0.1480	 -0.0149	  0.1393	 -0.4071	 -0.3684	 -0.0967	 -0.0109
 SodTemp 	  0.3005	 -0.6029	  0.2308	  0.3218	  0.2747	 -0.1558	  0.0555	  0.0071
 SPI1    	 -0.1930	  0.1941	 -0.0217	  0.1725	 -0.3405	  0.2959	  0.3466	  0.0046
 SPI12   	 -0.5665	  0.0157	  0.1429	 -0.0033	 -0.4007	  0.1710	  0.2343	 -0.0006
 SPI24   	 -0.0655	 -0.5183	  0.0519	  0.0349	 -0.4033	 -0.2688	  0.2599	 -0.0045

         	2002    	2003    	2004    	2005    	2006    	2007    	2008    	OrBis   

 ChBis   	  1.0000
 bison   	  0.2069	  1.0000
 cattle  	 -0.2069	 -1.0000	  1.0000
 YrsOB   	 -0.2159	  0.7189	 -0.7189	  1.0000
 BP5Yrs  	  0.0068	 -0.4855	  0.4855	 -0.4391	  1.0000
 YrsSLB  	 -0.1224	  0.1575	 -0.1575	  0.1705	 -0.6760	  1.0000
 burn    	 -0.0185	 -0.3090	  0.3090	 -0.2264	  0.5733	 -0.6346	  1.0000
 spring  	 -0.0410	 -0.4017	  0.4017	 -0.2724	  0.5979	 -0.5754	  0.8754	  1.0000
 summer  	  0.0311	  0.0314	 -0.0314	  0.0404	  0.0016	 -0.0972	  0.2090	 -0.0993
 fall    	  0.0280	  0.1672	 -0.1672	  0.0540	  0.0067	 -0.1435	  0.2582	 -0.1226
 slope   	 -0.0822	 -0.2001	  0.2001	 -0.1573	  0.5871	 -0.3204	  0.3330	  0.3454
 northnes	  0.0913	 -0.1957	  0.1957	 -0.2259	  0.2306	 -0.0625	  0.1143	  0.1516
 eastness	 -0.1758	  0.2651	 -0.2651	  0.3471	  0.1715	 -0.2381	  0.0956	  0.0655
 OM      	 -0.2051	  0.1123	 -0.1123	  0.2230	  0.2049	 -0.1622	  0.1165	  0.1095
 pH      	 -0.2081	  0.3120	 -0.3120	  0.5084	 -0.1902	  0.0122	 -0.0840	 -0.1321
 SolS    	 -0.0820	  0.0261	 -0.0261	 -0.0818	  0.0772	 -0.0670	  0.0253	 -0.0202
 logP    	 -0.2145	 -0.2142	  0.2142	 -0.2229	  0.0231	 -0.0461	  0.1103	  0.0834
 logCa   	 -0.0750	  0.2110	 -0.2110	  0.2848	  0.0719	 -0.1369	  0.0354	 -0.0083
 logFe   	  0.1333	 -0.1500	  0.1500	 -0.2669	  0.0296	  0.0851	  0.0198	  0.0186
 logMg   	 -0.0623	  0.3519	 -0.3519	  0.4296	  0.0614	 -0.0580	  0.0087	 -0.0560
 logK    	 -0.2036	 -0.1418	  0.1418	 -0.0503	  0.1586	 -0.0913	  0.0841	  0.0742
 logNa   	 -0.0596	  0.2388	 -0.2388	  0.3358	 -0.0237	 -0.0060	 -0.0238	 -0.0684
 logB    	 -0.0628	  0.1253	 -0.1253	  0.2043	  0.0865	 -0.0676	  0.0204	 -0.0225
 logMn   	 -0.3203	  0.0540	 -0.0540	  0.2230	 -0.2148	  0.0496	 -0.1048	 -0.0997
 logCu   	 -0.2708	  0.1122	 -0.1122	  0.2783	  0.1092	 -0.1031	  0.0984	  0.0606
 logZn   	 -0.3096	 -0.1225	  0.1225	 -0.1079	 -0.1147	  0.0892	 -0.0207	  0.0037
 logAl   	  0.1479	 -0.1181	  0.1181	 -0.2365	  0.3043	 -0.0397	  0.1768	  0.1824
 PDSIavg 	  0.0048	 -0.1863	  0.1863	 -0.2565	  0.1200	 -0.0522	  0.1429	  0.1065
 SodTemp 	 -0.0025	  0.0791	 -0.0791	  0.0999	 -0.0031	 -0.0309	  0.0907	  0.0160
 SPI1    	 -0.0064	  0.0973	 -0.0973	  0.1434	 -0.0689	  0.1045	 -0.0741	 -0.1033
 SPI12   	  0.0004	 -0.0225	  0.0225	 -0.0003	 -0.0118	  0.0779	 -0.0346	 -0.0190
 SPI24   	 -0.0052	 -0.1104	  0.1104	 -0.1302	  0.0611	 -0.0223	  0.1158	  0.0712

         	ChBis   	bison   	cattle  	YrsOB   	BP5Yrs  	YrsSLB  	burn    	spring  

 summer  	  1.0000
 fall    	 -0.0293	  1.0000
 slope   	 -0.0193	  0.0252	  1.0000
 northnes	 -0.0092	 -0.0711	  0.0944	  1.0000
 eastness	 -0.0097	  0.0941	  0.1218	 -0.2249	  1.0000
 OM      	 -0.0112	  0.0406	  0.2554	 -0.2615	  0.5495	  1.0000
 pH      	  0.0913	  0.0344	  0.1167	 -0.3164	  0.1648	  0.4705	  1.0000
 SolS    	 -0.0195	  0.1317	  0.0864	 -0.0810	  0.1314	  0.3065	  0.1885	  1.0000
 logP    	  0.0182	  0.0651	 -0.1083	 -0.1006	 -0.0403	  0.0798	 -0.0839	  0.3646
 logCa   	  0.0451	  0.0758	  0.0944	 -0.3605	  0.4427	  0.8194	  0.6849	  0.3346
 logFe   	  0.1057	 -0.0813	  0.2248	  0.1584	 -0.2721	 -0.3628	 -0.3519	 -0.0105
 logMg   	  0.0566	  0.1151	  0.1443	 -0.0575	  0.6218	  0.7194	  0.4203	  0.3348
 logK    	  0.0225	  0.0165	 -0.0891	 -0.1510	  0.3286	  0.5321	  0.2421	  0.3393
 logNa   	 -0.0173	  0.1219	  0.2519	  0.0173	  0.4546	  0.2084	  0.4148	  0.2593
 logB    	  0.0374	  0.0782	  0.3166	 -0.1039	  0.2754	  0.5122	  0.5924	  0.1924
 logMn   	  0.0401	 -0.0579	 -0.2728	 -0.2411	  0.0629	  0.4142	  0.5545	  0.1516
 logCu   	  0.0682	  0.0497	  0.1937	 -0.2651	  0.4734	  0.6926	  0.4735	  0.3429
 logZn   	 -0.0255	 -0.0420	 -0.2495	 -0.0249	 -0.0073	  0.1346	 -0.1731	  0.2012
 logAl   	 -0.0168	  0.0209	  0.1561	  0.2434	  0.0053	 -0.1221	 -0.5824	  0.0806
 PDSIavg 	 -0.0435	  0.1431	  0.0217	  0.0028	  0.0017	  0.0596	 -0.0977	  0.3401
 SodTemp 	  0.1225	  0.0960	 -0.0071	 -0.0085	  0.0034	  0.0965	  0.0385	 -0.1346
 SPI1    	  0.0343	  0.0356	  0.0035	  0.0013	 -0.0045	 -0.0974	  0.0093	 -0.2277
 SPI12   	 -0.0775	  0.0207	  0.0102	  0.0049	 -0.0023	 -0.0886	 -0.0369	 -0.0327
 SPI24   	  0.0209	  0.1074	  0.0211	  0.0016	  0.0021	  0.0799	 -0.0436	 -0.0447

         	summer  	fall    	slope   	northnes	eastness	OM      	pH      	SolS    

 logP    	  1.0000
 logCa   	 -0.0505	  1.0000
 logFe   	 -0.0597	 -0.4699	  1.0000
 logMg   	 -0.1643	  0.7287	 -0.1890	  1.0000
 logK    	  0.1613	  0.5315	 -0.4734	  0.3530	  1.0000
 logNa   	 -0.1666	  0.2977	 -0.0280	  0.4733	  0.0241	  1.0000
 logB    	 -0.1412	  0.6183	 -0.1699	  0.4979	  0.2177	  0.3790	  1.0000
 logMn   	  0.0409	  0.5654	 -0.3615	  0.1773	  0.3900	  0.1332	  0.3656	  1.0000
 logCu   	 -0.0285	  0.7258	 -0.1129	  0.6927	  0.3518	  0.3131	  0.5352	  0.4337
 logZn   	  0.4625	 -0.1008	  0.1425	 -0.1826	  0.1362	 -0.2924	 -0.2331	  0.1866
 logAl   	 -0.0578	 -0.2079	  0.2076	  0.0972	 -0.0344	 -0.0940	 -0.2155	 -0.3358
 PDSIavg 	  0.1843	  0.0644	  0.1600	  0.0369	  0.3121	  0.0256	  0.0753	  0.1036
 SodTemp 	 -0.0288	  0.0293	 -0.0629	  0.0778	 -0.3146	 -0.1127	  0.1575	 -0.0905
 SPI1    	 -0.4038	  0.0237	  0.0997	 -0.0020	  0.1102	  0.1918	 -0.0501	  0.0699
 SPI12   	 -0.2970	  0.0074	  0.0937	 -0.0173	  0.2621	  0.1292	 -0.0312	  0.0712
 SPI24   	 -0.0844	  0.0406	  0.1774	  0.0121	  0.2193	  0.0021	  0.1658	  0.1094

         	logP    	logCa   	logFe   	logMg   	logK    	logNa   	logB    	logMn   

 logCu   	  1.0000
 logZn   	  0.0416	  1.0000
 logAl   	 -0.0615	 -0.1173	  1.0000
 PDSIavg 	  0.1869	  0.0814	  0.2785	  1.0000
 SodTemp 	  0.0663	 -0.0899	 -0.0345	 -0.3290	  1.0000
 SPI1    	  0.0172	 -0.0543	  0.1237	  0.1410	 -0.4804	  1.0000
 SPI12   	  0.0696	 -0.0898	  0.1687	  0.6046	 -0.6223	  0.7505	  1.0000
 SPI24   	  0.1766	  0.0167	  0.2186	  0.7537	 -0.0331	  0.3156	  0.5609	  1.0000

         	logCu   	logZn   	logAl   	PDSIavg 	SodTemp 	SPI1    	SPI12   	SPI24   


    N	name	   (weighted) mean	   stand. dev.	inflation factor

    1	SPEC AX1	        1.0796	        0.4132
    2	SPEC AX2	        0.6845	        0.3365
    3	SPEC AX3	        0.8249	        0.2870
    4	SPEC AX4	        0.5127	        0.2527
    5	ENVI AX1	        1.0796	        0.4086
    6	ENVI AX2	        0.6845	        0.3319
    7	ENVI AX3	        0.8249	        0.2818
    8	ENVI AX4	        0.5127	        0.2384
    1	205     	        0.0490	        0.2159	       13.9401
    2	206     	        0.0541	        0.2262	        8.4726
    3	208     	        0.0487	        0.2153	       24.6300
    4	220     	        0.0510	        0.2199	       11.6189
    5	222     	        0.0587	        0.2351	       10.9285
    6	226     	        0.0532	        0.2245	        6.0791
    7	238     	        0.0550	        0.2280	       13.6003
    8	244     	        0.0543	        0.2266	        9.2592
    9	254     	        0.0392	        0.1941	       12.2953
   10	259     	        0.0420	        0.2005	       27.1783
   11	303     	        0.0556	        0.2292	       18.4982
   12	307     	        0.0541	        0.2263	        6.2925
   13	308     	        0.0427	        0.2021	       15.1748
   14	309     	        0.0504	        0.2188	       10.9716
   15	317     	        0.0520	        0.2220	       11.3642
   16	319     	        0.0490	        0.2158	       17.0779
   17	331     	        0.0452	        0.2077	       44.5298
   18	343     	        0.0483	        0.2143	        7.4168
   19	346     	        0.0458	        0.2091	        9.7028
   20	350     	        0.0518	        0.2216	        0.0000
   21	1998    	        0.0708	        0.2565	       10.1415
   22	1999    	        0.0821	        0.2746	       11.6541
   23	2000    	        0.0823	        0.2748	       10.6882
   24	2001    	        0.0918	        0.2887	       12.7542
   25	2002    	        0.0881	        0.2834	        9.3189
   26	2003    	        0.0931	        0.2905	       10.5458
   27	2004    	        0.0981	        0.2975	        9.6022
   28	2005    	        0.0997	        0.2996	       11.5744
   29	2006    	        0.0892	        0.2850	       11.3657
   30	2007    	        0.1039	        0.3052	        6.2524
   31	2008    	        0.1009	        0.3012	        0.0000
   32	OrBis   	        0.3147	        0.4644	        0.0000
   33	ChBis   	        0.3549	        0.4785	        0.0000
   34	bison   	        0.5640	        0.4959	        5.9640
   35	cattle  	        0.4360	        0.4959	        0.0000
   36	YrsOB   	        3.5387	        4.3275	       10.4067
   37	BP5Yrs  	        1.8744	        1.3531	        6.1553
   38	YrsSLB  	        2.1171	        2.1268	        4.2056
   39	burn    	        0.3517	        0.4775	       10.0884
   40	spring  	        0.2936	        0.4554	        9.6709
   41	summer  	        0.0232	        0.1504	        2.1238
   42	fall    	        0.0349	        0.1835	        0.0000
   43	slope   	        3.5035	        1.9204	        0.0000
   44	northnes	        0.0088	        0.7739	        0.0000
   45	eastness	        0.2180	        0.5945	        0.0000
   46	OM      	        5.1307	        1.2623	       23.5187
   47	pH      	        6.3177	        0.4541	       18.1047
   48	SolS    	       22.5849	        8.3570	        6.4303
   49	logP    	        0.9783	        0.1743	       12.3383
   50	logCa   	        3.4093	        0.1676	       69.7288
   51	logFe   	        2.2076	        0.1498	       25.3452
   52	logMg   	        2.5326	        0.1557	      109.5098
   53	logK    	        2.2242	        0.1649	       13.0799
   54	logNa   	        1.5453	        0.2547	       14.5838
   55	logB    	       -0.0783	        0.1088	        3.7722
   56	logMn   	        1.5671	        0.2167	       27.3860
   57	logCu   	        0.3061	        0.1394	        6.1629
   58	logZn   	        0.5164	        0.1356	       12.7489
   59	logAl   	        2.7398	        0.0673	       13.0230
   60	PDSIavg 	        0.7041	        1.4851	        0.0000
   61	SodTemp 	       72.3139	        1.1232	        0.0000
   62	SPI1    	        0.0077	        1.0270	        0.0000
   63	SPI12   	       -0.0398	        1.0151	        0.0000
   64	SPI24   	        0.1603	        0.7604	        0.0000


 **** Summary ****

 Axes                               	     1	     2	     3	     4	 Total inertia

 Species-environment correlations  :	 0.989	 0.986	 0.982	 0.944
 Cumulative percentage variance
    of species data                :	  10.7	  18.1	  23.0	  26.1
    of species-environment relation:	  14.9	  25.5	   0.0	   0.0

 Sum of all               eigenvalues      	     	      	      	      	  1.476
 Sum of all canonical     eigenvalues      	     	      	      	      	  0.996

[Sun Sep 28 16:15:46 2008] CANOCO call succeeded

