[Wed Mar 18 21:29:18 2009] Log file created
[Wed Mar 18 21:30:13 2009] Settings changed
[Wed Mar 18 21:30:15 2009] Running CANOCO:
[Wed Mar 18 21:30:15 2009] CON file [C:\Users\Daniel McGlinn\Documents\Grad Ecology\TGP - vegmon\management manuscript\CCA\wo bison binary\CCA.con] saved
 Program CANOCO Version 4.5 February 2002 - written by Cajo J.F. Ter Braak
 (C) 1988-2002 Biometris - quantitative methods in the life and earth sciences
 Plant Research International, Wageningen University and Research Centre
 Box 100, 6700 AC Wageningen, the Netherlands
 CANOCO performs (partial) (detrended) (canonical) correspondence analysis,
 principal components analysis and redundancy analysis.
 CANOCO is an extension of Cornell Ecology program DECORANA (Hill,1979)

 For explanation of the input/output see the manual or
 Ter Braak, C.J.F. (1995) Ordination. Chapter 5 in:
 Data Analysis in Community and Landscape Ecology
 (Jongman, R.H.G., Ter Braak, C.J.F. and Van Tongeren, O.F.R., Eds)
 Cambridge University Press, Cambridge, UK, 91-173 pp.

 *** Type of analysis ***
  Model             Gradient analysis
               indirect     direct     hybrid
 linear         1=PCA       2= RDA       3
 unimodal       4= CA       5= CCA       6
    ,,          7=DCA       8=DCCA       9
               10=non-standard analysis
 Type analysis number
 Answer =  5


 *** Data files ***
 Species data       : C:\Users\Daniel McGlinn\Documents\Grad Ecology\TGP - vegmon\management manuscript\data folder\tgp sp cov.spe
 Covariable data    :  
 Environmental data : C:\Users\Daniel McGlinn\Documents\Grad Ecology\TGP - vegmon\management manuscript\data folder\tgp env.env
 Initialization file:  

 Forward selection of envi. variables =    0
 Scaling of ordination scores         =    2
 Diagnostics                          =    3

 File   : C:\Users\Daniel McGlinn\Documents\Grad Ecology\TGP - vegmon\management manuscript\data folder\tgp sp cov.spe
 Title  : tgp species data 98-08                                                          
 Format :  (I5,1X,5(I6,F7.2))                                                  
 No. of couplets of species number and abundance per line :    5


 No samples omitted
 Number of samples           220
 Number of species           307
 Number of occurrences     16768


 File  : C:\Users\Daniel McGlinn\Documents\Grad Ecology\TGP - vegmon\management manuscript\data folder\tgp env.env
 Title : tgp env                                                                        
 Format :  (I5,1X,3(I6,F15.9))                                                 
 No. of environmental variables :    64


 No interaction terms defined


 Squareroot-transformation of species data
 No species-weights specified
 No  sample-weights specified
    downweighting of rare species



 Final species weights applied (weight*downweight)
  1.000 1.000 1.000 0.143 0.685 0.207 0.081 1.000 0.320 0.046 1.000 1.000 1.000 1.000 0.160 1.000 0.269 1.000 1.000 0.317
  1.000 0.925 0.408 0.023 0.052 0.819 1.000 0.446 0.137 0.503 1.000 1.000 1.000 0.500 0.046 0.391 0.548 0.046 1.000 1.000
  1.000 0.023 1.000 1.000 0.023 1.000 1.000 0.023 1.000 1.000 0.211 1.000 0.160 1.000 1.000 1.000 0.023 1.000 1.000 0.029
  0.953 0.046 0.044 0.762 1.000 0.023 1.000 0.365 0.531 1.000 1.000 0.104 0.023 1.000 0.913 0.046 0.320 0.790 1.000 0.218
  0.104 1.000 0.419 0.052 1.000 1.000 0.406 0.658 0.046 0.114 1.000 0.137 0.822 0.578 0.298 0.485 0.412 1.000 0.527 0.114
  0.759 1.000 1.000 1.000 1.000 1.000 0.879 0.772 0.023 0.068 0.789 0.023 1.000 1.000 1.000 1.000 0.044 0.784 1.000 0.023
  0.548 0.023 0.207 0.220 0.800 0.114 0.906 0.514 1.000 0.869 0.236 0.160 0.146 1.000 1.000 0.023 0.094 0.046 0.183 0.023
  0.023 0.023 1.000 0.068 0.186 0.075 0.269 0.303 1.000 0.725 0.334 0.114 0.097 0.143 0.160 0.464 0.023 0.023 1.000 1.000
  0.303 0.840 0.029 1.000 1.000 1.000 1.000 0.389 1.000 0.531 1.000 1.000 0.256 1.000 0.205 1.000 1.000 0.143 0.091 0.023
  0.023 0.023 0.385 1.000 1.000 1.000 0.044 0.371 0.433 1.000 0.075 0.348 0.773 0.285 0.143 0.251 0.224 1.000 0.046 0.400
  0.126 1.000 1.000 1.000 0.091 1.000 0.023 0.143 1.000 0.091 0.771 0.166 1.000 0.029 1.000 1.000 0.942 0.468 1.000 0.097
  1.000 0.046 0.029 0.023 0.052 0.274 0.456 1.000 0.560 0.160 0.091 1.000 1.000 0.046 1.000 0.068 0.228 0.287 0.046 1.000
  1.000 1.000 1.000 0.257 0.497 1.000 0.023 0.114 1.000 0.548 0.120 0.779 0.104 1.000 0.023 0.068 1.000 0.114 1.000 1.000
  0.218 1.000 0.068 0.740 0.023 1.000 0.211 0.616 1.000 1.000 0.023 0.046 1.000 0.914 1.000 0.036 1.000 0.023 0.571 0.599
  1.000 0.120 0.023 0.172 1.000 0.921 0.288 0.023 1.000 1.000 0.951 0.036 0.023 0.257 0.317 0.091 0.046 1.000 1.000 1.000
  0.023 0.146 0.068 0.350 1.000 0.068 1.000

 No rescaling

 No detrending


 No. of active  samples:    220
 No. of passive samples:      0
 No. of active  species:    307

 Total inertia in species data=
 Sum of all eigenvalues of CA =    1.47585

 ****** Collinearity detected when fitting variable    20 ******
 ****** Collinearity detected when fitting variable    31 ******
 
 ****** Check on influence in covariable/environment data ******
 The following sample(s) have extreme values
 Sample Environmental        Covariable  + Environment space
        variable Influence   influence     influence     

    137    38      5.7x
    181    38      6.1x
    198    38      7.5x
    218    38      9.0x
 ****** End of check ******

1
 **** Weighted correlation matrix (weight = sample total) ****
 
 SPEC AX1	  1.0000
 SPEC AX2	  0.0025	  1.0000
 SPEC AX3	  0.0058	  0.0012	  1.0000
 SPEC AX4	 -0.0130	  0.0051	 -0.0161	  1.0000
 ENVI AX1	  0.9882	  0.0000	  0.0000	  0.0000	  1.0000
 ENVI AX2	  0.0000	  0.9828	  0.0000	  0.0000	  0.0000	  1.0000
 ENVI AX3	  0.0000	  0.0000	  0.9819	  0.0000	  0.0000	  0.0000	  1.0000
 ENVI AX4	  0.0000	  0.0000	  0.0000	  0.9543	  0.0000	  0.0000	  0.0000	  1.0000
 205     	 -0.2547	  0.0553	 -0.1165	 -0.2020	 -0.2577	  0.0563	 -0.1186	 -0.2116
 206     	 -0.0099	 -0.1773	 -0.0314	 -0.2520	 -0.0100	 -0.1804	 -0.0320	 -0.2641
 208     	 -0.2648	  0.2000	  0.1045	 -0.2114	 -0.2679	  0.2035	  0.1064	 -0.2216
 220     	 -0.1128	  0.1423	 -0.2004	 -0.1565	 -0.1141	  0.1448	 -0.2041	 -0.1640
 222     	 -0.0418	 -0.0908	  0.0302	 -0.3591	 -0.0423	 -0.0924	  0.0308	 -0.3763
 226     	 -0.1024	 -0.1989	 -0.4144	 -0.0733	 -0.1037	 -0.2024	 -0.4221	 -0.0769
 238     	  0.2206	 -0.0625	  0.0563	  0.0074	  0.2232	 -0.0636	  0.0573	  0.0077
 244     	  0.1410	 -0.1120	  0.1124	 -0.1796	  0.1427	 -0.1139	  0.1145	 -0.1882
 254     	 -0.0694	  0.5810	 -0.0998	  0.2819	 -0.0702	  0.5912	 -0.1017	  0.2954
 259     	 -0.1534	 -0.1219	  0.4107	  0.1253	 -0.1552	 -0.1241	  0.4183	  0.1313
 303     	  0.0690	 -0.3775	 -0.2461	  0.0634	  0.0699	 -0.3841	 -0.2506	  0.0664
 307     	  0.2884	  0.1689	  0.0318	 -0.0149	  0.2918	  0.1719	  0.0324	 -0.0156
 308     	 -0.4135	 -0.0772	  0.1415	  0.1878	 -0.4184	 -0.0786	  0.1442	  0.1968
 309     	  0.0977	 -0.2124	 -0.1143	  0.4140	  0.0989	 -0.2161	 -0.1164	  0.4338
 317     	  0.0089	  0.4378	 -0.1920	  0.1590	  0.0090	  0.4455	 -0.1955	  0.1666
 319     	 -0.1615	  0.0540	  0.5587	 -0.0912	 -0.1635	  0.0550	  0.5690	 -0.0956
 331     	  0.6299	  0.0242	  0.2446	  0.0628	  0.6374	  0.0246	  0.2491	  0.0658
 343     	  0.1694	  0.0989	 -0.0071	  0.0070	  0.1714	  0.1007	 -0.0072	  0.0073
 346     	 -0.1842	 -0.2431	  0.0438	  0.4784	 -0.1864	 -0.2473	  0.0446	  0.5013
 350     	  0.0867	 -0.0125	 -0.2365	 -0.1320	  0.0878	 -0.0128	 -0.2408	 -0.1383
 1998    	 -0.0092	 -0.0145	 -0.0294	  0.0562	 -0.0093	 -0.0148	 -0.0299	  0.0589
 1999    	 -0.0044	  0.0081	  0.0065	 -0.0691	 -0.0044	  0.0083	  0.0067	 -0.0724
 2000    	 -0.0233	  0.0271	 -0.0279	  0.0440	 -0.0236	  0.0276	 -0.0284	  0.0461
 2001    	  0.0139	  0.0006	  0.0472	 -0.0639	  0.0141	  0.0006	  0.0481	 -0.0669
 2002    	  0.0021	  0.0049	  0.0649	 -0.0158	  0.0022	  0.0050	  0.0661	 -0.0166
 2003    	  0.0303	  0.0044	  0.0553	 -0.0307	  0.0307	  0.0045	  0.0563	 -0.0321
 2004    	  0.0019	  0.0096	 -0.0047	 -0.0150	  0.0020	  0.0098	 -0.0048	 -0.0157
 2005    	  0.0196	 -0.0211	 -0.0054	  0.0056	  0.0198	 -0.0215	 -0.0055	  0.0059
 2006    	 -0.0531	 -0.0927	 -0.0278	  0.0539	 -0.0537	 -0.0944	 -0.0283	  0.0564
 2007    	  0.0185	  0.0180	 -0.0140	 -0.0142	  0.0187	  0.0183	 -0.0143	 -0.0149
 2008    	 -0.0014	  0.0519	 -0.0646	  0.0534	 -0.0014	  0.0528	 -0.0657	  0.0559
 YrsOB   	 -0.2428	  0.0322	 -0.2661	 -0.5602	 -0.2457	  0.0328	 -0.2710	 -0.5871
 BP5Yrs  	 -0.2068	 -0.2283	  0.0257	  0.5986	 -0.2093	 -0.2323	  0.0261	  0.6273
 YrsSLB  	  0.1699	  0.1295	 -0.0233	 -0.2695	  0.1719	  0.1317	 -0.0237	 -0.2825

         	SPEC AX1	SPEC AX2	SPEC AX3	SPEC AX4	ENVI AX1	ENVI AX2	ENVI AX3	ENVI AX4

 205     	  1.0000
 206     	 -0.0543	  1.0000
 208     	 -0.0514	 -0.0541	  1.0000
 220     	 -0.0526	 -0.0554	 -0.0525	  1.0000
 222     	 -0.0567	 -0.0597	 -0.0565	 -0.0579	  1.0000
 226     	 -0.0538	 -0.0567	 -0.0537	 -0.0549	 -0.0592	  1.0000
 238     	 -0.0548	 -0.0577	 -0.0546	 -0.0559	 -0.0602	 -0.0572	  1.0000
 244     	 -0.0544	 -0.0573	 -0.0542	 -0.0555	 -0.0598	 -0.0568	 -0.0578	  1.0000
 254     	 -0.0459	 -0.0483	 -0.0457	 -0.0468	 -0.0504	 -0.0479	 -0.0487	 -0.0484
 259     	 -0.0475	 -0.0500	 -0.0474	 -0.0485	 -0.0523	 -0.0496	 -0.0505	 -0.0502
 303     	 -0.0551	 -0.0580	 -0.0549	 -0.0562	 -0.0606	 -0.0575	 -0.0585	 -0.0581
 307     	 -0.0543	 -0.0572	 -0.0541	 -0.0554	 -0.0597	 -0.0567	 -0.0577	 -0.0573
 308     	 -0.0479	 -0.0505	 -0.0478	 -0.0489	 -0.0527	 -0.0501	 -0.0509	 -0.0506
 309     	 -0.0523	 -0.0551	 -0.0522	 -0.0534	 -0.0575	 -0.0546	 -0.0556	 -0.0552
 317     	 -0.0532	 -0.0560	 -0.0530	 -0.0543	 -0.0585	 -0.0555	 -0.0565	 -0.0561
 319     	 -0.0515	 -0.0543	 -0.0514	 -0.0526	 -0.0567	 -0.0538	 -0.0548	 -0.0544
 331     	 -0.0494	 -0.0520	 -0.0492	 -0.0504	 -0.0543	 -0.0516	 -0.0525	 -0.0521
 343     	 -0.0511	 -0.0538	 -0.0510	 -0.0522	 -0.0562	 -0.0534	 -0.0543	 -0.0540
 346     	 -0.0497	 -0.0524	 -0.0496	 -0.0508	 -0.0547	 -0.0519	 -0.0529	 -0.0525
 350     	 -0.0531	 -0.0559	 -0.0529	 -0.0542	 -0.0584	 -0.0554	 -0.0564	 -0.0560
 1998    	 -0.0091	 -0.0017	  0.0045	 -0.0115	 -0.0022	  0.0002	  0.0054	  0.0021
 1999    	  0.0066	  0.0004	  0.0092	 -0.0067	 -0.0102	 -0.0129	 -0.0085	 -0.0004
 2000    	 -0.0015	 -0.0063	  0.0041	  0.0055	 -0.0051	 -0.0037	  0.0024	 -0.0081
 2001    	 -0.0004	 -0.0062	 -0.0012	  0.0012	  0.0002	 -0.0049	  0.0032	 -0.0008
 2002    	  0.0099	 -0.0006	  0.0010	 -0.0107	  0.0007	  0.0016	  0.0010	 -0.0012
 2003    	  0.0031	  0.0008	 -0.0038	 -0.0055	  0.0074	 -0.0054	  0.0010	  0.0017
 2004    	 -0.0024	  0.0057	  0.0017	 -0.0011	  0.0039	  0.0218	 -0.0014	  0.0054
 2005    	  0.0097	  0.0002	 -0.0127	  0.0161	 -0.0016	 -0.0109	  0.0004	 -0.0069
 2006    	 -0.0021	  0.0031	  0.0020	 -0.0044	 -0.0019	  0.0092	 -0.0039	  0.0005
 2007    	 -0.0139	  0.0054	 -0.0040	  0.0116	  0.0044	  0.0039	  0.0007	  0.0082
 2008    	 -0.0001	 -0.0017	  0.0011	  0.0026	  0.0029	 -0.0001	  0.0000	 -0.0010
 YrsOB   	  0.3233	  0.2055	  0.3188	  0.3425	  0.2153	  0.2185	  0.0516	  0.0546
 BP5Yrs  	 -0.2266	 -0.0831	 -0.1324	 -0.0895	 -0.1269	 -0.1558	 -0.0082	 -0.1663
 YrsSLB  	  0.2689	 -0.0247	  0.0366	 -0.0230	  0.0482	  0.0583	 -0.0575	  0.1210

         	205     	206     	208     	220     	222     	226     	238     	244     

 254     	  1.0000
 259     	 -0.0423	  1.0000
 303     	 -0.0490	 -0.0508	  1.0000
 307     	 -0.0483	 -0.0501	 -0.0580	  1.0000
 308     	 -0.0427	 -0.0442	 -0.0512	 -0.0505	  1.0000
 309     	 -0.0465	 -0.0482	 -0.0559	 -0.0551	 -0.0487	  1.0000
 317     	 -0.0473	 -0.0490	 -0.0568	 -0.0560	 -0.0494	 -0.0539	  1.0000
 319     	 -0.0458	 -0.0475	 -0.0551	 -0.0543	 -0.0479	 -0.0523	 -0.0531	  1.0000
 331     	 -0.0439	 -0.0455	 -0.0528	 -0.0520	 -0.0459	 -0.0501	 -0.0509	 -0.0494
 343     	 -0.0455	 -0.0471	 -0.0546	 -0.0539	 -0.0475	 -0.0519	 -0.0527	 -0.0511
 346     	 -0.0443	 -0.0459	 -0.0532	 -0.0524	 -0.0463	 -0.0505	 -0.0513	 -0.0497
 350     	 -0.0472	 -0.0489	 -0.0567	 -0.0559	 -0.0493	 -0.0538	 -0.0547	 -0.0530
 1998    	  0.0067	  0.0035	  0.0018	  0.0037	 -0.0062	  0.0058	 -0.0041	 -0.0068
 1999    	 -0.0019	  0.0067	  0.0035	  0.0047	  0.0055	  0.0115	 -0.0031	 -0.0019
 2000    	  0.0052	 -0.0016	  0.0062	  0.0016	  0.0067	  0.0116	 -0.0079	 -0.0047
 2001    	 -0.0073	  0.0039	  0.0024	  0.0026	 -0.0026	 -0.0005	  0.0003	  0.0004
 2002    	  0.0015	 -0.0032	  0.0108	 -0.0077	  0.0015	  0.0028	 -0.0089	  0.0014
 2003    	 -0.0012	 -0.0006	 -0.0044	 -0.0001	 -0.0005	 -0.0034	  0.0105	  0.0027
 2004    	 -0.0100	 -0.0008	 -0.0061	 -0.0053	  0.0038	 -0.0087	  0.0065	  0.0019
 2005    	  0.0053	  0.0005	 -0.0060	  0.0052	  0.0029	 -0.0055	  0.0033	 -0.0004
 2006    	  0.0039	 -0.0018	 -0.0027	 -0.0062	 -0.0011	 -0.0089	  0.0015	  0.0068
 2007    	 -0.0022	 -0.0048	 -0.0042	 -0.0007	 -0.0090	  0.0014	 -0.0015	 -0.0015
 2008    	  0.0011	 -0.0010	  0.0001	  0.0024	 -0.0008	 -0.0038	  0.0019	  0.0010
 YrsOB   	 -0.1721	 -0.1323	 -0.2072	 -0.0730	 -0.1803	 -0.1968	 -0.0671	 -0.1938
 BP5Yrs  	  0.1190	  0.0746	  0.2154	 -0.0328	  0.4243	  0.4684	 -0.0229	 -0.0272
 YrsSLB  	 -0.0902	 -0.0793	 -0.1624	 -0.0307	 -0.1780	 -0.1930	 -0.0388	 -0.0526

         	254     	259     	303     	307     	308     	309     	317     	319     

 331     	  1.0000
 343     	 -0.0490	  1.0000
 346     	 -0.0477	 -0.0493	  1.0000
 350     	 -0.0508	 -0.0526	 -0.0512	  1.0000
 1998    	  0.0060	 -0.0046	  0.0100	 -0.0023	  1.0000
 1999    	  0.0053	 -0.0032	  0.0053	 -0.0074	 -0.0826	  1.0000
 2000    	  0.0004	 -0.0051	  0.0092	 -0.0070	 -0.0827	 -0.0896	  1.0000
 2001    	 -0.0018	 -0.0010	  0.0085	  0.0037	 -0.0878	 -0.0951	 -0.0952	  1.0000
 2002    	 -0.0013	  0.0088	 -0.0029	 -0.0044	 -0.0858	 -0.0930	 -0.0931	 -0.0988
 2003    	 -0.0019	 -0.0001	 -0.0008	 -0.0003	 -0.0884	 -0.0958	 -0.0959	 -0.1018
 2004    	 -0.0057	 -0.0012	 -0.0046	 -0.0057	 -0.0911	 -0.0987	 -0.0987	 -0.1049
 2005    	 -0.0046	 -0.0012	 -0.0027	  0.0097	 -0.0919	 -0.0995	 -0.0996	 -0.1058
 2006    	 -0.0006	  0.0022	 -0.0058	  0.0106	 -0.0864	 -0.0936	 -0.0937	 -0.0995
 2007    	  0.0034	  0.0042	 -0.0081	  0.0040	 -0.0940	 -0.1019	 -0.1020	 -0.1083
 2008    	  0.0018	  0.0003	 -0.0053	 -0.0021	 -0.0925	 -0.1002	 -0.1003	 -0.1065
 YrsOB   	 -0.1858	 -0.1923	 -0.1410	 -0.0657	 -0.1731	 -0.1615	 -0.1312	 -0.1104
 BP5Yrs  	 -0.1946	 -0.1724	  0.1997	 -0.0063	  0.1061	  0.0488	  0.0302	  0.0144
 YrsSLB  	  0.2119	  0.3693	 -0.1116	 -0.0815	 -0.0626	 -0.0232	  0.0014	 -0.0780

         	331     	343     	346     	350     	1998    	1999    	2000    	2001    

 2002    	  1.0000
 2003    	 -0.0996	  1.0000
 2004    	 -0.1025	 -0.1057	  1.0000
 2005    	 -0.1034	 -0.1066	 -0.1098	  1.0000
 2006    	 -0.0972	 -0.1002	 -0.1032	 -0.1041	  1.0000
 2007    	 -0.1058	 -0.1091	 -0.1123	 -0.1133	 -0.1065	  1.0000
 2008    	 -0.1041	 -0.1073	 -0.1105	 -0.1115	 -0.1048	 -0.1141	  1.0000
 YrsOB   	 -0.0696	 -0.0282	  0.0287	  0.0703	  0.1123	  0.1802	  0.2258	  1.0000
 BP5Yrs  	  0.0379	 -0.0130	 -0.0093	  0.0207	 -0.0417	 -0.0967	 -0.0733	 -0.4510
 YrsSLB  	 -0.0527	  0.0207	  0.0827	 -0.0196	 -0.0022	  0.0884	  0.0278	  0.1712

         	2002    	2003    	2004    	2005    	2006    	2007    	2008    	YrsOB   

 BP5Yrs  	  1.0000
 YrsSLB  	 -0.6760	  1.0000

         	BP5Yrs  	YrsSLB  

    N	name	   (weighted) mean	   stand. dev.	inflation factor

    1	SPEC AX1	        0.0000	        1.0119
    2	SPEC AX2	        0.0000	        1.0175
    3	SPEC AX3	        0.0000	        1.0185
    4	SPEC AX4	        0.0000	        1.0479
    5	ENVI AX1	        0.0000	        1.0000
    6	ENVI AX2	        0.0000	        1.0000
    7	ENVI AX3	        0.0000	        1.0000
    8	ENVI AX4	        0.0000	        1.0000
    1	205     	        0.0490	        0.2159	        3.5658
    2	206     	        0.0541	        0.2262	        2.6293
    3	208     	        0.0487	        0.2153	        3.2908
    4	220     	        0.0510	        0.2199	        3.3871
    5	222     	        0.0587	        0.2351	        2.8052
    6	226     	        0.0532	        0.2245	        2.7429
    7	238     	        0.0550	        0.2280	        2.0893
    8	244     	        0.0543	        0.2266	        2.1879
    9	254     	        0.0392	        0.1941	        1.8707
   10	259     	        0.0420	        0.2005	        1.8052
   11	303     	        0.0556	        0.2292	        2.3002
   12	307     	        0.0541	        0.2263	        1.9396
   13	308     	        0.0427	        0.2021	        2.6402
   14	309     	        0.0504	        0.2188	        2.9352
   15	317     	        0.0520	        0.2220	        1.9026
   16	319     	        0.0490	        0.2158	        1.9969
   17	331     	        0.0452	        0.2077	        2.0451
   18	343     	        0.0483	        0.2143	        2.2530
   19	346     	        0.0458	        0.2091	        2.0222
   20	350     	        0.0518	        0.2216	        0.0000
   21	1998    	        0.0708	        0.2565	        2.7285
   22	1999    	        0.0821	        0.2746	        2.7541
   23	2000    	        0.0823	        0.2748	        2.5791
   24	2001    	        0.0918	        0.2887	        2.6135
   25	2002    	        0.0881	        0.2834	        2.3744
   26	2003    	        0.0931	        0.2905	        2.2315
   27	2004    	        0.0981	        0.2975	        2.1413
   28	2005    	        0.0997	        0.2996	        2.0109
   29	2006    	        0.0892	        0.2850	        1.7987
   30	2007    	        0.1039	        0.3052	        1.8429
   31	2008    	        0.1009	        0.3012	        0.0000
   36	YrsOB   	        3.7074	        4.3415	        9.8597
   37	BP5Yrs  	        1.8744	        1.3531	        5.5057
   38	YrsSLB  	        2.1171	        2.1268	        2.7008


 **** Summary ****

 Axes                               	     1	     2	     3	     4	 Total inertia

 Eigenvalues                       :	 0.155	 0.113	 0.090	 0.063	        1.476
 Species-environment correlations  :	 0.988	 0.983	 0.982	 0.954
 Cumulative percentage variance
    of species data                :	  10.5	  18.1	  24.3	  28.5
    of species-environment relation:	  16.6	  28.7	  38.4	  45.2

 Sum of all               eigenvalues      	     	      	      	      	  1.476
 Sum of all canonical     eigenvalues      	     	      	      	      	  0.932

1

 *** Unrestricted permutation ***


 Seeds:   8293 23777



 **** Summary of Monte Carlo test ****

 Test of significance of first canonical axis: eigenvalue =    0.155
                                               F-ratio    =   21.897
                                               P-value    =    0.0010

 Test of significance of all canonical axes  : Trace      =    0.932
                                               F-ratio    =   10.016
                                               P-value    =    0.0010

 (  999 permutations under reduced model)

1

 File with supplementary variables: C:\Users\Daniel McGlinn\Documents\Grad Ecology\TGP - vegmon\management manuscript\data folder\habit.spe


 File  : C:\Users\Daniel McGlinn\Documents\Grad Ecology\TGP - vegmon\management manuscript\data folder\habit.spe
 Title : habit                                                                          
 Format :  (I5,1X,7(I6,F4.0))                                                  
 No. of environmental variables :     6


 No interaction terms defined


 ****** Collinearity detected when fitting variable     4 ******
1
 **** Weighted correlation matrix (weight = sample total) ****
 
 SPEC AX1	  1.0000
 SPEC AX2	  0.0025	  1.0000
 SPEC AX3	  0.0058	  0.0012	  1.0000
 SPEC AX4	 -0.0130	  0.0051	 -0.0161	  1.0000
 ENVI AX1	  0.5660	  0.3324	 -0.1288	 -0.1243	  1.0000
 ENVI AX2	  0.2486	  0.7570	 -0.0188	  0.0692	  0.4392	  1.0000
 ENVI AX3	 -0.0991	 -0.0193	  0.7363	  0.2311	 -0.1750	 -0.0255	  1.0000
 ENVI AX4	 -0.1221	  0.0909	  0.2954	  0.5760	 -0.2157	  0.1201	  0.4012	  1.0000
 F       	  0.1929	 -0.2189	  0.0314	 -0.4212	  0.3408	 -0.2891	  0.0426	 -0.7313
 Gsum    	  0.5360	  0.3612	 -0.0118	 -0.0637	  0.9469	  0.4772	 -0.0160	 -0.1105
 G3      	  0.5089	  0.5068	 -0.2862	 -0.2024	  0.8991	  0.6695	 -0.3887	 -0.3515
 G4      	  0.2795	 -0.0496	  0.3935	  0.1731	  0.4938	 -0.0655	  0.5345	  0.3006
 L       	 -0.0389	 -0.5460	 -0.3735	 -0.3536	 -0.0688	 -0.7212	 -0.5073	 -0.6139
 W       	  0.0641	 -0.3842	 -0.4908	 -0.0107	  0.1132	 -0.5075	 -0.6665	 -0.0187

         	SPEC AX1	SPEC AX2	SPEC AX3	SPEC AX4	ENVI AX1	ENVI AX2	ENVI AX3	ENVI AX4

 F       	  1.0000
 Gsum    	  0.1737	  1.0000
 G3      	  0.1923	  0.8554	  1.0000
 G4      	  0.0508	  0.6584	  0.1733	  1.0000
 L       	  0.3822	 -0.1236	 -0.1001	 -0.0896	  1.0000
 W       	  0.0484	 -0.0651	 -0.0154	 -0.1014	  0.5883	  1.0000

         	F       	Gsum    	G3      	G4      	L       	W       

    N	name	   (weighted) mean	   stand. dev.	inflation factor

    1	SPEC AX1	        0.0000	        1.0119
    2	SPEC AX2	        0.0000	        1.0175
    3	SPEC AX3	        0.0000	        1.0185
    4	SPEC AX4	        0.0000	        1.0479
    5	ENVI AX1	        0.0000	        0.5728
    6	ENVI AX2	        0.0000	        0.7702
    7	ENVI AX3	        0.0000	        0.7498
    8	ENVI AX4	        0.0000	        0.6036
    1	F       	       77.1530	       17.5453	        1.3408
    2	Gsum    	       66.5525	       11.8650	        3.7712
    3	G3      	       33.6353	        9.0677	        3.8071
    4	G4      	       32.9172	        6.2403	        0.0000
    5	L       	       21.8887	        7.9783	        1.9941
    6	W       	        3.2404	        2.0576	        1.6492


 **** Summary ****

 Axes                               	     1	     2	     3	     4	 Total inertia

 Species-environment correlations  :	 0.566	 0.757	 0.736	 0.576
 Cumulative percentage variance
    of species data                :	  10.5	  18.1	  24.3	  28.5
    of species-environment relation:	  18.9	  44.0	  63.0	  71.5

 Sum of all               eigenvalues      	     	      	      	      	  1.476
 Sum of all canonical     eigenvalues      	     	      	      	      	  0.268

[Wed Mar 18 21:30:50 2009] CANOCO call succeeded

