[Thu Mar 19 22:38:17 2009] Settings changed
[Thu Mar 19 22:38:18 2009] Running CANOCO:
[Thu Mar 19 22:38:18 2009] CON file [C:\Users\Daniel McGlinn\Documents\Grad Ecology\TGP - vegmon\management manuscript\CCA\wo bison binary\pCCA (dist given sites & yr).con] saved
 Program CANOCO Version 4.5 February 2002 - written by Cajo J.F. Ter Braak
 (C) 1988-2002 Biometris - quantitative methods in the life and earth sciences
 Plant Research International, Wageningen University and Research Centre
 Box 100, 6700 AC Wageningen, the Netherlands
 CANOCO performs (partial) (detrended) (canonical) correspondence analysis,
 principal components analysis and redundancy analysis.
 CANOCO is an extension of Cornell Ecology program DECORANA (Hill,1979)

 For explanation of the input/output see the manual or
 Ter Braak, C.J.F. (1995) Ordination. Chapter 5 in:
 Data Analysis in Community and Landscape Ecology
 (Jongman, R.H.G., Ter Braak, C.J.F. and Van Tongeren, O.F.R., Eds)
 Cambridge University Press, Cambridge, UK, 91-173 pp.

 *** Type of analysis ***
  Model             Gradient analysis
               indirect     direct     hybrid
 linear         1=PCA       2= RDA       3
 unimodal       4= CA       5= CCA       6
    ,,          7=DCA       8=DCCA       9
               10=non-standard analysis
 Type analysis number
 Answer =  5


 *** Data files ***
 Species data       : C:\Users\Daniel McGlinn\Documents\Grad Ecology\TGP - vegmon\management manuscript\data folder\tgp sp cov.spe
 Covariable data    : C:\Users\Daniel McGlinn\Documents\Grad Ecology\TGP - vegmon\management manuscript\data folder\tgp env.env
 Environmental data : C:\Users\Daniel McGlinn\Documents\Grad Ecology\TGP - vegmon\management manuscript\data folder\tgp env.env
 Initialization file:  

 Forward selection of envi. variables =    0
 Scaling of ordination scores         =    2
 Diagnostics                          =    3

 File   : C:\Users\Daniel McGlinn\Documents\Grad Ecology\TGP - vegmon\management manuscript\data folder\tgp sp cov.spe
 Title  : tgp species data 98-08                                                          
 Format :  (I5,1X,5(I6,F7.2))                                                  
 No. of couplets of species number and abundance per line :    5


 No samples omitted
 Number of samples           220
 Number of species           307
 Number of occurrences     16768


 File  : C:\Users\Daniel McGlinn\Documents\Grad Ecology\TGP - vegmon\management manuscript\data folder\tgp env.env
 Title : tgp env                                                                        
 Format :  (I5,1X,3(I6,F15.9))                                                 
 No. of             covariables :    64


 No interaction terms defined


 ******************************************************************************
                     Names of covariables
 ******************************************************************************
 205      206      208      220      222      226      238     

 244      254      259      303      307      308      309     

 317      319      331      343      346      350      1998    

 1999     2000     2001     2002     2003     2004     2005    

 2006     2007     2008    
 ******************************************************************************

 File  : C:\Users\Daniel McGlinn\Documents\Grad Ecology\TGP - vegmon\management manuscript\data folder\tgp env.env
 Title : tgp env                                                                        
 Format :  (I5,1X,3(I6,F15.9))                                                 
 No. of environmental variables :    64


 No interaction terms defined


 Squareroot-transformation of species data
 No species-weights specified
 No  sample-weights specified
    downweighting of rare species



 Final species weights applied (weight*downweight)
  1.000 1.000 1.000 0.143 0.685 0.207 0.081 1.000 0.320 0.046 1.000 1.000 1.000 1.000 0.160 1.000 0.269 1.000 1.000 0.317
  1.000 0.925 0.408 0.023 0.052 0.819 1.000 0.446 0.137 0.503 1.000 1.000 1.000 0.500 0.046 0.391 0.548 0.046 1.000 1.000
  1.000 0.023 1.000 1.000 0.023 1.000 1.000 0.023 1.000 1.000 0.211 1.000 0.160 1.000 1.000 1.000 0.023 1.000 1.000 0.029
  0.953 0.046 0.044 0.762 1.000 0.023 1.000 0.365 0.531 1.000 1.000 0.104 0.023 1.000 0.913 0.046 0.320 0.790 1.000 0.218
  0.104 1.000 0.419 0.052 1.000 1.000 0.406 0.658 0.046 0.114 1.000 0.137 0.822 0.578 0.298 0.485 0.412 1.000 0.527 0.114
  0.759 1.000 1.000 1.000 1.000 1.000 0.879 0.772 0.023 0.068 0.789 0.023 1.000 1.000 1.000 1.000 0.044 0.784 1.000 0.023
  0.548 0.023 0.207 0.220 0.800 0.114 0.906 0.514 1.000 0.869 0.236 0.160 0.146 1.000 1.000 0.023 0.094 0.046 0.183 0.023
  0.023 0.023 1.000 0.068 0.186 0.075 0.269 0.303 1.000 0.725 0.334 0.114 0.097 0.143 0.160 0.464 0.023 0.023 1.000 1.000
  0.303 0.840 0.029 1.000 1.000 1.000 1.000 0.389 1.000 0.531 1.000 1.000 0.256 1.000 0.205 1.000 1.000 0.143 0.091 0.023
  0.023 0.023 0.385 1.000 1.000 1.000 0.044 0.371 0.433 1.000 0.075 0.348 0.773 0.285 0.143 0.251 0.224 1.000 0.046 0.400
  0.126 1.000 1.000 1.000 0.091 1.000 0.023 0.143 1.000 0.091 0.771 0.166 1.000 0.029 1.000 1.000 0.942 0.468 1.000 0.097
  1.000 0.046 0.029 0.023 0.052 0.274 0.456 1.000 0.560 0.160 0.091 1.000 1.000 0.046 1.000 0.068 0.228 0.287 0.046 1.000
  1.000 1.000 1.000 0.257 0.497 1.000 0.023 0.114 1.000 0.548 0.120 0.779 0.104 1.000 0.023 0.068 1.000 0.114 1.000 1.000
  0.218 1.000 0.068 0.740 0.023 1.000 0.211 0.616 1.000 1.000 0.023 0.046 1.000 0.914 1.000 0.036 1.000 0.023 0.571 0.599
  1.000 0.120 0.023 0.172 1.000 0.921 0.288 0.023 1.000 1.000 0.951 0.036 0.023 0.257 0.317 0.091 0.046 1.000 1.000 1.000
  0.023 0.146 0.068 0.350 1.000 0.068 1.000

 No rescaling

 No detrending


 No. of active  samples:    220
 No. of passive samples:      0
 No. of active  species:    307

 Total inertia in species data=
 Sum of all eigenvalues of CA =    1.47585

 Covariable 350      is linearly dependent, hence ignored
 Covariable 2008     is linearly dependent, hence ignored
 
 ****** Check on influence in covariable/environment data ******
 The following sample(s) have extreme values
 Sample Environmental        Covariable  + Environment space
        variable Influence   influence     influence     

     18    37      5.3x
 ****** End of check ******

1
 **** Weighted correlation matrix (weight = sample total) ****
 
 SPEC AX1	  1.0000
 SPEC AX2	 -0.0429	  1.0000
 SPEC AX3	  0.0745	 -0.0507	  1.0000
 SPEC AX4	  0.2365	 -0.2804	  0.3294	  1.0000
 ENVI AX1	  0.7587	  0.0000	  0.0000	  0.0000	  1.0000
 ENVI AX2	  0.0000	  0.8012	  0.0000	  0.0000	  0.0000	  1.0000
 ENVI AX3	  0.0000	  0.0000	  0.7476	  0.0000	  0.0000	  0.0000	  1.0000
 ENVI AX4	  0.0000	  0.0000	  0.0000	  0.0000	  0.0000	  0.0000	  0.0000	  0.0000
 YrsOB   	  0.2912	 -0.7388	  0.0362	  0.0000	  0.3839	 -0.9221	  0.0484	  0.0000
 BP5Yrs  	  0.4930	  0.1295	 -0.5553	  0.0000	  0.6498	  0.1617	 -0.7427	  0.0000
 YrsSLB  	 -0.7252	 -0.2232	 -0.0694	  0.0000	 -0.9559	 -0.2786	 -0.0928	  0.0000

         	SPEC AX1	SPEC AX2	SPEC AX3	SPEC AX4	ENVI AX1	ENVI AX2	ENVI AX3	ENVI AX4

 YrsOB   	  1.0000
 BP5Yrs  	  0.0644	  1.0000
 YrsSLB  	 -0.1146	 -0.5972	  1.0000

         	YrsOB   	BP5Yrs  	YrsSLB  

    N	name	   (weighted) mean	   stand. dev.	inflation factor

    1	SPEC AX1	        0.0000	        1.3181
    2	SPEC AX2	        0.0000	        1.2481
    3	SPEC AX3	        0.0000	        1.3376
    4	SPEC AX4	        0.0000	        1.0000
    5	ENVI AX1	        0.0000	        1.0000
    6	ENVI AX2	        0.0000	        1.0000
    7	ENVI AX3	        0.0000	        1.0000
    8	ENVI AX4	        0.0000	        0.0000
   36	YrsOB   	        3.7074	        4.3415	        9.8597
   37	BP5Yrs  	        1.8744	        1.3531	        5.5057
   38	YrsSLB  	        2.1171	        2.1268	        2.7008


 **** Summary ****

 Axes                               	     1	     2	     3	     4	 Total inertia

 Eigenvalues                       :	 0.007	 0.007	 0.005	 0.021	        1.476
 Species-environment correlations  :	 0.759	 0.801	 0.748	 0.000
 Cumulative percentage variance
    of species data                :	   1.3	   2.5	   3.3	   7.0
    of species-environment relation:	  39.3	  75.0	 100.0	   0.0

 Sum of all               eigenvalues      	     	      	      	      	  0.563
 Sum of all canonical     eigenvalues      	     	      	      	      	  0.019


 The sum of all eigenvalues is after fitting covariables
 Percentages are taken with respect to residual variances
                 i.e. variances after fitting covariables

 *** MESSAGE ***
 The fit for species is additional to the fit due to covariables.
 With covariables, CANOCO cannot calculate residuals for samples.

1
 *** Specification of blocks ***

 *** The permutations are conditioned on    19 covariable(s), namely: ***

    covariable  205     
    covariable  206     
    covariable  208     
    covariable  220     
    covariable  222     
    covariable  226     
    covariable  238     
    covariable  244     
    covariable  254     
    covariable  259     
    covariable  303     
    covariable  307     
    covariable  308     
    covariable  309     
    covariable  317     
    covariable  319     
    covariable  331     
    covariable  343     
    covariable  346     

 *** Sample arrangement in the permutation test ***


 Samples in block    1 :
 **  Time series or line of plots   **
     1    21    41    61    81   101   121   141   161   181
   201
 The      11       plots are permuted using cyclic shifts

 Samples in block    2 :
 **  Time series or line of plots   **
     2    22    42    62    82   102   122   142   162   182
   202
 The      11       plots are permuted using cyclic shifts

 Samples in block    3 :
 **  Time series or line of plots   **
     3    23    43    63    83   103   123   143   163   183
   203
 The      11       plots are permuted using cyclic shifts

 Samples in block    4 :
 **  Time series or line of plots   **
     4    24    44    64    84   104   124   144   164   184
   204
 The      11       plots are permuted using cyclic shifts

 Samples in block    5 :
 **  Time series or line of plots   **
     5    25    45    65    85   105   125   145   165   185
   205
 The      11       plots are permuted using cyclic shifts

 Samples in block    6 :
 **  Time series or line of plots   **
     6    26    46    66    86   106   126   146   166   186
   206
 The      11       plots are permuted using cyclic shifts

 Samples in block    7 :
 **  Time series or line of plots   **
     7    27    47    67    87   107   127   147   167   187
   207
 The      11       plots are permuted using cyclic shifts

 Samples in block    8 :
 **  Time series or line of plots   **
     8    28    48    68    88   108   128   148   168   188
   208
 The      11       plots are permuted using cyclic shifts

 Samples in block    9 :
 **  Time series or line of plots   **
     9    29    49    69    89   109   129   149   169   189
   209
 The      11       plots are permuted using cyclic shifts

 Samples in block   10 :
 **  Time series or line of plots   **
    10    30    50    70    90   110   130   150   170   190
   210
 The      11       plots are permuted using cyclic shifts

 Samples in block   11 :
 **  Time series or line of plots   **
    11    31    51    71    91   111   131   151   171   191
   211
 The      11       plots are permuted using cyclic shifts

 Samples in block   12 :
 **  Time series or line of plots   **
    12    32    52    72    92   112   132   152   172   192
   212
 The      11       plots are permuted using cyclic shifts

 Samples in block   13 :
 **  Time series or line of plots   **
    13    33    53    73    93   113   133   153   173   193
   213
 The      11       plots are permuted using cyclic shifts

 Samples in block   14 :
 **  Time series or line of plots   **
    14    34    54    74    94   114   134   154   174   194
   214
 The      11       plots are permuted using cyclic shifts

 Samples in block   15 :
 **  Time series or line of plots   **
    15    35    55    75    95   115   135   155   175   195
   215
 The      11       plots are permuted using cyclic shifts

 Samples in block   16 :
 **  Time series or line of plots   **
    16    36    56    76    96   116   136   156   176   196
   216
 The      11       plots are permuted using cyclic shifts

 Samples in block   17 :
 **  Time series or line of plots   **
    17    37    57    77    97   117   137   157   177   197
   217
 The      11       plots are permuted using cyclic shifts

 Samples in block   18 :
 **  Time series or line of plots   **
    18    38    58    78    98   118   138   158   178   198
   218
 The      11       plots are permuted using cyclic shifts

 Samples in block   19 :
 **  Time series or line of plots   **
    19    39    59    79    99   119   139   159   179   199
   219
 The      11       plots are permuted using cyclic shifts

 Samples in block   20 :
 **  Time series or line of plots   **
    20    40    60    80   100   120   140   160   180   200
   220
 The      11       plots are permuted using cyclic shifts

 Seeds:  17993  1061



 **** Summary of Monte Carlo test ****

 Test of significance of first canonical axis: eigenvalue =    0.007
                                               F-ratio    =    2.480
                                               P-value    =    0.0010

 Test of significance of all canonical axes  : Trace      =    0.019
                                               F-ratio    =    2.145
                                               P-value    =    0.0010

 (  999 permutations under reduced model)

1

 File with supplementary variables: C:\Users\Daniel McGlinn\Documents\Grad Ecology\TGP - vegmon\management manuscript\data folder\habit.spe


 File  : C:\Users\Daniel McGlinn\Documents\Grad Ecology\TGP - vegmon\management manuscript\data folder\habit.spe
 Title : habit                                                                          
 Format :  (I5,1X,7(I6,F4.0))                                                  
 No. of environmental variables :     6


 No interaction terms defined


 ****** Collinearity detected when fitting variable     4 ******
1
 **** Weighted correlation matrix (weight = sample total) ****
 
 SPEC AX1	  1.0000
 SPEC AX2	 -0.0429	  1.0000
 SPEC AX3	  0.0745	 -0.0507	  1.0000
 SPEC AX4	  0.2365	 -0.2804	  0.3294	  1.0000
 ENVI AX1	  0.6000	 -0.0686	  0.2001	  0.4623	  1.0000
 ENVI AX2	 -0.0883	  0.4667	 -0.2630	 -0.3667	 -0.1471	  1.0000
 ENVI AX3	  0.2621	 -0.2679	  0.4581	  0.6848	  0.4369	 -0.5741	  1.0000
 ENVI AX4	  0.3833	 -0.2365	  0.4335	  0.7236	  0.6389	 -0.5068	  0.9464	  1.0000
 F       	  0.4642	 -0.2089	  0.3659	  0.6842	  0.7737	 -0.4477	  0.7988	  0.9456
 Gsum    	 -0.1579	 -0.1653	 -0.0687	 -0.0264	 -0.2631	 -0.3542	 -0.1499	 -0.0365
 G3      	 -0.2248	 -0.2583	  0.1425	  0.2043	 -0.3748	 -0.5536	  0.3111	  0.2823
 G4      	  0.0252	  0.0565	 -0.3044	 -0.3132	  0.0421	  0.1211	 -0.6645	 -0.4328
 L       	  0.1959	 -0.3499	  0.0809	  0.1210	  0.3264	 -0.7497	  0.1767	  0.1672
 W       	  0.1272	 -0.1730	  0.0009	  0.0405	  0.2120	 -0.3708	  0.0019	  0.0559

         	SPEC AX1	SPEC AX2	SPEC AX3	SPEC AX4	ENVI AX1	ENVI AX2	ENVI AX3	ENVI AX4

 F       	  1.0000
 Gsum    	  0.0998	  1.0000
 G3      	  0.2388	  0.8122	  1.0000
 G4      	 -0.1427	  0.6435	  0.0761	  1.0000
 L       	  0.2441	  0.1232	  0.0366	  0.1625	  1.0000
 W       	  0.0473	  0.1254	  0.0068	  0.2054	  0.2155	  1.0000

         	F       	Gsum    	G3      	G4      	L       	W       

    N	name	   (weighted) mean	   stand. dev.	inflation factor

    1	SPEC AX1	        0.0000	        1.3181
    2	SPEC AX2	        0.0000	        1.2481
    3	SPEC AX3	        0.0000	        1.3376
    4	SPEC AX4	        0.0000	        1.0000
    5	ENVI AX1	        0.0000	        0.7908
    6	ENVI AX2	        0.0000	        0.5824
    7	ENVI AX3	        0.0000	        0.6127
    8	ENVI AX4	        0.0000	        0.7236
    1	F       	       77.1530	       17.5453	        3.5582
    2	Gsum    	       66.5525	       11.8650	       16.4997
    3	G3      	       33.6353	        9.0677	       16.8166
    4	G4      	       32.9172	        6.2403	        0.0000
    5	L       	       21.8887	        7.9783	        8.0800
    6	W       	        3.2404	        2.0576	        6.3018


 **** Summary ****

 Axes                               	     1	     2	     3	     4	 Total inertia

 Species-environment correlations  :	 0.600	 0.467	 0.458	 0.724
 Cumulative percentage variance
    of species data                :	   1.3	   2.5	   3.3	   7.0
    of species-environment relation:	  11.6	  17.3	  21.7	  60.0

 Sum of all               eigenvalues      	     	      	      	      	  0.563
 Sum of all canonical     eigenvalues      	     	      	      	      	  0.040


 The sum of all eigenvalues is after fitting covariables
 Percentages are taken with respect to residual variances
                 i.e. variances after fitting covariables

[Thu Mar 19 22:38:24 2009] CANOCO call succeeded

