[Fri Mar 20 12:34:22 2009] Log file created
[Fri Mar 20 12:34:39 2009] Settings changed
[Fri Mar 20 12:34:40 2009] Running CANOCO:
[Fri Mar 20 12:34:40 2009] CON file [C:\Users\Daniel McGlinn\Documents\Grad Ecology\TGP - vegmon\management manuscript\CCA\wo bison binary\pCCA (yr given sites & dist).con] saved
 Program CANOCO Version 4.5 February 2002 - written by Cajo J.F. Ter Braak
 (C) 1988-2002 Biometris - quantitative methods in the life and earth sciences
 Plant Research International, Wageningen University and Research Centre
 Box 100, 6700 AC Wageningen, the Netherlands
 CANOCO performs (partial) (detrended) (canonical) correspondence analysis,
 principal components analysis and redundancy analysis.
 CANOCO is an extension of Cornell Ecology program DECORANA (Hill,1979)

 For explanation of the input/output see the manual or
 Ter Braak, C.J.F. (1995) Ordination. Chapter 5 in:
 Data Analysis in Community and Landscape Ecology
 (Jongman, R.H.G., Ter Braak, C.J.F. and Van Tongeren, O.F.R., Eds)
 Cambridge University Press, Cambridge, UK, 91-173 pp.

 *** Type of analysis ***
  Model             Gradient analysis
               indirect     direct     hybrid
 linear         1=PCA       2= RDA       3
 unimodal       4= CA       5= CCA       6
    ,,          7=DCA       8=DCCA       9
               10=non-standard analysis
 Type analysis number
 Answer =  5


 *** Data files ***
 Species data       : C:\Users\Daniel McGlinn\Documents\Grad Ecology\TGP - vegmon\management manuscript\data folder\tgp sp cov.spe
 Covariable data    : C:\Users\Daniel McGlinn\Documents\Grad Ecology\TGP - vegmon\management manuscript\data folder\tgp env.env
 Environmental data : C:\Users\Daniel McGlinn\Documents\Grad Ecology\TGP - vegmon\management manuscript\data folder\tgp env.env
 Initialization file:  

 Forward selection of envi. variables =    0
 Scaling of ordination scores         =    2
 Diagnostics                          =    3

 File   : C:\Users\Daniel McGlinn\Documents\Grad Ecology\TGP - vegmon\management manuscript\data folder\tgp sp cov.spe
 Title  : tgp species data 98-08                                                          
 Format :  (I5,1X,5(I6,F7.2))                                                  
 No. of couplets of species number and abundance per line :    5


 No samples omitted
 Number of samples           220
 Number of species           307
 Number of occurrences     16768


 File  : C:\Users\Daniel McGlinn\Documents\Grad Ecology\TGP - vegmon\management manuscript\data folder\tgp env.env
 Title : tgp env                                                                        
 Format :  (I5,1X,3(I6,F15.9))                                                 
 No. of             covariables :    64


 No interaction terms defined


 ******************************************************************************
                     Names of covariables
 ******************************************************************************
 205      206      208      220      222      226      238     

 244      254      259      303      307      308      309     

 317      319      331      343      346      350      YrsOB   

 BP5Yrs   YrsSLB  
 ******************************************************************************

 File  : C:\Users\Daniel McGlinn\Documents\Grad Ecology\TGP - vegmon\management manuscript\data folder\tgp env.env
 Title : tgp env                                                                        
 Format :  (I5,1X,3(I6,F15.9))                                                 
 No. of environmental variables :    64


 No interaction terms defined


 Squareroot-transformation of species data
 No species-weights specified
 No  sample-weights specified
    downweighting of rare species



 Final species weights applied (weight*downweight)
  1.000 1.000 1.000 0.143 0.685 0.207 0.081 1.000 0.320 0.046 1.000 1.000 1.000 1.000 0.160 1.000 0.269 1.000 1.000 0.317
  1.000 0.925 0.408 0.023 0.052 0.819 1.000 0.446 0.137 0.503 1.000 1.000 1.000 0.500 0.046 0.391 0.548 0.046 1.000 1.000
  1.000 0.023 1.000 1.000 0.023 1.000 1.000 0.023 1.000 1.000 0.211 1.000 0.160 1.000 1.000 1.000 0.023 1.000 1.000 0.029
  0.953 0.046 0.044 0.762 1.000 0.023 1.000 0.365 0.531 1.000 1.000 0.104 0.023 1.000 0.913 0.046 0.320 0.790 1.000 0.218
  0.104 1.000 0.419 0.052 1.000 1.000 0.406 0.658 0.046 0.114 1.000 0.137 0.822 0.578 0.298 0.485 0.412 1.000 0.527 0.114
  0.759 1.000 1.000 1.000 1.000 1.000 0.879 0.772 0.023 0.068 0.789 0.023 1.000 1.000 1.000 1.000 0.044 0.784 1.000 0.023
  0.548 0.023 0.207 0.220 0.800 0.114 0.906 0.514 1.000 0.869 0.236 0.160 0.146 1.000 1.000 0.023 0.094 0.046 0.183 0.023
  0.023 0.023 1.000 0.068 0.186 0.075 0.269 0.303 1.000 0.725 0.334 0.114 0.097 0.143 0.160 0.464 0.023 0.023 1.000 1.000
  0.303 0.840 0.029 1.000 1.000 1.000 1.000 0.389 1.000 0.531 1.000 1.000 0.256 1.000 0.205 1.000 1.000 0.143 0.091 0.023
  0.023 0.023 0.385 1.000 1.000 1.000 0.044 0.371 0.433 1.000 0.075 0.348 0.773 0.285 0.143 0.251 0.224 1.000 0.046 0.400
  0.126 1.000 1.000 1.000 0.091 1.000 0.023 0.143 1.000 0.091 0.771 0.166 1.000 0.029 1.000 1.000 0.942 0.468 1.000 0.097
  1.000 0.046 0.029 0.023 0.052 0.274 0.456 1.000 0.560 0.160 0.091 1.000 1.000 0.046 1.000 0.068 0.228 0.287 0.046 1.000
  1.000 1.000 1.000 0.257 0.497 1.000 0.023 0.114 1.000 0.548 0.120 0.779 0.104 1.000 0.023 0.068 1.000 0.114 1.000 1.000
  0.218 1.000 0.068 0.740 0.023 1.000 0.211 0.616 1.000 1.000 0.023 0.046 1.000 0.914 1.000 0.036 1.000 0.023 0.571 0.599
  1.000 0.120 0.023 0.172 1.000 0.921 0.288 0.023 1.000 1.000 0.951 0.036 0.023 0.257 0.317 0.091 0.046 1.000 1.000 1.000
  0.023 0.146 0.068 0.350 1.000 0.068 1.000

 No rescaling

 No detrending


 No. of active  samples:    220
 No. of passive samples:      0
 No. of active  species:    307

 Total inertia in species data=
 Sum of all eigenvalues of CA =    1.47585

 Covariable 350      is linearly dependent, hence ignored
 ****** Collinearity detected when fitting variable    31 ******
 
1
 **** Weighted correlation matrix (weight = sample total) ****
 
 SPEC AX1	  1.0000
 SPEC AX2	 -0.0805	  1.0000
 SPEC AX3	  0.0066	  0.0068	  1.0000
 SPEC AX4	 -0.0498	  0.0542	  0.0363	  1.0000
 ENVI AX1	  0.7979	  0.0000	  0.0000	  0.0000	  1.0000
 ENVI AX2	  0.0000	  0.8803	  0.0000	  0.0000	  0.0000	  1.0000
 ENVI AX3	  0.0000	  0.0000	  0.8234	  0.0000	  0.0000	  0.0000	  1.0000
 ENVI AX4	  0.0000	  0.0000	  0.0000	  0.7697	  0.0000	  0.0000	  0.0000	  1.0000
 1998    	  0.3502	  0.2192	  0.2111	 -0.1256	  0.4389	  0.2490	  0.2564	 -0.1631
 1999    	 -0.1497	  0.5255	  0.1339	  0.4642	 -0.1876	  0.5970	  0.1626	  0.6031
 2000    	  0.2389	  0.3138	 -0.2771	 -0.3766	  0.2995	  0.3565	 -0.3365	 -0.4893
 2001    	 -0.3733	  0.0111	  0.0229	  0.0056	 -0.4679	  0.0126	  0.0279	  0.0073
 2002    	 -0.2596	 -0.2873	  0.2941	 -0.1975	 -0.3254	 -0.3264	  0.3572	 -0.2566
 2003    	 -0.2605	 -0.1900	  0.0368	 -0.1023	 -0.3265	 -0.2159	  0.0447	 -0.1329
 2004    	 -0.0045	 -0.1023	 -0.2564	 -0.1175	 -0.0056	 -0.1162	 -0.3114	 -0.1526
 2005    	  0.0466	 -0.1459	 -0.1226	 -0.1565	  0.0584	 -0.1658	 -0.1489	 -0.2033
 2006    	  0.4399	 -0.2429	  0.4863	  0.1467	  0.5514	 -0.2760	  0.5906	  0.1906
 2007    	 -0.1041	 -0.0689	 -0.1086	  0.2589	 -0.1305	 -0.0782	 -0.1319	  0.3363
 2008    	  0.1442	  0.0703	 -0.3836	  0.2172	  0.1807	  0.0799	 -0.4659	  0.2821

         	SPEC AX1	SPEC AX2	SPEC AX3	SPEC AX4	ENVI AX1	ENVI AX2	ENVI AX3	ENVI AX4

 1998    	  1.0000
 1999    	 -0.2022	  1.0000
 2000    	 -0.1757	 -0.1756	  1.0000
 2001    	 -0.1656	 -0.1702	 -0.1534	  1.0000
 2002    	 -0.1428	 -0.1410	 -0.1288	 -0.1372	  1.0000
 2003    	 -0.1093	 -0.1168	 -0.1131	 -0.1156	 -0.1060	  1.0000
 2004    	 -0.0897	 -0.0931	 -0.0963	 -0.0852	 -0.0936	 -0.1067	  1.0000
 2005    	 -0.0624	 -0.0655	 -0.0701	 -0.0800	 -0.0904	 -0.0994	 -0.1177	  1.0000
 2006    	 -0.0145	 -0.0312	 -0.0431	 -0.0631	 -0.0727	 -0.0914	 -0.1091	 -0.1347
 2007    	  0.0319	  0.0025	 -0.0230	 -0.0369	 -0.0589	 -0.1011	 -0.1393	 -0.1643
 2008    	  0.0632	  0.0345	  0.0055	 -0.0223	 -0.0522	 -0.0950	 -0.1369	 -0.1846

         	1998    	1999    	2000    	2001    	2002    	2003    	2004    	2005    

 2006    	  1.0000
 2007    	 -0.1987	  1.0000
 2008    	 -0.2274	 -0.3167	  1.0000

         	2006    	2007    	2008    

    N	name	   (weighted) mean	   stand. dev.	inflation factor

    1	SPEC AX1	        0.0000	        1.2533
    2	SPEC AX2	        0.0000	        1.1360
    3	SPEC AX3	        0.0000	        1.2145
    4	SPEC AX4	        0.0000	        1.2992
    5	ENVI AX1	        0.0000	        1.0000
    6	ENVI AX2	        0.0000	        1.0000
    7	ENVI AX3	        0.0000	        1.0000
    8	ENVI AX4	        0.0000	        1.0000
   21	1998    	        0.0708	        0.2565	        2.7285
   22	1999    	        0.0821	        0.2746	        2.7541
   23	2000    	        0.0823	        0.2748	        2.5791
   24	2001    	        0.0918	        0.2887	        2.6135
   25	2002    	        0.0881	        0.2834	        2.3744
   26	2003    	        0.0931	        0.2905	        2.2315
   27	2004    	        0.0981	        0.2975	        2.1413
   28	2005    	        0.0997	        0.2996	        2.0109
   29	2006    	        0.0892	        0.2850	        1.7987
   30	2007    	        0.1039	        0.3052	        1.8429
   31	2008    	        0.1009	        0.3012	        0.0000


 **** Summary ****

 Axes                               	     1	     2	     3	     4	 Total inertia

 Eigenvalues                       :	 0.016	 0.011	 0.008	 0.007	        1.476
 Species-environment correlations  :	 0.798	 0.880	 0.823	 0.770
 Cumulative percentage variance
    of species data                :	   2.6	   4.5	   5.8	   7.0
    of species-environment relation:	  24.2	  41.5	  54.5	  64.8

 Sum of all               eigenvalues      	     	      	      	      	  0.609
 Sum of all canonical     eigenvalues      	     	      	      	      	  0.065


 The sum of all eigenvalues is after fitting covariables
 Percentages are taken with respect to residual variances
                 i.e. variances after fitting covariables

 *** MESSAGE ***
 The fit for species is additional to the fit due to covariables.
 With covariables, CANOCO cannot calculate residuals for samples.

1
 *** Specification of blocks ***

 *** The permutations are conditioned on    19 covariable(s), namely: ***

    covariable  205     
    covariable  206     
    covariable  208     
    covariable  220     
    covariable  222     
    covariable  226     
    covariable  238     
    covariable  244     
    covariable  254     
    covariable  259     
    covariable  303     
    covariable  307     
    covariable  308     
    covariable  309     
    covariable  317     
    covariable  319     
    covariable  331     
    covariable  343     
    covariable  346     

 *** Sample arrangement in the permutation test ***


 Samples in block    1 :
 **  Time series or line of plots   **
     1    21    41    61    81   101   121   141   161   181
   201
 The      11       plots are permuted using cyclic shifts

 Samples in block    2 :
 **  Time series or line of plots   **
     2    22    42    62    82   102   122   142   162   182
   202
 The      11       plots are permuted using cyclic shifts

 Samples in block    3 :
 **  Time series or line of plots   **
     3    23    43    63    83   103   123   143   163   183
   203
 The      11       plots are permuted using cyclic shifts

 Samples in block    4 :
 **  Time series or line of plots   **
     4    24    44    64    84   104   124   144   164   184
   204
 The      11       plots are permuted using cyclic shifts

 Samples in block    5 :
 **  Time series or line of plots   **
     5    25    45    65    85   105   125   145   165   185
   205
 The      11       plots are permuted using cyclic shifts

 Samples in block    6 :
 **  Time series or line of plots   **
     6    26    46    66    86   106   126   146   166   186
   206
 The      11       plots are permuted using cyclic shifts

 Samples in block    7 :
 **  Time series or line of plots   **
     7    27    47    67    87   107   127   147   167   187
   207
 The      11       plots are permuted using cyclic shifts

 Samples in block    8 :
 **  Time series or line of plots   **
     8    28    48    68    88   108   128   148   168   188
   208
 The      11       plots are permuted using cyclic shifts

 Samples in block    9 :
 **  Time series or line of plots   **
     9    29    49    69    89   109   129   149   169   189
   209
 The      11       plots are permuted using cyclic shifts

 Samples in block   10 :
 **  Time series or line of plots   **
    10    30    50    70    90   110   130   150   170   190
   210
 The      11       plots are permuted using cyclic shifts

 Samples in block   11 :
 **  Time series or line of plots   **
    11    31    51    71    91   111   131   151   171   191
   211
 The      11       plots are permuted using cyclic shifts

 Samples in block   12 :
 **  Time series or line of plots   **
    12    32    52    72    92   112   132   152   172   192
   212
 The      11       plots are permuted using cyclic shifts

 Samples in block   13 :
 **  Time series or line of plots   **
    13    33    53    73    93   113   133   153   173   193
   213
 The      11       plots are permuted using cyclic shifts

 Samples in block   14 :
 **  Time series or line of plots   **
    14    34    54    74    94   114   134   154   174   194
   214
 The      11       plots are permuted using cyclic shifts

 Samples in block   15 :
 **  Time series or line of plots   **
    15    35    55    75    95   115   135   155   175   195
   215
 The      11       plots are permuted using cyclic shifts

 Samples in block   16 :
 **  Time series or line of plots   **
    16    36    56    76    96   116   136   156   176   196
   216
 The      11       plots are permuted using cyclic shifts

 Samples in block   17 :
 **  Time series or line of plots   **
    17    37    57    77    97   117   137   157   177   197
   217
 The      11       plots are permuted using cyclic shifts

 Samples in block   18 :
 **  Time series or line of plots   **
    18    38    58    78    98   118   138   158   178   198
   218
 The      11       plots are permuted using cyclic shifts

 Samples in block   19 :
 **  Time series or line of plots   **
    19    39    59    79    99   119   139   159   179   199
   219
 The      11       plots are permuted using cyclic shifts

 Samples in block   20 :
 **  Time series or line of plots   **
    20    40    60    80   100   120   140   160   180   200
   220
 The      11       plots are permuted using cyclic shifts

 Seeds:  12393 10017



 **** Summary of Monte Carlo test ****

 Test of significance of first canonical axis: eigenvalue =    0.016
                                               F-ratio    =    4.987
                                               P-value    =    0.0010

 Test of significance of all canonical axes  : Trace      =    0.065
                                               F-ratio    =    2.248
                                               P-value    =    0.0010

 (  999 permutations under reduced model)

[Fri Mar 20 12:34:48 2009] CANOCO call succeeded

