[Fri Mar 20 14:04:39 2009] Settings changed
[Fri Mar 20 14:04:40 2009] Running CANOCO:
[Fri Mar 20 14:04:40 2009] CON file [C:\Users\Daniel McGlinn\Documents\Grad Ecology\TGP - vegmon\management manuscript\CCA\wo bison binary\pCCA (yrsOB given sites & yr).con] saved
 Program CANOCO Version 4.5 February 2002 - written by Cajo J.F. Ter Braak
 (C) 1988-2002 Biometris - quantitative methods in the life and earth sciences
 Plant Research International, Wageningen University and Research Centre
 Box 100, 6700 AC Wageningen, the Netherlands
 CANOCO performs (partial) (detrended) (canonical) correspondence analysis,
 principal components analysis and redundancy analysis.
 CANOCO is an extension of Cornell Ecology program DECORANA (Hill,1979)

 For explanation of the input/output see the manual or
 Ter Braak, C.J.F. (1995) Ordination. Chapter 5 in:
 Data Analysis in Community and Landscape Ecology
 (Jongman, R.H.G., Ter Braak, C.J.F. and Van Tongeren, O.F.R., Eds)
 Cambridge University Press, Cambridge, UK, 91-173 pp.

 *** Type of analysis ***
  Model             Gradient analysis
               indirect     direct     hybrid
 linear         1=PCA       2= RDA       3
 unimodal       4= CA       5= CCA       6
    ,,          7=DCA       8=DCCA       9
               10=non-standard analysis
 Type analysis number
 Answer =  5


 *** Data files ***
 Species data       : C:\Users\Daniel McGlinn\Documents\Grad Ecology\TGP - vegmon\management manuscript\data folder\tgp sp cov.spe
 Covariable data    : C:\Users\Daniel McGlinn\Documents\Grad Ecology\TGP - vegmon\management manuscript\data folder\tgp env.env
 Environmental data : C:\Users\Daniel McGlinn\Documents\Grad Ecology\TGP - vegmon\management manuscript\data folder\tgp env.env
 Initialization file:  

 Forward selection of envi. variables =    0
 Scaling of ordination scores         =    2
 Diagnostics                          =    3

 File   : C:\Users\Daniel McGlinn\Documents\Grad Ecology\TGP - vegmon\management manuscript\data folder\tgp sp cov.spe
 Title  : tgp species data 98-08                                                          
 Format :  (I5,1X,5(I6,F7.2))                                                  
 No. of couplets of species number and abundance per line :    5


 No samples omitted
 Number of samples           220
 Number of species           307
 Number of occurrences     16768


 File  : C:\Users\Daniel McGlinn\Documents\Grad Ecology\TGP - vegmon\management manuscript\data folder\tgp env.env
 Title : tgp env                                                                        
 Format :  (I5,1X,3(I6,F15.9))                                                 
 No. of             covariables :    64


 No interaction terms defined


 ******************************************************************************
                     Names of covariables
 ******************************************************************************
 1998     1999     2000     2001     2002     2003     2004    

 2005     2006     2007     2008     205      206      208     

 220      222      226      238      244      254      259     

 303      307      308      309      317      319      331     

 343      346      350      BP5Yrs   YrsSLB  
 ******************************************************************************

 File  : C:\Users\Daniel McGlinn\Documents\Grad Ecology\TGP - vegmon\management manuscript\data folder\tgp env.env
 Title : tgp env                                                                        
 Format :  (I5,1X,3(I6,F15.9))                                                 
 No. of environmental variables :    64


 No interaction terms defined


 Squareroot-transformation of species data
 No species-weights specified
 No  sample-weights specified
    downweighting of rare species



 Final species weights applied (weight*downweight)
  1.000 1.000 1.000 0.143 0.685 0.207 0.081 1.000 0.320 0.046 1.000 1.000 1.000 1.000 0.160 1.000 0.269 1.000 1.000 0.317
  1.000 0.925 0.408 0.023 0.052 0.819 1.000 0.446 0.137 0.503 1.000 1.000 1.000 0.500 0.046 0.391 0.548 0.046 1.000 1.000
  1.000 0.023 1.000 1.000 0.023 1.000 1.000 0.023 1.000 1.000 0.211 1.000 0.160 1.000 1.000 1.000 0.023 1.000 1.000 0.029
  0.953 0.046 0.044 0.762 1.000 0.023 1.000 0.365 0.531 1.000 1.000 0.104 0.023 1.000 0.913 0.046 0.320 0.790 1.000 0.218
  0.104 1.000 0.419 0.052 1.000 1.000 0.406 0.658 0.046 0.114 1.000 0.137 0.822 0.578 0.298 0.485 0.412 1.000 0.527 0.114
  0.759 1.000 1.000 1.000 1.000 1.000 0.879 0.772 0.023 0.068 0.789 0.023 1.000 1.000 1.000 1.000 0.044 0.784 1.000 0.023
  0.548 0.023 0.207 0.220 0.800 0.114 0.906 0.514 1.000 0.869 0.236 0.160 0.146 1.000 1.000 0.023 0.094 0.046 0.183 0.023
  0.023 0.023 1.000 0.068 0.186 0.075 0.269 0.303 1.000 0.725 0.334 0.114 0.097 0.143 0.160 0.464 0.023 0.023 1.000 1.000
  0.303 0.840 0.029 1.000 1.000 1.000 1.000 0.389 1.000 0.531 1.000 1.000 0.256 1.000 0.205 1.000 1.000 0.143 0.091 0.023
  0.023 0.023 0.385 1.000 1.000 1.000 0.044 0.371 0.433 1.000 0.075 0.348 0.773 0.285 0.143 0.251 0.224 1.000 0.046 0.400
  0.126 1.000 1.000 1.000 0.091 1.000 0.023 0.143 1.000 0.091 0.771 0.166 1.000 0.029 1.000 1.000 0.942 0.468 1.000 0.097
  1.000 0.046 0.029 0.023 0.052 0.274 0.456 1.000 0.560 0.160 0.091 1.000 1.000 0.046 1.000 0.068 0.228 0.287 0.046 1.000
  1.000 1.000 1.000 0.257 0.497 1.000 0.023 0.114 1.000 0.548 0.120 0.779 0.104 1.000 0.023 0.068 1.000 0.114 1.000 1.000
  0.218 1.000 0.068 0.740 0.023 1.000 0.211 0.616 1.000 1.000 0.023 0.046 1.000 0.914 1.000 0.036 1.000 0.023 0.571 0.599
  1.000 0.120 0.023 0.172 1.000 0.921 0.288 0.023 1.000 1.000 0.951 0.036 0.023 0.257 0.317 0.091 0.046 1.000 1.000 1.000
  0.023 0.146 0.068 0.350 1.000 0.068 1.000

 No rescaling

 No detrending


 No. of active  samples:    220
 No. of passive samples:      0
 No. of active  species:    307

 Total inertia in species data=
 Sum of all eigenvalues of CA =    1.47585

 Covariable 2008     is linearly dependent, hence ignored
 Covariable 350      is linearly dependent, hence ignored
 
1
 **** Weighted correlation matrix (weight = sample total) ****
 
 SPEC AX1	  1.0000
 SPEC AX2	 -0.3441	  1.0000
 SPEC AX3	 -0.1564	  0.0000	  1.0000
 SPEC AX4	  0.0987	  0.0000	  0.0000	  1.0000
 ENVI AX1	  0.7854	  0.0000	  0.0000	  0.0000	  1.0000
 ENVI AX2	  0.0000	  0.0000	  0.0000	  0.0000	  0.0000	  0.0000
 ENVI AX3	  0.0000	  0.0000	  0.0000	  0.0000	  0.0000	  0.0000	  0.0000
 ENVI AX4	  0.0000	  0.0000	  0.0000	  0.0000	  0.0000	  0.0000	  0.0000	  0.0000
 YrsOB   	 -0.7854	  0.0000	  0.0000	  0.0000	 -1.0000	  0.0000	  0.0000	  0.0000

         	SPEC AX1	SPEC AX2	SPEC AX3	SPEC AX4	ENVI AX1	ENVI AX2	ENVI AX3	ENVI AX4


    N	name	   (weighted) mean	   stand. dev.	inflation factor

    1	SPEC AX1	        0.0000	        1.2732
    2	SPEC AX2	        0.0000	        1.0000
    3	SPEC AX3	        0.0000	        1.0000
    4	SPEC AX4	        0.0000	        1.0000
    5	ENVI AX1	        0.0000	        1.0000
    6	ENVI AX2	        0.0000	        0.0000
    7	ENVI AX3	        0.0000	        0.0000
    8	ENVI AX4	        0.0000	        0.0000
   36	YrsOB   	        3.7074	        4.3415	        9.8597


 **** Summary ****

 Axes                               	     1	     2	     3	     4	 Total inertia

 Eigenvalues                       :	 0.007	 0.021	 0.015	 0.014	        1.476
 Species-environment correlations  :	 0.785	 0.000	 0.000	 0.000
 Cumulative percentage variance
    of species data                :	   1.2	   5.0	   7.8	  10.3
    of species-environment relation:	 100.0	   0.0	   0.0	   0.0

 Sum of all               eigenvalues      	     	      	      	      	  0.551
 Sum of all canonical     eigenvalues      	     	      	      	      	  0.007


 The sum of all eigenvalues is after fitting covariables
 Percentages are taken with respect to residual variances
                 i.e. variances after fitting covariables

 *** MESSAGE ***
 The fit for species is additional to the fit due to covariables.
 With covariables, CANOCO cannot calculate residuals for samples.

1
 *** Specification of blocks ***

 *** The permutations are conditioned on    10 covariable(s), namely: ***

    covariable  1998    
    covariable  1999    
    covariable  2000    
    covariable  2001    
    covariable  2002    
    covariable  2003    
    covariable  2004    
    covariable  2005    
    covariable  2006    
    covariable  2007    

 *** Sample arrangement in the permutation test ***


 Samples in block    1 :
     1     2     3     4     5     6     7     8     9    10
    11    12    13    14    15    16    17    18    19    20
 The      20       plots are permuted completely at random

 Samples in block    2 :
    21    22    23    24    25    26    27    28    29    30
    31    32    33    34    35    36    37    38    39    40
 The      20       plots are permuted completely at random

 Samples in block    3 :
    41    42    43    44    45    46    47    48    49    50
    51    52    53    54    55    56    57    58    59    60
 The      20       plots are permuted completely at random

 Samples in block    4 :
    61    62    63    64    65    66    67    68    69    70
    71    72    73    74    75    76    77    78    79    80
 The      20       plots are permuted completely at random

 Samples in block    5 :
    81    82    83    84    85    86    87    88    89    90
    91    92    93    94    95    96    97    98    99   100
 The      20       plots are permuted completely at random

 Samples in block    6 :
   101   102   103   104   105   106   107   108   109   110
   111   112   113   114   115   116   117   118   119   120
 The      20       plots are permuted completely at random

 Samples in block    7 :
   121   122   123   124   125   126   127   128   129   130
   131   132   133   134   135   136   137   138   139   140
 The      20       plots are permuted completely at random

 Samples in block    8 :
   141   142   143   144   145   146   147   148   149   150
   151   152   153   154   155   156   157   158   159   160
 The      20       plots are permuted completely at random

 Samples in block    9 :
   161   162   163   164   165   166   167   168   169   170
   171   172   173   174   175   176   177   178   179   180
 The      20       plots are permuted completely at random

 Samples in block   10 :
   181   182   183   184   185   186   187   188   189   190
   191   192   193   194   195   196   197   198   199   200
 The      20       plots are permuted completely at random

 Samples in block   11 :
   201   202   203   204   205   206   207   208   209   210
   211   212   213   214   215   216   217   218   219   220
 The      20       plots are permuted completely at random

 Seeds:  17453 24752



 **** Summary of Monte Carlo test ****

 Test of significance of all canonical axes  : Trace      =    0.007
                                               F-ratio    =    2.314
                                               P-value    =    0.0010

 (  999 permutations under reduced model)

[Fri Mar 20 14:04:44 2009] CANOCO call succeeded

