[Thu Oct 09 10:06:53 2008] Log file cleared
[Thu Oct 09 10:07:34 2008] Settings changed
[Thu Oct 09 10:07:35 2008] Running CANOCO:
[Thu Oct 09 10:07:35 2008] CON file [C:\Users\Daniel McGlinn\Documents\Grad Ecology\TGP - vegmon\management manuscript\CCA\CCA.con] saved
 Program CANOCO Version 4.5 February 2002 - written by Cajo J.F. Ter Braak
 (C) 1988-2002 Biometris - quantitative methods in the life and earth sciences
 Plant Research International, Wageningen University and Research Centre
 Box 100, 6700 AC Wageningen, the Netherlands
 CANOCO performs (partial) (detrended) (canonical) correspondence analysis,
 principal components analysis and redundancy analysis.
 CANOCO is an extension of Cornell Ecology program DECORANA (Hill,1979)

 For explanation of the input/output see the manual or
 Ter Braak, C.J.F. (1995) Ordination. Chapter 5 in:
 Data Analysis in Community and Landscape Ecology
 (Jongman, R.H.G., Ter Braak, C.J.F. and Van Tongeren, O.F.R., Eds)
 Cambridge University Press, Cambridge, UK, 91-173 pp.

 *** Type of analysis ***
  Model             Gradient analysis
               indirect     direct     hybrid
 linear         1=PCA       2= RDA       3
 unimodal       4= CA       5= CCA       6
    ,,          7=DCA       8=DCCA       9
               10=non-standard analysis
 Type analysis number
 Answer =  5


 *** Data files ***
 Species data       : C:\Users\Daniel McGlinn\Documents\Grad Ecology\TGP - vegmon\management manuscript\data folder\tgp sp cov.spe
 Covariable data    :  
 Environmental data : C:\Users\Daniel McGlinn\Documents\Grad Ecology\TGP - vegmon\management manuscript\data folder\tgp env.env
 Initialization file:  

 Forward selection of envi. variables =    0
 Scaling of ordination scores         =    2
 Diagnostics                          =    3

 File   : C:\Users\Daniel McGlinn\Documents\Grad Ecology\TGP - vegmon\management manuscript\data folder\tgp sp cov.spe
 Title  : tgp species data 98-08                                                          
 Format :  (I5,1X,5(I6,F7.2))                                                  
 No. of couplets of species number and abundance per line :    5


 No samples omitted
 Number of samples           220
 Number of species           307
 Number of occurrences     16768


 File  : C:\Users\Daniel McGlinn\Documents\Grad Ecology\TGP - vegmon\management manuscript\data folder\tgp env.env
 Title : tgp env                                                                        
 Format :  (I5,1X,3(I6,F15.9))                                                 
 No. of environmental variables :    64


 No interaction terms defined


 Squareroot-transformation of species data
 No species-weights specified
 No  sample-weights specified
    downweighting of rare species



 Final species weights applied (weight*downweight)
  1.000 1.000 1.000 0.143 0.685 0.207 0.081 1.000 0.320 0.046 1.000 1.000 1.000 1.000 0.160 1.000 0.269 1.000 1.000 0.317
  1.000 0.925 0.408 0.023 0.052 0.819 1.000 0.446 0.137 0.503 1.000 1.000 1.000 0.500 0.046 0.391 0.548 0.046 1.000 1.000
  1.000 0.023 1.000 1.000 0.023 1.000 1.000 0.023 1.000 1.000 0.211 1.000 0.160 1.000 1.000 1.000 0.023 1.000 1.000 0.029
  0.953 0.046 0.044 0.762 1.000 0.023 1.000 0.365 0.531 1.000 1.000 0.104 0.023 1.000 0.913 0.046 0.320 0.790 1.000 0.218
  0.104 1.000 0.419 0.052 1.000 1.000 0.406 0.658 0.046 0.114 1.000 0.137 0.822 0.578 0.298 0.485 0.412 1.000 0.527 0.114
  0.759 1.000 1.000 1.000 1.000 1.000 0.879 0.772 0.023 0.068 0.789 0.023 1.000 1.000 1.000 1.000 0.044 0.784 1.000 0.023
  0.548 0.023 0.207 0.220 0.800 0.114 0.906 0.514 1.000 0.869 0.236 0.160 0.146 1.000 1.000 0.023 0.094 0.046 0.183 0.023
  0.023 0.023 1.000 0.068 0.186 0.075 0.269 0.303 1.000 0.725 0.334 0.114 0.097 0.143 0.160 0.464 0.023 0.023 1.000 1.000
  0.303 0.840 0.029 1.000 1.000 1.000 1.000 0.389 1.000 0.531 1.000 1.000 0.256 1.000 0.205 1.000 1.000 0.143 0.091 0.023
  0.023 0.023 0.385 1.000 1.000 1.000 0.044 0.371 0.433 1.000 0.075 0.348 0.773 0.285 0.143 0.251 0.224 1.000 0.046 0.400
  0.126 1.000 1.000 1.000 0.091 1.000 0.023 0.143 1.000 0.091 0.771 0.166 1.000 0.029 1.000 1.000 0.942 0.468 1.000 0.097
  1.000 0.046 0.029 0.023 0.052 0.274 0.456 1.000 0.560 0.160 0.091 1.000 1.000 0.046 1.000 0.068 0.228 0.287 0.046 1.000
  1.000 1.000 1.000 0.257 0.497 1.000 0.023 0.114 1.000 0.548 0.120 0.779 0.104 1.000 0.023 0.068 1.000 0.114 1.000 1.000
  0.218 1.000 0.068 0.740 0.023 1.000 0.211 0.616 1.000 1.000 0.023 0.046 1.000 0.914 1.000 0.036 1.000 0.023 0.571 0.599
  1.000 0.120 0.023 0.172 1.000 0.921 0.288 0.023 1.000 1.000 0.951 0.036 0.023 0.257 0.317 0.091 0.046 1.000 1.000 1.000
  0.023 0.146 0.068 0.350 1.000 0.068 1.000

 No rescaling

 No detrending


 No. of active  samples:    220
 No. of passive samples:      0
 No. of active  species:    307

 Total inertia in species data=
 Sum of all eigenvalues of CA =    1.47585

 ****** Collinearity detected when fitting variable    20 ******
 ****** Collinearity detected when fitting variable    31 ******
 ****** Collinearity detected when fitting variable    35 ******
 
 ****** Check on influence in covariable/environment data ******
 The following sample(s) have extreme values
 Sample Environmental        Covariable  + Environment space
        variable Influence   influence     influence     

    137    38      5.7x
    181    38      6.1x
    198    38      7.5x
    218    38      9.0x
 ****** End of check ******

1
 **** Weighted correlation matrix (weight = sample total) ****
 
 SPEC AX1	  1.0000
 SPEC AX2	  0.0059	  1.0000
 SPEC AX3	  0.0019	 -0.0031	  1.0000
 SPEC AX4	 -0.0223	 -0.0036	 -0.0076	  1.0000
 ENVI AX1	  0.9866	  0.0000	  0.0000	  0.0000	  1.0000
 ENVI AX2	  0.0000	  0.9811	  0.0000	  0.0000	  0.0000	  1.0000
 ENVI AX3	  0.0000	  0.0000	  0.9801	  0.0000	  0.0000	  0.0000	  1.0000
 ENVI AX4	  0.0000	  0.0000	  0.0000	  0.9467	  0.0000	  0.0000	  0.0000	  1.0000
 205     	 -0.2569	  0.0483	 -0.1124	 -0.2120	 -0.2604	  0.0492	 -0.1147	 -0.2240
 206     	 -0.0081	 -0.1778	 -0.0269	 -0.2985	 -0.0082	 -0.1813	 -0.0274	 -0.3153
 208     	 -0.2691	  0.1936	  0.1110	 -0.1806	 -0.2728	  0.1973	  0.1133	 -0.1908
 220     	 -0.1162	  0.1364	 -0.2013	 -0.1813	 -0.1178	  0.1390	 -0.2053	 -0.1915
 222     	 -0.0427	 -0.0938	  0.0388	 -0.3800	 -0.0432	 -0.0956	  0.0396	 -0.4014
 226     	 -0.1040	 -0.2094	 -0.4048	 -0.0498	 -0.1054	 -0.2134	 -0.4131	 -0.0527
 238     	  0.2219	 -0.0575	  0.0527	 -0.0244	  0.2249	 -0.0586	  0.0538	 -0.0258
 244     	  0.1421	 -0.1093	  0.1163	 -0.1921	  0.1441	 -0.1114	  0.1187	 -0.2029
 254     	 -0.0734	  0.5829	 -0.1207	  0.2362	 -0.0743	  0.5941	 -0.1231	  0.2495
 259     	 -0.1488	 -0.1157	  0.4121	  0.1413	 -0.1508	 -0.1180	  0.4205	  0.1492
 303     	  0.0717	 -0.3807	 -0.2383	  0.0625	  0.0726	 -0.3880	 -0.2431	  0.0660
 307     	  0.2862	  0.1727	  0.0263	 -0.0112	  0.2901	  0.1760	  0.0269	 -0.0118
 308     	 -0.4110	 -0.0797	  0.1449	  0.2211	 -0.4166	 -0.0813	  0.1478	  0.2335
 309     	  0.1012	 -0.2098	 -0.1182	  0.4303	  0.1026	 -0.2139	 -0.1206	  0.4545
 317     	  0.0049	  0.4374	 -0.2061	  0.1392	  0.0050	  0.4458	 -0.2103	  0.1471
 319     	 -0.1604	  0.0588	  0.5652	 -0.0394	 -0.1625	  0.0599	  0.5767	 -0.0416
 331     	  0.6329	  0.0396	  0.2336	  0.0612	  0.6415	  0.0404	  0.2384	  0.0647
 343     	  0.1674	  0.0996	 -0.0094	  0.0229	  0.1697	  0.1016	 -0.0096	  0.0241
 346     	 -0.1593	 -0.2227	  0.0145	  0.4198	 -0.1615	 -0.2270	  0.0148	  0.4435
 350     	  0.0778	 -0.0242	 -0.2175	 -0.0732	  0.0789	 -0.0246	 -0.2219	 -0.0773
 1998    	 -0.0092	 -0.0149	 -0.0301	  0.0500	 -0.0093	 -0.0152	 -0.0307	  0.0528
 1999    	 -0.0055	  0.0067	  0.0098	 -0.0623	 -0.0056	  0.0069	  0.0100	 -0.0658
 2000    	 -0.0237	  0.0262	 -0.0280	  0.0474	 -0.0241	  0.0267	 -0.0286	  0.0501
 2001    	  0.0137	  0.0010	  0.0486	 -0.0598	  0.0139	  0.0010	  0.0496	 -0.0631
 2002    	  0.0027	  0.0062	  0.0646	 -0.0163	  0.0027	  0.0063	  0.0659	 -0.0172
 2003    	  0.0303	  0.0053	  0.0559	 -0.0272	  0.0307	  0.0054	  0.0570	 -0.0287
 2004    	  0.0017	  0.0094	 -0.0049	 -0.0151	  0.0018	  0.0096	 -0.0050	 -0.0159
 2005    	  0.0199	 -0.0207	 -0.0059	  0.0019	  0.0202	 -0.0210	 -0.0060	  0.0020
 2006    	 -0.0517	 -0.0932	 -0.0270	  0.0528	 -0.0524	 -0.0950	 -0.0276	  0.0558
 2007    	  0.0226	  0.0180	 -0.0273	 -0.0239	  0.0229	  0.0183	 -0.0278	 -0.0252
 2008    	 -0.0066	  0.0526	 -0.0559	  0.0589	 -0.0066	  0.0536	 -0.0571	  0.0622
 bison   	 -0.1596	 -0.0214	 -0.2428	 -0.5692	 -0.1617	 -0.0219	 -0.2478	 -0.6012
 cattle  	  0.1596	  0.0214	  0.2428	  0.5692	  0.1617	  0.0219	  0.2478	  0.6012
 YrsOB   	 -0.2482	  0.0190	 -0.2546	 -0.5885	 -0.2516	  0.0193	 -0.2598	 -0.6216
 BP5Yrs  	 -0.2003	 -0.2247	  0.0209	  0.6162	 -0.2030	 -0.2291	  0.0213	  0.6509
 YrsSLB  	  0.1666	  0.1287	 -0.0231	 -0.2754	  0.1689	  0.1312	 -0.0235	 -0.2909
 spring  	 -0.0885	 -0.1918	  0.0057	  0.4221	 -0.0897	 -0.1955	  0.0058	  0.4459

         	SPEC AX1	SPEC AX2	SPEC AX3	SPEC AX4	ENVI AX1	ENVI AX2	ENVI AX3	ENVI AX4

 205     	  1.0000
 206     	 -0.0543	  1.0000
 208     	 -0.0514	 -0.0541	  1.0000
 220     	 -0.0526	 -0.0554	 -0.0525	  1.0000
 222     	 -0.0567	 -0.0597	 -0.0565	 -0.0579	  1.0000
 226     	 -0.0538	 -0.0567	 -0.0537	 -0.0549	 -0.0592	  1.0000
 238     	 -0.0548	 -0.0577	 -0.0546	 -0.0559	 -0.0602	 -0.0572	  1.0000
 244     	 -0.0544	 -0.0573	 -0.0542	 -0.0555	 -0.0598	 -0.0568	 -0.0578	  1.0000
 254     	 -0.0459	 -0.0483	 -0.0457	 -0.0468	 -0.0504	 -0.0479	 -0.0487	 -0.0484
 259     	 -0.0475	 -0.0500	 -0.0474	 -0.0485	 -0.0523	 -0.0496	 -0.0505	 -0.0502
 303     	 -0.0551	 -0.0580	 -0.0549	 -0.0562	 -0.0606	 -0.0575	 -0.0585	 -0.0581
 307     	 -0.0543	 -0.0572	 -0.0541	 -0.0554	 -0.0597	 -0.0567	 -0.0577	 -0.0573
 308     	 -0.0479	 -0.0505	 -0.0478	 -0.0489	 -0.0527	 -0.0501	 -0.0509	 -0.0506
 309     	 -0.0523	 -0.0551	 -0.0522	 -0.0534	 -0.0575	 -0.0546	 -0.0556	 -0.0552
 317     	 -0.0532	 -0.0560	 -0.0530	 -0.0543	 -0.0585	 -0.0555	 -0.0565	 -0.0561
 319     	 -0.0515	 -0.0543	 -0.0514	 -0.0526	 -0.0567	 -0.0538	 -0.0548	 -0.0544
 331     	 -0.0494	 -0.0520	 -0.0492	 -0.0504	 -0.0543	 -0.0516	 -0.0525	 -0.0521
 343     	 -0.0511	 -0.0538	 -0.0510	 -0.0522	 -0.0562	 -0.0534	 -0.0543	 -0.0540
 346     	 -0.0526	 -0.0554	 -0.0524	 -0.0537	 -0.0578	 -0.0549	 -0.0559	 -0.0555
 350     	 -0.0502	 -0.0529	 -0.0501	 -0.0513	 -0.0553	 -0.0525	 -0.0534	 -0.0530
 1998    	 -0.0091	 -0.0017	  0.0045	 -0.0115	 -0.0022	  0.0002	  0.0054	  0.0021
 1999    	  0.0066	  0.0004	  0.0092	 -0.0067	 -0.0102	 -0.0129	 -0.0085	 -0.0004
 2000    	 -0.0015	 -0.0063	  0.0041	  0.0055	 -0.0051	 -0.0037	  0.0024	 -0.0081
 2001    	 -0.0004	 -0.0062	 -0.0012	  0.0012	  0.0002	 -0.0049	  0.0032	 -0.0008
 2002    	  0.0099	 -0.0006	  0.0010	 -0.0107	  0.0007	  0.0016	  0.0010	 -0.0012
 2003    	  0.0031	  0.0008	 -0.0038	 -0.0055	  0.0074	 -0.0054	  0.0010	  0.0017
 2004    	 -0.0024	  0.0057	  0.0017	 -0.0011	  0.0039	  0.0218	 -0.0014	  0.0054
 2005    	  0.0097	  0.0002	 -0.0127	  0.0161	 -0.0016	 -0.0109	  0.0004	 -0.0069
 2006    	 -0.0021	  0.0031	  0.0020	 -0.0044	 -0.0019	  0.0092	 -0.0039	  0.0005
 2007    	 -0.0173	  0.0014	 -0.0076	  0.0076	  0.0003	 -0.0001	 -0.0033	  0.0041
 2008    	  0.0039	  0.0024	  0.0051	  0.0067	  0.0073	  0.0040	  0.0042	  0.0031
 bison   	  0.1996	  0.2102	  0.1990	  0.2038	  0.2195	  0.2084	  0.1748	  0.1754
 cattle  	 -0.1996	 -0.2102	 -0.1990	 -0.2038	 -0.2195	 -0.2084	 -0.1748	 -0.1754
 YrsOB   	  0.3237	  0.2054	  0.3187	  0.3424	  0.2153	  0.2184	  0.0513	  0.0546
 BP5Yrs  	 -0.2266	 -0.0831	 -0.1324	 -0.0895	 -0.1269	 -0.1558	 -0.0082	 -0.1663
 YrsSLB  	  0.2689	 -0.0247	  0.0366	 -0.0230	  0.0482	  0.0583	 -0.0575	  0.1210
 spring  	 -0.1464	 -0.0024	 -0.1459	  0.0079	 -0.1133	 -0.1007	 -0.0249	 -0.1545

         	205     	206     	208     	220     	222     	226     	238     	244     

 254     	  1.0000
 259     	 -0.0423	  1.0000
 303     	 -0.0490	 -0.0508	  1.0000
 307     	 -0.0483	 -0.0501	 -0.0580	  1.0000
 308     	 -0.0427	 -0.0442	 -0.0512	 -0.0505	  1.0000
 309     	 -0.0465	 -0.0482	 -0.0559	 -0.0551	 -0.0487	  1.0000
 317     	 -0.0473	 -0.0490	 -0.0568	 -0.0560	 -0.0494	 -0.0539	  1.0000
 319     	 -0.0458	 -0.0475	 -0.0551	 -0.0543	 -0.0479	 -0.0523	 -0.0531	  1.0000
 331     	 -0.0439	 -0.0455	 -0.0528	 -0.0520	 -0.0459	 -0.0501	 -0.0509	 -0.0494
 343     	 -0.0455	 -0.0471	 -0.0546	 -0.0539	 -0.0475	 -0.0519	 -0.0527	 -0.0511
 346     	 -0.0468	 -0.0485	 -0.0562	 -0.0554	 -0.0489	 -0.0534	 -0.0542	 -0.0525
 350     	 -0.0447	 -0.0463	 -0.0537	 -0.0529	 -0.0467	 -0.0510	 -0.0518	 -0.0502
 1998    	  0.0067	  0.0035	  0.0018	  0.0037	 -0.0062	  0.0058	 -0.0041	 -0.0068
 1999    	 -0.0019	  0.0067	  0.0035	  0.0047	  0.0055	  0.0115	 -0.0031	 -0.0019
 2000    	  0.0052	 -0.0016	  0.0062	  0.0016	  0.0067	  0.0116	 -0.0079	 -0.0047
 2001    	 -0.0073	  0.0039	  0.0024	  0.0026	 -0.0026	 -0.0005	  0.0003	  0.0004
 2002    	  0.0015	 -0.0032	  0.0108	 -0.0077	  0.0015	  0.0028	 -0.0089	  0.0014
 2003    	 -0.0012	 -0.0006	 -0.0044	 -0.0001	 -0.0005	 -0.0034	  0.0105	  0.0027
 2004    	 -0.0100	 -0.0008	 -0.0061	 -0.0053	  0.0038	 -0.0087	  0.0065	  0.0019
 2005    	  0.0053	  0.0005	 -0.0060	  0.0052	  0.0029	 -0.0055	  0.0033	 -0.0004
 2006    	  0.0039	 -0.0018	 -0.0027	 -0.0062	 -0.0011	 -0.0089	  0.0015	  0.0068
 2007    	 -0.0055	 -0.0081	 -0.0080	 -0.0045	 -0.0123	 -0.0024	 -0.0053	 -0.0052
 2008    	  0.0046	  0.0026	  0.0043	  0.0066	  0.0029	  0.0001	  0.0060	  0.0050
 bison   	 -0.2298	 -0.0352	 -0.2760	  0.0456	 -0.2402	 -0.2621	  0.0595	 -0.2581
 cattle  	  0.2298	  0.0352	  0.2760	 -0.0456	  0.2402	  0.2621	 -0.0595	  0.2581
 YrsOB   	 -0.1725	 -0.1322	 -0.2072	 -0.0730	 -0.1803	 -0.1967	 -0.0671	 -0.1937
 BP5Yrs  	  0.1190	  0.0746	  0.2154	 -0.0328	  0.4243	  0.4684	 -0.0229	 -0.0272
 YrsSLB  	 -0.0902	 -0.0793	 -0.1624	 -0.0307	 -0.1780	 -0.1930	 -0.0388	 -0.0526
 spring  	  0.0254	  0.0765	  0.1738	 -0.0651	  0.2854	  0.3039	 -0.0148	 -0.0206

         	254     	259     	303     	307     	308     	309     	317     	319     

 331     	  1.0000
 343     	 -0.0490	  1.0000
 346     	 -0.0504	 -0.0521	  1.0000
 350     	 -0.0481	 -0.0498	 -0.0512	  1.0000
 1998    	  0.0060	 -0.0046	  0.0031	  0.0042	  1.0000
 1999    	  0.0053	 -0.0032	 -0.0019	 -0.0005	 -0.0826	  1.0000
 2000    	  0.0004	 -0.0051	  0.0018	 -0.0002	 -0.0827	 -0.0896	  1.0000
 2001    	 -0.0018	 -0.0010	  0.0007	  0.0115	 -0.0878	 -0.0951	 -0.0952	  1.0000
 2002    	 -0.0013	  0.0088	 -0.0100	  0.0029	 -0.0858	 -0.0930	 -0.0931	 -0.0988
 2003    	 -0.0019	 -0.0001	 -0.0082	  0.0074	 -0.0884	 -0.0958	 -0.0959	 -0.1018
 2004    	 -0.0057	 -0.0012	 -0.0120	  0.0020	 -0.0911	 -0.0987	 -0.0987	 -0.1049
 2005    	 -0.0046	 -0.0012	 -0.0103	  0.0182	 -0.0919	 -0.0995	 -0.0996	 -0.1058
 2006    	 -0.0006	  0.0022	 -0.0128	  0.0187	 -0.0864	 -0.0936	 -0.0937	 -0.0995
 2007    	 -0.0002	  0.0005	  0.0553	  0.0085	 -0.0966	 -0.1046	 -0.1047	 -0.1112
 2008    	  0.0056	  0.0042	 -0.0091	 -0.0721	 -0.0899	 -0.0974	 -0.0975	 -0.1035
 bison   	 -0.2474	 -0.2561	 -0.0251	  0.0401	 -0.1477	 -0.0951	 -0.0905	 -0.0938
 cattle  	  0.2474	  0.2561	  0.0251	 -0.0401	  0.1477	  0.0951	  0.0905	  0.0938
 YrsOB   	 -0.1857	 -0.1922	 -0.1192	 -0.0846	 -0.1731	 -0.1614	 -0.1312	 -0.1104
 BP5Yrs  	 -0.1946	 -0.1724	  0.1921	 -0.0089	  0.1061	  0.0488	  0.0302	  0.0144
 YrsSLB  	  0.2119	  0.3693	 -0.1263	 -0.0647	 -0.0626	 -0.0232	  0.0014	 -0.0780
 spring  	 -0.0463	 -0.1128	  0.1128	 -0.0050	  0.0876	 -0.0039	  0.0430	  0.1097

         	331     	343     	346     	350     	1998    	1999    	2000    	2001    

 2002    	  1.0000
 2003    	 -0.0996	  1.0000
 2004    	 -0.1025	 -0.1057	  1.0000
 2005    	 -0.1034	 -0.1066	 -0.1098	  1.0000
 2006    	 -0.0972	 -0.1002	 -0.1032	 -0.1041	  1.0000
 2007    	 -0.1087	 -0.1120	 -0.1154	 -0.1164	 -0.1094	  1.0000
 2008    	 -0.1012	 -0.1043	 -0.1074	 -0.1084	 -0.1019	 -0.1139	  1.0000
 bison   	  0.0025	  0.0160	  0.0813	  0.0755	  0.0671	  0.0886	  0.0580	  1.0000
 cattle  	 -0.0025	 -0.0160	 -0.0813	 -0.0755	 -0.0671	 -0.0886	 -0.0580	 -1.0000
 YrsOB   	 -0.0696	 -0.0282	  0.0287	  0.0704	  0.1124	  0.1869	  0.2196	  0.7506
 BP5Yrs  	  0.0379	 -0.0130	 -0.0093	  0.0207	 -0.0417	 -0.0932	 -0.0766	 -0.4855
 YrsSLB  	 -0.0527	  0.0207	  0.0827	 -0.0196	 -0.0022	  0.0724	  0.0435	  0.1575
 spring  	 -0.0328	 -0.0065	  0.0014	 -0.0437	 -0.0253	 -0.1047	 -0.0041	 -0.4017

         	2002    	2003    	2004    	2005    	2006    	2007    	2008    	bison   

 cattle  	  1.0000
 YrsOB   	 -0.7506	  1.0000
 BP5Yrs  	  0.4855	 -0.4510	  1.0000
 YrsSLB  	 -0.1575	  0.1715	 -0.6760	  1.0000
 spring  	  0.4017	 -0.2965	  0.5979	 -0.5754	  1.0000

         	cattle  	YrsOB   	BP5Yrs  	YrsSLB  	spring  

    N	name	   (weighted) mean	   stand. dev.	inflation factor

    1	SPEC AX1	        0.0000	        1.0136
    2	SPEC AX2	        0.0000	        1.0193
    3	SPEC AX3	        0.0000	        1.0203
    4	SPEC AX4	        0.0000	        1.0563
    5	ENVI AX1	        0.0000	        1.0000
    6	ENVI AX2	        0.0000	        1.0000
    7	ENVI AX3	        0.0000	        1.0000
    8	ENVI AX4	        0.0000	        1.0000
    1	205     	        0.0490	        0.2159	        3.7122
    2	206     	        0.0541	        0.2262	        2.8369
    3	208     	        0.0487	        0.2153	        3.4602
    4	220     	        0.0510	        0.2199	        3.5657
    5	222     	        0.0587	        0.2351	        3.0134
    6	226     	        0.0532	        0.2245	        2.9179
    7	238     	        0.0550	        0.2280	        2.2864
    8	244     	        0.0543	        0.2266	        2.3429
    9	254     	        0.0392	        0.1941	        2.2104
   10	259     	        0.0420	        0.2005	        1.9036
   11	303     	        0.0556	        0.2292	        2.7226
   12	307     	        0.0541	        0.2263	        2.0558
   13	308     	        0.0427	        0.2021	        2.8975
   14	309     	        0.0504	        0.2188	        3.2254
   15	317     	        0.0520	        0.2220	        2.0121
   16	319     	        0.0490	        0.2158	        2.5267
   17	331     	        0.0452	        0.2077	        2.5771
   18	343     	        0.0483	        0.2143	        2.7772
   19	346     	        0.0509	        0.2198	        2.1939
   20	350     	        0.0467	        0.2110	        0.0000
   21	1998    	        0.0708	        0.2565	        2.7968
   22	1999    	        0.0821	        0.2746	        2.7888
   23	2000    	        0.0823	        0.2748	        2.6167
   24	2001    	        0.0918	        0.2887	        2.6806
   25	2002    	        0.0881	        0.2834	        2.3964
   26	2003    	        0.0931	        0.2905	        2.2521
   27	2004    	        0.0981	        0.2975	        2.1780
   28	2005    	        0.0997	        0.2996	        2.0621
   29	2006    	        0.0892	        0.2850	        1.8431
   30	2007    	        0.1090	        0.3117	        1.9375
   31	2008    	        0.0958	        0.2944	        0.0000
   34	bison   	        0.5640	        0.4959	        5.6012
   35	cattle  	        0.4360	        0.4959	        0.0000
   36	YrsOB   	        3.7072	        4.3424	        9.7328
   37	BP5Yrs  	        1.8744	        1.3531	        5.7218
   38	YrsSLB  	        2.1171	        2.1268	        3.1858
   40	spring  	        0.2936	        0.4554	        2.0834


 **** Summary ****

 Axes                               	     1	     2	     3	     4	 Total inertia

 Eigenvalues                       :	 0.154	 0.113	 0.090	 0.062	        1.476
 Species-environment correlations  :	 0.987	 0.981	 0.980	 0.947
 Cumulative percentage variance
    of species data                :	  10.4	  18.1	  24.2	  28.4
    of species-environment relation:	  16.5	  28.6	  38.2	  44.8

 Sum of all               eigenvalues      	     	      	      	      	  1.476
 Sum of all canonical     eigenvalues      	     	      	      	      	  0.934

1

 *** Unrestricted permutation ***


 Seeds:  21616 16309



 **** Summary of Monte Carlo test ****

 Test of significance of first canonical axis: eigenvalue =    0.154
                                               F-ratio    =   21.568
                                               P-value    =    0.0010

 Test of significance of all canonical axes  : Trace      =    0.934
                                               F-ratio    =    9.372
                                               P-value    =    0.0010

 (  999 permutations under reduced model)

1

 File with supplementary variables: C:\Users\Daniel McGlinn\Documents\Grad Ecology\TGP - vegmon\management manuscript\data folder\habit.spe


 File  : C:\Users\Daniel McGlinn\Documents\Grad Ecology\TGP - vegmon\management manuscript\data folder\habit.spe
 Title : habit                                                                          
 Format :  (I5,1X,7(I6,F4.0))                                                  
 No. of environmental variables :     6


 No interaction terms defined


 ****** Collinearity detected when fitting variable     4 ******
1
 **** Weighted correlation matrix (weight = sample total) ****
 
 SPEC AX1	  1.0000
 SPEC AX2	  0.0059	  1.0000
 SPEC AX3	  0.0019	 -0.0031	  1.0000
 SPEC AX4	 -0.0223	 -0.0036	 -0.0076	  1.0000
 ENVI AX1	  0.5612	  0.3284	 -0.1338	 -0.1485	  1.0000
 ENVI AX2	  0.2426	  0.7597	 -0.0257	  0.0580	  0.4323	  1.0000
 ENVI AX3	 -0.1021	 -0.0265	  0.7355	  0.2740	 -0.1819	 -0.0349	  1.0000
 ENVI AX4	 -0.1405	  0.0743	  0.3396	  0.5934	 -0.2503	  0.0978	  0.4617	  1.0000
 F       	  0.1919	 -0.2208	  0.0453	 -0.4109	  0.3419	 -0.2906	  0.0615	 -0.6925
 Gsum    	  0.5317	  0.3681	 -0.0247	 -0.0882	  0.9474	  0.4846	 -0.0336	 -0.1487
 G3      	  0.4999	  0.5065	 -0.2983	 -0.2438	  0.8908	  0.6668	 -0.4057	 -0.4109
 G4      	  0.2845	 -0.0361	  0.3866	  0.1866	  0.5070	 -0.0476	  0.5257	  0.3144
 L       	 -0.0372	 -0.5559	 -0.3551	 -0.3698	 -0.0663	 -0.7317	 -0.4829	 -0.6231
 W       	  0.0673	 -0.3889	 -0.4871	 -0.0425	  0.1199	 -0.5120	 -0.6623	 -0.0716

         	SPEC AX1	SPEC AX2	SPEC AX3	SPEC AX4	ENVI AX1	ENVI AX2	ENVI AX3	ENVI AX4

 F       	  1.0000
 Gsum    	  0.1737	  1.0000
 G3      	  0.1923	  0.8554	  1.0000
 G4      	  0.0508	  0.6584	  0.1733	  1.0000
 L       	  0.3822	 -0.1236	 -0.1001	 -0.0896	  1.0000
 W       	  0.0484	 -0.0651	 -0.0154	 -0.1014	  0.5883	  1.0000

         	F       	Gsum    	G3      	G4      	L       	W       

    N	name	   (weighted) mean	   stand. dev.	inflation factor

    1	SPEC AX1	        0.0000	        1.0136
    2	SPEC AX2	        0.0000	        1.0193
    3	SPEC AX3	        0.0000	        1.0203
    4	SPEC AX4	        0.0000	        1.0563
    5	ENVI AX1	        0.0000	        0.5689
    6	ENVI AX2	        0.0000	        0.7743
    7	ENVI AX3	        0.0000	        0.7504
    8	ENVI AX4	        0.0000	        0.6268
    1	F       	       77.1530	       17.5453	        1.3408
    2	Gsum    	       66.5525	       11.8650	        3.7712
    3	G3      	       33.6353	        9.0677	        3.8071
    4	G4      	       32.9172	        6.2403	        0.0000
    5	L       	       21.8887	        7.9783	        1.9941
    6	W       	        3.2404	        2.0576	        1.6492


 **** Summary ****

 Axes                               	     1	     2	     3	     4	 Total inertia

 Species-environment correlations  :	 0.561	 0.760	 0.735	 0.593
 Cumulative percentage variance
    of species data                :	  10.4	  18.1	  24.2	  28.4
    of species-environment relation:	  18.6	  43.8	  62.8	  71.8

 Sum of all               eigenvalues      	     	      	      	      	  1.476
 Sum of all canonical     eigenvalues      	     	      	      	      	  0.268

[Thu Oct 09 10:08:12 2008] CANOCO call succeeded

