[Sun Sep 28 13:08:58 2008] Log file created
[Sun Sep 28 13:10:13 2008] Settings changed
[Sun Sep 28 13:10:14 2008] Running CANOCO:
[Sun Sep 28 13:10:14 2008] CON file [C:\Users\Daniel McGlinn\Documents\Grad Ecology\TGP - vegmon\management manuscript\CCA\pCCA (yr given dist and sites).con] saved
 Program CANOCO Version 4.5 February 2002 - written by Cajo J.F. Ter Braak
 (C) 1988-2002 Biometris - quantitative methods in the life and earth sciences
 Plant Research International, Wageningen University and Research Centre
 Box 100, 6700 AC Wageningen, the Netherlands
 CANOCO performs (partial) (detrended) (canonical) correspondence analysis,
 principal components analysis and redundancy analysis.
 CANOCO is an extension of Cornell Ecology program DECORANA (Hill,1979)

 For explanation of the input/output see the manual or
 Ter Braak, C.J.F. (1995) Ordination. Chapter 5 in:
 Data Analysis in Community and Landscape Ecology
 (Jongman, R.H.G., Ter Braak, C.J.F. and Van Tongeren, O.F.R., Eds)
 Cambridge University Press, Cambridge, UK, 91-173 pp.

 *** Type of analysis ***
  Model             Gradient analysis
               indirect     direct     hybrid
 linear         1=PCA       2= RDA       3
 unimodal       4= CA       5= CCA       6
    ,,          7=DCA       8=DCCA       9
               10=non-standard analysis
 Type analysis number
 Answer =  5


 *** Data files ***
 Species data       : C:\Users\Daniel McGlinn\Documents\Grad Ecology\TGP - vegmon\management manuscript\data folder\tgp sp cov.spe
 Covariable data    : C:\Users\Daniel McGlinn\Documents\Grad Ecology\TGP - vegmon\management manuscript\data folder\tgp env.env
 Environmental data : C:\Users\Daniel McGlinn\Documents\Grad Ecology\TGP - vegmon\management manuscript\data folder\tgp env.env
 Initialization file:  

 Forward selection of envi. variables =    0
 Scaling of ordination scores         =    2
 Diagnostics                          =    3

 File   : C:\Users\Daniel McGlinn\Documents\Grad Ecology\TGP - vegmon\management manuscript\data folder\tgp sp cov.spe
 Title  : tgp species data 98-08                                                          
 Format :  (I5,1X,5(I6,F7.2))                                                  
 No. of couplets of species number and abundance per line :    5


 No samples omitted
 Number of samples           220
 Number of species           307
 Number of occurrences     16768


 File  : C:\Users\Daniel McGlinn\Documents\Grad Ecology\TGP - vegmon\management manuscript\data folder\tgp env.env
 Title : tgp env                                                                        
 Format :  (I5,1X,3(I6,F15.9))                                                 
 No. of             covariables :    64


 No interaction terms defined


 ******************************************************************************
                     Names of covariables
 ******************************************************************************
 205      206      208      220      222      226      238     

 244      254      259      303      307      308      309     

 317      319      331      343      346      350      bison   

 cattle   YrsOB    BP5Yrs   YrsSLB   spring  
 ******************************************************************************

 File  : C:\Users\Daniel McGlinn\Documents\Grad Ecology\TGP - vegmon\management manuscript\data folder\tgp env.env
 Title : tgp env                                                                        
 Format :  (I5,1X,3(I6,F15.9))                                                 
 No. of environmental variables :    64


 No interaction terms defined


 Squareroot-transformation of species data
 No species-weights specified
 No  sample-weights specified
    downweighting of rare species



 Final species weights applied (weight*downweight)
  1.000 1.000 1.000 0.143 0.685 0.207 0.081 1.000 0.320 0.046 1.000 1.000 1.000 1.000 0.160 1.000 0.269 1.000 1.000 0.317
  1.000 0.925 0.408 0.023 0.052 0.819 1.000 0.446 0.137 0.503 1.000 1.000 1.000 0.500 0.046 0.391 0.548 0.046 1.000 1.000
  1.000 0.023 1.000 1.000 0.023 1.000 1.000 0.023 1.000 1.000 0.211 1.000 0.160 1.000 1.000 1.000 0.023 1.000 1.000 0.029
  0.953 0.046 0.044 0.762 1.000 0.023 1.000 0.365 0.531 1.000 1.000 0.104 0.023 1.000 0.913 0.046 0.320 0.790 1.000 0.218
  0.104 1.000 0.419 0.052 1.000 1.000 0.406 0.658 0.046 0.114 1.000 0.137 0.822 0.578 0.298 0.485 0.412 1.000 0.527 0.114
  0.759 1.000 1.000 1.000 1.000 1.000 0.879 0.772 0.023 0.068 0.789 0.023 1.000 1.000 1.000 1.000 0.044 0.784 1.000 0.023
  0.548 0.023 0.207 0.220 0.800 0.114 0.906 0.514 1.000 0.869 0.236 0.160 0.146 1.000 1.000 0.023 0.094 0.046 0.183 0.023
  0.023 0.023 1.000 0.068 0.186 0.075 0.269 0.303 1.000 0.725 0.334 0.114 0.097 0.143 0.160 0.464 0.023 0.023 1.000 1.000
  0.303 0.840 0.029 1.000 1.000 1.000 1.000 0.389 1.000 0.531 1.000 1.000 0.256 1.000 0.205 1.000 1.000 0.143 0.091 0.023
  0.023 0.023 0.385 1.000 1.000 1.000 0.044 0.371 0.433 1.000 0.075 0.348 0.773 0.285 0.143 0.251 0.224 1.000 0.046 0.400
  0.126 1.000 1.000 1.000 0.091 1.000 0.023 0.143 1.000 0.091 0.771 0.166 1.000 0.029 1.000 1.000 0.942 0.468 1.000 0.097
  1.000 0.046 0.029 0.023 0.052 0.274 0.456 1.000 0.560 0.160 0.091 1.000 1.000 0.046 1.000 0.068 0.228 0.287 0.046 1.000
  1.000 1.000 1.000 0.257 0.497 1.000 0.023 0.114 1.000 0.548 0.120 0.779 0.104 1.000 0.023 0.068 1.000 0.114 1.000 1.000
  0.218 1.000 0.068 0.740 0.023 1.000 0.211 0.616 1.000 1.000 0.023 0.046 1.000 0.914 1.000 0.036 1.000 0.023 0.571 0.599
  1.000 0.120 0.023 0.172 1.000 0.921 0.288 0.023 1.000 1.000 0.951 0.036 0.023 0.257 0.317 0.091 0.046 1.000 1.000 1.000
  0.023 0.146 0.068 0.350 1.000 0.068 1.000

 No rescaling

 No detrending


 No. of active  samples:    220
 No. of passive samples:      0
 No. of active  species:    307

 Total inertia in species data=
 Sum of all eigenvalues of CA =    1.47585

 Covariable 350      is linearly dependent, hence ignored
 Covariable cattle   is linearly dependent, hence ignored
 ****** Collinearity detected when fitting variable    31 ******
 
1
 **** Weighted correlation matrix (weight = sample total) ****
 
 SPEC AX1	  1.0000
 SPEC AX2	 -0.0851	  1.0000
 SPEC AX3	  0.0214	  0.0191	  1.0000
 SPEC AX4	  0.0753	 -0.0240	 -0.0127	  1.0000
 ENVI AX1	  0.7978	  0.0000	  0.0000	  0.0000	  1.0000
 ENVI AX2	  0.0000	  0.8725	  0.0000	  0.0000	  0.0000	  1.0000
 ENVI AX3	  0.0000	  0.0000	  0.8326	  0.0000	  0.0000	  0.0000	  1.0000
 ENVI AX4	  0.0000	  0.0000	  0.0000	  0.7852	  0.0000	  0.0000	  0.0000	  1.0000
 1998    	  0.3470	  0.2332	  0.1935	  0.2808	  0.4349	  0.2672	  0.2325	  0.3576
 1999    	 -0.1668	  0.5468	  0.0404	  0.1659	 -0.2091	  0.6266	  0.0485	  0.2112
 2000    	  0.2316	  0.2360	 -0.3180	 -0.2437	  0.2904	  0.2705	 -0.3819	 -0.3104
 2001    	 -0.3948	  0.0372	  0.0672	 -0.2128	 -0.4949	  0.0426	  0.0808	 -0.2710
 2002    	 -0.2470	 -0.2795	  0.3244	  0.1396	 -0.3096	 -0.3204	  0.3896	  0.1778
 2003    	 -0.2631	 -0.1794	  0.0725	 -0.0115	 -0.3297	 -0.2056	  0.0870	 -0.0147
 2004    	 -0.0216	 -0.0625	 -0.2358	 -0.2277	 -0.0271	 -0.0717	 -0.2832	 -0.2900
 2005    	  0.0548	 -0.1141	 -0.1080	 -0.3833	  0.0687	 -0.1308	 -0.1298	 -0.4882
 2006    	  0.4443	 -0.1305	  0.5144	 -0.1591	  0.5569	 -0.1495	  0.6179	 -0.2027
 2007    	 -0.0700	 -0.1527	 -0.1353	  0.4262	 -0.0877	 -0.1750	 -0.1625	  0.5428
 2008    	  0.1480	 -0.0358	 -0.3878	  0.2892	  0.1855	 -0.0411	 -0.4658	  0.3683

         	SPEC AX1	SPEC AX2	SPEC AX3	SPEC AX4	ENVI AX1	ENVI AX2	ENVI AX3	ENVI AX4

 1998    	  1.0000
 1999    	 -0.2085	  1.0000
 2000    	 -0.1865	 -0.1728	  1.0000
 2001    	 -0.1858	 -0.1690	 -0.1610	  1.0000
 2002    	 -0.1233	 -0.1337	 -0.1136	 -0.1166	  1.0000
 2003    	 -0.0971	 -0.1056	 -0.1036	 -0.1065	 -0.1041	  1.0000
 2004    	 -0.0647	 -0.0725	 -0.0827	 -0.0706	 -0.0964	 -0.1150	  1.0000
 2005    	 -0.0494	 -0.0687	 -0.0655	 -0.0675	 -0.1104	 -0.1083	 -0.1356	  1.0000
 2006    	 -0.0139	 -0.0372	 -0.0465	 -0.0636	 -0.0846	 -0.0988	 -0.1211	 -0.1352
 2007    	  0.0228	 -0.0171	 -0.0329	 -0.0422	 -0.0775	 -0.1081	 -0.1365	 -0.1577
 2008    	  0.0409	  0.0193	 -0.0159	 -0.0474	 -0.0578	 -0.1063	 -0.1498	 -0.1602

         	1998    	1999    	2000    	2001    	2002    	2003    	2004    	2005    

 2006    	  1.0000
 2007    	 -0.1844	  1.0000
 2008    	 -0.2024	 -0.2753	  1.0000

         	2006    	2007    	2008    

    N	name	   (weighted) mean	   stand. dev.	inflation factor

    1	SPEC AX1	        0.0000	        1.2535
    2	SPEC AX2	        0.0000	        1.1461
    3	SPEC AX3	        0.0000	        1.2011
    4	SPEC AX4	        0.0000	        1.2736
    5	ENVI AX1	        0.0000	        1.0000
    6	ENVI AX2	        0.0000	        1.0000
    7	ENVI AX3	        0.0000	        1.0000
    8	ENVI AX4	        0.0000	        1.0000
   21	1998    	        0.0708	        0.2565	        2.5182
   22	1999    	        0.0821	        0.2746	        2.4972
   23	2000    	        0.0823	        0.2748	        2.3466
   24	2001    	        0.0918	        0.2887	        2.4017
   25	2002    	        0.0881	        0.2834	        2.1673
   26	2003    	        0.0931	        0.2905	        2.0509
   27	2004    	        0.0981	        0.2975	        2.0067
   28	2005    	        0.0997	        0.2996	        1.9732
   29	2006    	        0.0892	        0.2850	        1.7803
   30	2007    	        0.1039	        0.3052	        1.8610
   31	2008    	        0.1009	        0.3012	        0.0000


 **** Summary ****

 Axes                               	     1	     2	     3	     4	 Total inertia

 Eigenvalues                       :	 0.016	 0.011	 0.009	 0.007	        1.476
 Species-environment correlations  :	 0.798	 0.873	 0.833	 0.785
 Cumulative percentage variance
    of species data                :	   2.6	   4.5	   5.9	   7.1
    of species-environment relation:	  24.2	  41.4	  54.7	  64.9

 Sum of all               eigenvalues      	     	      	      	      	  0.600
 Sum of all canonical     eigenvalues      	     	      	      	      	  0.065


 The sum of all eigenvalues is after fitting covariables
 Percentages are taken with respect to residual variances
                 i.e. variances after fitting covariables

 *** MESSAGE ***
 The fit for species is additional to the fit due to covariables.
 With covariables, CANOCO cannot calculate residuals for samples.

1
 *** Specification of blocks ***

 *** The permutations are conditioned on    19 covariable(s), namely: ***

    covariable  205     
    covariable  206     
    covariable  208     
    covariable  220     
    covariable  222     
    covariable  226     
    covariable  238     
    covariable  244     
    covariable  254     
    covariable  259     
    covariable  303     
    covariable  307     
    covariable  308     
    covariable  309     
    covariable  317     
    covariable  319     
    covariable  331     
    covariable  343     
    covariable  346     

 *** Sample arrangement in the permutation test ***


 Samples in block    1 :
     1    21    41    61    81   101   121   141   161   181
   201
 The      11       plots are permuted completely at random

 Samples in block    2 :
     2    22    42    62    82   102   122   142   162   182
   202
 The      11       plots are permuted completely at random

 Samples in block    3 :
     3    23    43    63    83   103   123   143   163   183
   203
 The      11       plots are permuted completely at random

 Samples in block    4 :
     4    24    44    64    84   104   124   144   164   184
   204
 The      11       plots are permuted completely at random

 Samples in block    5 :
     5    25    45    65    85   105   125   145   165   185
   205
 The      11       plots are permuted completely at random

 Samples in block    6 :
     6    26    46    66    86   106   126   146   166   186
   206
 The      11       plots are permuted completely at random

 Samples in block    7 :
     7    27    47    67    87   107   127   147   167   187
   207
 The      11       plots are permuted completely at random

 Samples in block    8 :
     8    28    48    68    88   108   128   148   168   188
   208
 The      11       plots are permuted completely at random

 Samples in block    9 :
     9    29    49    69    89   109   129   149   169   189
   209
 The      11       plots are permuted completely at random

 Samples in block   10 :
    10    30    50    70    90   110   130   150   170   190
   210
 The      11       plots are permuted completely at random

 Samples in block   11 :
    11    31    51    71    91   111   131   151   171   191
   211
 The      11       plots are permuted completely at random

 Samples in block   12 :
    12    32    52    72    92   112   132   152   172   192
   212
 The      11       plots are permuted completely at random

 Samples in block   13 :
    13    33    53    73    93   113   133   153   173   193
   213
 The      11       plots are permuted completely at random

 Samples in block   14 :
    14    34    54    74    94   114   134   154   174   194
   214
 The      11       plots are permuted completely at random

 Samples in block   15 :
    15    35    55    75    95   115   135   155   175   195
   215
 The      11       plots are permuted completely at random

 Samples in block   16 :
    16    36    56    76    96   116   136   156   176   196
   216
 The      11       plots are permuted completely at random

 Samples in block   17 :
    17    37    57    77    97   117   137   157   177   197
   217
 The      11       plots are permuted completely at random

 Samples in block   18 :
    18    38    58    78    98   118   138   158   178   198
   218
 The      11       plots are permuted completely at random

 Samples in block   19 :
    19    39    59    79    99   119   139   159   179   199
   219
 The      11       plots are permuted completely at random

 Samples in block   20 :
    20    40    60    80   100   120   140   160   180   200
   220
 The      11       plots are permuted completely at random

 Seeds:  28068 19864



 **** Summary of Monte Carlo test ****

 Test of significance of first canonical axis: eigenvalue =    0.016
                                               F-ratio    =    5.000
                                               P-value    =    0.0010

 Test of significance of all canonical axes  : Trace      =    0.065
                                               F-ratio    =    2.256
                                               P-value    =    0.0010

 (  999 permutations under reduced model)

1

 File with supplementary variables: C:\Users\Daniel McGlinn\Documents\Grad Ecology\TGP - vegmon\management manuscript\data folder\habit.spe


 File  : C:\Users\Daniel McGlinn\Documents\Grad Ecology\TGP - vegmon\management manuscript\data folder\habit.spe
 Title : habit                                                                          
 Format :  (I5,1X,7(I6,F4.0))                                                  
 No. of environmental variables :     6


 No interaction terms defined


 ****** Collinearity detected when fitting variable     4 ******
1
 **** Weighted correlation matrix (weight = sample total) ****
 
 SPEC AX1	  1.0000
 SPEC AX2	 -0.0851	  1.0000
 SPEC AX3	  0.0214	  0.0191	  1.0000
 SPEC AX4	  0.0753	 -0.0240	 -0.0127	  1.0000
 ENVI AX1	  0.7891	 -0.1492	  0.3193	  0.0607	  1.0000
 ENVI AX2	 -0.1800	  0.6541	  0.0409	  0.1291	 -0.2282	  1.0000
 ENVI AX3	  0.5783	  0.0615	  0.4357	 -0.0043	  0.7329	  0.0940	  1.0000
 ENVI AX4	  0.1247	  0.2199	 -0.0049	  0.3839	  0.1580	  0.3362	 -0.0113	  1.0000
 F       	 -0.7552	 -0.0070	 -0.3317	 -0.1461	 -0.9571	 -0.0107	 -0.7614	 -0.3806
 Gsum    	 -0.1499	 -0.4050	 -0.3191	  0.0636	 -0.1900	 -0.6193	 -0.7323	  0.1656
 G3      	 -0.3525	  0.0125	 -0.3776	  0.1801	 -0.4467	  0.0190	 -0.8665	  0.4690
 G4      	  0.1451	 -0.6463	 -0.0921	 -0.0945	  0.1839	 -0.9881	 -0.2114	 -0.2462
 L       	 -0.0059	 -0.2258	 -0.1294	 -0.2605	 -0.0075	 -0.3453	 -0.2970	 -0.6786
 W       	 -0.0282	 -0.1421	 -0.0114	  0.0551	 -0.0357	 -0.2173	 -0.0263	  0.1436

         	SPEC AX1	SPEC AX2	SPEC AX3	SPEC AX4	ENVI AX1	ENVI AX2	ENVI AX3	ENVI AX4

 F       	  1.0000
 Gsum    	  0.2940	  1.0000
 G3      	  0.3870	  0.7730	  1.0000
 G4      	  0.0428	  0.7305	  0.1313	  1.0000
 L       	  0.2338	  0.2239	  0.0051	  0.3443	  1.0000
 W       	  0.0680	  0.1312	 -0.0169	  0.2232	  0.1494	  1.0000

         	F       	Gsum    	G3      	G4      	L       	W       

    N	name	   (weighted) mean	   stand. dev.	inflation factor

    1	SPEC AX1	        0.0000	        1.2535
    2	SPEC AX2	        0.0000	        1.1461
    3	SPEC AX3	        0.0000	        1.2011
    4	SPEC AX4	        0.0000	        1.2736
    5	ENVI AX1	        0.0000	        0.9891
    6	ENVI AX2	        0.0000	        0.7496
    7	ENVI AX3	        0.0000	        0.5233
    8	ENVI AX4	        0.0000	        0.4890
    1	F       	       77.1530	       17.5453	        2.5708
    2	Gsum    	       66.5525	       11.8650	       10.9830
    3	G3      	       33.6353	        9.0677	       14.1332
    4	G4      	       32.9172	        6.2403	        0.0000
    5	L       	       21.8887	        7.9783	        8.3386
    6	W       	        3.2404	        2.0576	        5.9672


 **** Summary ****

 Axes                               	     1	     2	     3	     4	 Total inertia

 Species-environment correlations  :	 0.789	 0.654	 0.436	 0.384
 Cumulative percentage variance
    of species data                :	   2.6	   4.5	   5.9	   7.1
    of species-environment relation:	  31.0	  43.6	  48.4	  51.5

 Sum of all               eigenvalues      	     	      	      	      	  0.600
 Sum of all canonical     eigenvalues      	     	      	      	      	  0.050


 The sum of all eigenvalues is after fitting covariables
 Percentages are taken with respect to residual variances
                 i.e. variances after fitting covariables

[Sun Sep 28 13:10:24 2008] CANOCO call succeeded

