[Thu Oct 09 09:59:07 2008] Log file cleared
[Thu Oct 09 10:00:23 2008] Settings changed
[Thu Oct 09 10:00:24 2008] Running CANOCO:
[Thu Oct 09 10:00:24 2008] CON file [C:\Users\Daniel McGlinn\Documents\Grad Ecology\TGP - vegmon\management manuscript\CCA\pCCA (site + dist given yr).con] saved
 Program CANOCO Version 4.5 February 2002 - written by Cajo J.F. Ter Braak
 (C) 1988-2002 Biometris - quantitative methods in the life and earth sciences
 Plant Research International, Wageningen University and Research Centre
 Box 100, 6700 AC Wageningen, the Netherlands
 CANOCO performs (partial) (detrended) (canonical) correspondence analysis,
 principal components analysis and redundancy analysis.
 CANOCO is an extension of Cornell Ecology program DECORANA (Hill,1979)

 For explanation of the input/output see the manual or
 Ter Braak, C.J.F. (1995) Ordination. Chapter 5 in:
 Data Analysis in Community and Landscape Ecology
 (Jongman, R.H.G., Ter Braak, C.J.F. and Van Tongeren, O.F.R., Eds)
 Cambridge University Press, Cambridge, UK, 91-173 pp.

 *** Type of analysis ***
  Model             Gradient analysis
               indirect     direct     hybrid
 linear         1=PCA       2= RDA       3
 unimodal       4= CA       5= CCA       6
    ,,          7=DCA       8=DCCA       9
               10=non-standard analysis
 Type analysis number
 Answer =  5


 *** Data files ***
 Species data       : C:\Users\Daniel McGlinn\Documents\Grad Ecology\TGP - vegmon\management manuscript\data folder\tgp sp cov.spe
 Covariable data    : C:\Users\Daniel McGlinn\Documents\Grad Ecology\TGP - vegmon\management manuscript\data folder\tgp env.env
 Environmental data : C:\Users\Daniel McGlinn\Documents\Grad Ecology\TGP - vegmon\management manuscript\data folder\tgp env.env
 Initialization file:  

 Forward selection of envi. variables =    0
 Scaling of ordination scores         =    2
 Diagnostics                          =    3

 File   : C:\Users\Daniel McGlinn\Documents\Grad Ecology\TGP - vegmon\management manuscript\data folder\tgp sp cov.spe
 Title  : tgp species data 98-08                                                          
 Format :  (I5,1X,5(I6,F7.2))                                                  
 No. of couplets of species number and abundance per line :    5


 No samples omitted
 Number of samples           220
 Number of species           307
 Number of occurrences     16768


 File  : C:\Users\Daniel McGlinn\Documents\Grad Ecology\TGP - vegmon\management manuscript\data folder\tgp env.env
 Title : tgp env                                                                        
 Format :  (I5,1X,3(I6,F15.9))                                                 
 No. of             covariables :    64


 No interaction terms defined


 ******************************************************************************
                     Names of covariables
 ******************************************************************************
 1998     1999     2000     2001     2002     2003     2004    

 2005     2006     2007     2008    
 ******************************************************************************

 File  : C:\Users\Daniel McGlinn\Documents\Grad Ecology\TGP - vegmon\management manuscript\data folder\tgp env.env
 Title : tgp env                                                                        
 Format :  (I5,1X,3(I6,F15.9))                                                 
 No. of environmental variables :    64


 No interaction terms defined


 Squareroot-transformation of species data
 No species-weights specified
 No  sample-weights specified
    downweighting of rare species



 Final species weights applied (weight*downweight)
  1.000 1.000 1.000 0.143 0.685 0.207 0.081 1.000 0.320 0.046 1.000 1.000 1.000 1.000 0.160 1.000 0.269 1.000 1.000 0.317
  1.000 0.925 0.408 0.023 0.052 0.819 1.000 0.446 0.137 0.503 1.000 1.000 1.000 0.500 0.046 0.391 0.548 0.046 1.000 1.000
  1.000 0.023 1.000 1.000 0.023 1.000 1.000 0.023 1.000 1.000 0.211 1.000 0.160 1.000 1.000 1.000 0.023 1.000 1.000 0.029
  0.953 0.046 0.044 0.762 1.000 0.023 1.000 0.365 0.531 1.000 1.000 0.104 0.023 1.000 0.913 0.046 0.320 0.790 1.000 0.218
  0.104 1.000 0.419 0.052 1.000 1.000 0.406 0.658 0.046 0.114 1.000 0.137 0.822 0.578 0.298 0.485 0.412 1.000 0.527 0.114
  0.759 1.000 1.000 1.000 1.000 1.000 0.879 0.772 0.023 0.068 0.789 0.023 1.000 1.000 1.000 1.000 0.044 0.784 1.000 0.023
  0.548 0.023 0.207 0.220 0.800 0.114 0.906 0.514 1.000 0.869 0.236 0.160 0.146 1.000 1.000 0.023 0.094 0.046 0.183 0.023
  0.023 0.023 1.000 0.068 0.186 0.075 0.269 0.303 1.000 0.725 0.334 0.114 0.097 0.143 0.160 0.464 0.023 0.023 1.000 1.000
  0.303 0.840 0.029 1.000 1.000 1.000 1.000 0.389 1.000 0.531 1.000 1.000 0.256 1.000 0.205 1.000 1.000 0.143 0.091 0.023
  0.023 0.023 0.385 1.000 1.000 1.000 0.044 0.371 0.433 1.000 0.075 0.348 0.773 0.285 0.143 0.251 0.224 1.000 0.046 0.400
  0.126 1.000 1.000 1.000 0.091 1.000 0.023 0.143 1.000 0.091 0.771 0.166 1.000 0.029 1.000 1.000 0.942 0.468 1.000 0.097
  1.000 0.046 0.029 0.023 0.052 0.274 0.456 1.000 0.560 0.160 0.091 1.000 1.000 0.046 1.000 0.068 0.228 0.287 0.046 1.000
  1.000 1.000 1.000 0.257 0.497 1.000 0.023 0.114 1.000 0.548 0.120 0.779 0.104 1.000 0.023 0.068 1.000 0.114 1.000 1.000
  0.218 1.000 0.068 0.740 0.023 1.000 0.211 0.616 1.000 1.000 0.023 0.046 1.000 0.914 1.000 0.036 1.000 0.023 0.571 0.599
  1.000 0.120 0.023 0.172 1.000 0.921 0.288 0.023 1.000 1.000 0.951 0.036 0.023 0.257 0.317 0.091 0.046 1.000 1.000 1.000
  0.023 0.146 0.068 0.350 1.000 0.068 1.000

 No rescaling

 No detrending


 No. of active  samples:    220
 No. of passive samples:      0
 No. of active  species:    307

 Total inertia in species data=
 Sum of all eigenvalues of CA =    1.47585

 Covariable 2008     is linearly dependent, hence ignored
 ****** Collinearity detected when fitting variable    20 ******
 ****** Collinearity detected when fitting variable    35 ******
 
 ****** Check on influence in covariable/environment data ******
 The following sample(s) have extreme values
 Sample Environmental        Covariable  + Environment space
        variable Influence   influence     influence     

    137    38      5.0x
    181    38      5.5x
    198    38      6.8x
    218    38      8.6x
 ****** End of check ******

1
 **** Weighted correlation matrix (weight = sample total) ****
 
 SPEC AX1	  1.0000
 SPEC AX2	  0.0057	  1.0000
 SPEC AX3	  0.0007	 -0.0035	  1.0000
 SPEC AX4	 -0.0202	 -0.0027	 -0.0040	  1.0000
 ENVI AX1	  0.9868	  0.0000	  0.0000	  0.0000	  1.0000
 ENVI AX2	  0.0000	  0.9811	  0.0000	  0.0000	  0.0000	  1.0000
 ENVI AX3	  0.0000	  0.0000	  0.9805	  0.0000	  0.0000	  0.0000	  1.0000
 ENVI AX4	  0.0000	  0.0000	  0.0000	  0.9511	  0.0000	  0.0000	  0.0000	  1.0000
 205     	 -0.2589	  0.0441	 -0.1243	 -0.2011	 -0.2624	  0.0450	 -0.1267	 -0.2114
 206     	 -0.0060	 -0.1780	 -0.0279	 -0.3262	 -0.0061	 -0.1814	 -0.0285	 -0.3430
 208     	 -0.2727	  0.1880	  0.1042	 -0.1638	 -0.2763	  0.1916	  0.1063	 -0.1722
 220     	 -0.1178	  0.1353	 -0.2036	 -0.1926	 -0.1193	  0.1379	 -0.2076	 -0.2025
 222     	 -0.0446	 -0.0965	  0.0289	 -0.3806	 -0.0452	 -0.0984	  0.0295	 -0.4001
 226     	 -0.0993	 -0.2128	 -0.4085	 -0.0321	 -0.1006	 -0.2169	 -0.4166	 -0.0337
 238     	  0.2226	 -0.0544	  0.0568	 -0.0433	  0.2255	 -0.0554	  0.0580	 -0.0455
 244     	  0.1427	 -0.1082	  0.1157	 -0.2095	  0.1446	 -0.1103	  0.1180	 -0.2203
 254     	 -0.0766	  0.5870	 -0.1152	  0.2134	 -0.0776	  0.5984	 -0.1175	  0.2244
 259     	 -0.1489	 -0.1156	  0.4180	  0.1211	 -0.1509	 -0.1178	  0.4264	  0.1273
 303     	  0.0781	 -0.3828	 -0.2350	  0.0580	  0.0791	 -0.3902	 -0.2397	  0.0610
 307     	  0.2842	  0.1752	  0.0272	 -0.0033	  0.2880	  0.1786	  0.0277	 -0.0035
 308     	 -0.4106	 -0.0854	  0.1560	  0.2036	 -0.4161	 -0.0871	  0.1591	  0.2140
 309     	  0.1045	 -0.2123	 -0.1131	  0.4613	  0.1059	 -0.2164	 -0.1154	  0.4851
 317     	  0.0023	  0.4414	 -0.2069	  0.1510	  0.0024	  0.4499	 -0.2110	  0.1588
 319     	 -0.1644	  0.0584	  0.5609	 -0.0345	 -0.1666	  0.0595	  0.5721	 -0.0362
 331     	  0.6338	  0.0486	  0.2463	  0.0404	  0.6423	  0.0496	  0.2512	  0.0425
 343     	  0.1678	  0.1029	 -0.0071	  0.0258	  0.1700	  0.1049	 -0.0072	  0.0271
 346     	 -0.1581	 -0.2268	  0.0211	  0.4327	 -0.1602	 -0.2312	  0.0215	  0.4550
 350     	  0.0773	 -0.0193	 -0.2320	 -0.0307	  0.0783	 -0.0197	 -0.2367	 -0.0323
 bison   	 -0.1697	 -0.0230	 -0.2638	 -0.5890	 -0.1720	 -0.0235	 -0.2691	 -0.6193
 cattle  	  0.1697	  0.0230	  0.2638	  0.5890	  0.1720	  0.0235	  0.2691	  0.6193
 YrsOB   	 -0.2769	  0.0145	 -0.2739	 -0.6632	 -0.2806	  0.0148	 -0.2794	 -0.6974
 BP5Yrs  	 -0.1989	 -0.2287	  0.0291	  0.6311	 -0.2016	 -0.2331	  0.0297	  0.6635
 YrsSLB  	  0.1666	  0.1279	 -0.0193	 -0.2837	  0.1688	  0.1303	 -0.0197	 -0.2983
 spring  	 -0.0847	 -0.1975	  0.0147	  0.4252	 -0.0858	 -0.2013	  0.0150	  0.4471

         	SPEC AX1	SPEC AX2	SPEC AX3	SPEC AX4	ENVI AX1	ENVI AX2	ENVI AX3	ENVI AX4

 205     	  1.0000
 206     	 -0.0543	  1.0000
 208     	 -0.0514	 -0.0541	  1.0000
 220     	 -0.0526	 -0.0554	 -0.0522	  1.0000
 222     	 -0.0567	 -0.0598	 -0.0565	 -0.0579	  1.0000
 226     	 -0.0536	 -0.0569	 -0.0538	 -0.0549	 -0.0594	  1.0000
 238     	 -0.0548	 -0.0576	 -0.0546	 -0.0560	 -0.0604	 -0.0573	  1.0000
 244     	 -0.0543	 -0.0574	 -0.0543	 -0.0554	 -0.0599	 -0.0571	 -0.0578	  1.0000
 254     	 -0.0460	 -0.0483	 -0.0458	 -0.0469	 -0.0504	 -0.0478	 -0.0488	 -0.0483
 259     	 -0.0477	 -0.0500	 -0.0475	 -0.0485	 -0.0522	 -0.0495	 -0.0505	 -0.0501
 303     	 -0.0553	 -0.0579	 -0.0552	 -0.0561	 -0.0605	 -0.0575	 -0.0586	 -0.0581
 307     	 -0.0544	 -0.0571	 -0.0542	 -0.0556	 -0.0597	 -0.0565	 -0.0578	 -0.0573
 308     	 -0.0483	 -0.0505	 -0.0479	 -0.0490	 -0.0527	 -0.0501	 -0.0509	 -0.0505
 309     	 -0.0524	 -0.0550	 -0.0524	 -0.0533	 -0.0574	 -0.0543	 -0.0556	 -0.0551
 317     	 -0.0533	 -0.0561	 -0.0529	 -0.0544	 -0.0587	 -0.0557	 -0.0565	 -0.0562
 319     	 -0.0517	 -0.0543	 -0.0514	 -0.0526	 -0.0568	 -0.0540	 -0.0547	 -0.0544
 331     	 -0.0494	 -0.0520	 -0.0494	 -0.0503	 -0.0543	 -0.0515	 -0.0525	 -0.0522
 343     	 -0.0512	 -0.0539	 -0.0510	 -0.0522	 -0.0563	 -0.0535	 -0.0543	 -0.0540
 346     	 -0.0516	 -0.0554	 -0.0522	 -0.0541	 -0.0578	 -0.0548	 -0.0558	 -0.0558
 350     	 -0.0501	 -0.0529	 -0.0497	 -0.0512	 -0.0549	 -0.0523	 -0.0533	 -0.0529
 bison   	  0.2069	  0.2158	  0.2091	  0.2080	  0.2254	  0.2127	  0.1821	  0.1808
 cattle  	 -0.2069	 -0.2158	 -0.2091	 -0.2080	 -0.2254	 -0.2127	 -0.1821	 -0.1808
 YrsOB   	  0.3584	  0.2231	  0.3545	  0.3706	  0.2332	  0.2357	  0.0570	  0.0581
 BP5Yrs  	 -0.2313	 -0.0835	 -0.1355	 -0.0887	 -0.1275	 -0.1567	 -0.0087	 -0.1680
 YrsSLB  	  0.2738	 -0.0262	  0.0375	 -0.0248	  0.0478	  0.0567	 -0.0577	  0.1216
 spring  	 -0.1490	 -0.0012	 -0.1500	  0.0095	 -0.1149	 -0.1021	 -0.0265	 -0.1568

         	205     	206     	208     	220     	222     	226     	238     	244     

 254     	  1.0000
 259     	 -0.0423	  1.0000
 303     	 -0.0491	 -0.0509	  1.0000
 307     	 -0.0484	 -0.0502	 -0.0581	  1.0000
 308     	 -0.0427	 -0.0443	 -0.0514	 -0.0506	  1.0000
 309     	 -0.0467	 -0.0483	 -0.0562	 -0.0553	 -0.0488	  1.0000
 317     	 -0.0472	 -0.0491	 -0.0566	 -0.0561	 -0.0495	 -0.0537	  1.0000
 319     	 -0.0458	 -0.0475	 -0.0551	 -0.0543	 -0.0480	 -0.0521	 -0.0533	  1.0000
 331     	 -0.0441	 -0.0456	 -0.0529	 -0.0521	 -0.0459	 -0.0503	 -0.0509	 -0.0493
 343     	 -0.0455	 -0.0471	 -0.0547	 -0.0538	 -0.0475	 -0.0518	 -0.0527	 -0.0512
 346     	 -0.0466	 -0.0482	 -0.0560	 -0.0554	 -0.0483	 -0.0536	 -0.0539	 -0.0522
 350     	 -0.0446	 -0.0462	 -0.0534	 -0.0526	 -0.0466	 -0.0509	 -0.0517	 -0.0501
 bison   	 -0.2373	 -0.0345	 -0.2833	  0.0491	 -0.2486	 -0.2671	  0.0593	 -0.2696
 cattle  	  0.2373	  0.0345	  0.2833	 -0.0491	  0.2486	  0.2671	 -0.0593	  0.2696
 YrsOB   	 -0.1896	 -0.1428	 -0.2241	 -0.0792	 -0.1966	 -0.2101	 -0.0774	 -0.2162
 BP5Yrs  	  0.1200	  0.0746	  0.2173	 -0.0340	  0.4302	  0.4737	 -0.0220	 -0.0265
 YrsSLB  	 -0.0905	 -0.0793	 -0.1629	 -0.0305	 -0.1803	 -0.1941	 -0.0405	 -0.0536
 spring  	  0.0256	  0.0763	  0.1754	 -0.0674	  0.2897	  0.3076	 -0.0150	 -0.0206

         	254     	259     	303     	307     	308     	309     	317     	319     

 331     	  1.0000
 343     	 -0.0490	  1.0000
 346     	 -0.0506	 -0.0521	  1.0000
 350     	 -0.0478	 -0.0497	 -0.0520	  1.0000
 bison   	 -0.2548	 -0.2672	 -0.0271	  0.0438	  1.0000
 cattle  	  0.2548	  0.2672	  0.0271	 -0.0438	 -1.0000	  1.0000
 YrsOB   	 -0.2035	 -0.2143	 -0.1375	 -0.0803	  0.7454	 -0.7454	  1.0000
 BP5Yrs  	 -0.1980	 -0.1742	  0.1990	 -0.0136	 -0.4733	  0.4733	 -0.4312	  1.0000
 YrsSLB  	  0.2151	  0.3740	 -0.1308	 -0.0621	  0.1340	 -0.1340	  0.1407	 -0.6745
 spring  	 -0.0476	 -0.1137	  0.1187	 -0.0048	 -0.3838	  0.3838	 -0.2749	  0.5976

         	331     	343     	346     	350     	bison   	cattle  	YrsOB   	BP5Yrs  

 YrsSLB  	  1.0000
 spring  	 -0.5749	  1.0000

         	YrsSLB  	spring  

    N	name	   (weighted) mean	   stand. dev.	inflation factor

    1	SPEC AX1	        0.0000	        1.0134
    2	SPEC AX2	        0.0000	        1.0193
    3	SPEC AX3	        0.0000	        1.0199
    4	SPEC AX4	        0.0000	        1.0514
    5	ENVI AX1	        0.0000	        1.0000
    6	ENVI AX2	        0.0000	        1.0000
    7	ENVI AX3	        0.0000	        1.0000
    8	ENVI AX4	        0.0000	        1.0000
    1	205     	        0.0490	        0.2159	        3.7122
    2	206     	        0.0541	        0.2262	        2.8369
    3	208     	        0.0487	        0.2153	        3.4602
    4	220     	        0.0510	        0.2199	        3.5657
    5	222     	        0.0587	        0.2351	        3.0134
    6	226     	        0.0532	        0.2245	        2.9179
    7	238     	        0.0550	        0.2280	        2.2864
    8	244     	        0.0543	        0.2266	        2.3429
    9	254     	        0.0392	        0.1941	        2.2104
   10	259     	        0.0420	        0.2005	        1.9036
   11	303     	        0.0556	        0.2292	        2.7226
   12	307     	        0.0541	        0.2263	        2.0558
   13	308     	        0.0427	        0.2021	        2.8975
   14	309     	        0.0504	        0.2188	        3.2254
   15	317     	        0.0520	        0.2220	        2.0121
   16	319     	        0.0490	        0.2158	        2.5267
   17	331     	        0.0452	        0.2077	        2.5771
   18	343     	        0.0483	        0.2143	        2.7772
   19	346     	        0.0509	        0.2198	        2.1939
   20	350     	        0.0467	        0.2110	        0.0000
   34	bison   	        0.5640	        0.4959	        5.6012
   35	cattle  	        0.4360	        0.4959	        0.0000
   36	YrsOB   	        3.7072	        4.3424	        9.7328
   37	BP5Yrs  	        1.8744	        1.3531	        5.7218
   38	YrsSLB  	        2.1171	        2.1268	        3.1858
   40	spring  	        0.2936	        0.4554	        2.0834


 **** Summary ****

 Axes                               	     1	     2	     3	     4	 Total inertia

 Eigenvalues                       :	 0.153	 0.111	 0.089	 0.061	        1.476
 Species-environment correlations  :	 0.987	 0.981	 0.980	 0.951
 Cumulative percentage variance
    of species data                :	  10.9	  18.8	  25.2	  29.5
    of species-environment relation:	  17.8	  30.7	  41.0	  48.0

 Sum of all               eigenvalues      	     	      	      	      	  1.405
 Sum of all canonical     eigenvalues      	     	      	      	      	  0.863


 The sum of all eigenvalues is after fitting covariables
 Percentages are taken with respect to residual variances
                 i.e. variances after fitting covariables

 *** MESSAGE ***
 The fit for species is additional to the fit due to covariables.
 With covariables, CANOCO cannot calculate residuals for samples.

1
 *** Specification of blocks ***

 *** The permutations are conditioned on    10 covariable(s), namely: ***

    covariable  1998    
    covariable  1999    
    covariable  2000    
    covariable  2001    
    covariable  2002    
    covariable  2003    
    covariable  2004    
    covariable  2005    
    covariable  2006    
    covariable  2007    

 *** Sample arrangement in the permutation test ***


 Samples in block    1 :
 **  Time series or line of plots   **
     1     2     3     4     5     6     7     8     9    10
    11    12    13    14    15    16    17    18    19    20
 The      20       plots are permuted using cyclic shifts

 Samples in block    2 :
 **  Time series or line of plots   **
    21    22    23    24    25    26    27    28    29    30
    31    32    33    34    35    36    37    38    39    40
 The      20       plots are permuted using cyclic shifts

 Samples in block    3 :
 **  Time series or line of plots   **
    41    42    43    44    45    46    47    48    49    50
    51    52    53    54    55    56    57    58    59    60
 The      20       plots are permuted using cyclic shifts

 Samples in block    4 :
 **  Time series or line of plots   **
    61    62    63    64    65    66    67    68    69    70
    71    72    73    74    75    76    77    78    79    80
 The      20       plots are permuted using cyclic shifts

 Samples in block    5 :
 **  Time series or line of plots   **
    81    82    83    84    85    86    87    88    89    90
    91    92    93    94    95    96    97    98    99   100
 The      20       plots are permuted using cyclic shifts

 Samples in block    6 :
 **  Time series or line of plots   **
   101   102   103   104   105   106   107   108   109   110
   111   112   113   114   115   116   117   118   119   120
 The      20       plots are permuted using cyclic shifts

 Samples in block    7 :
 **  Time series or line of plots   **
   121   122   123   124   125   126   127   128   129   130
   131   132   133   134   135   136   137   138   139   140
 The      20       plots are permuted using cyclic shifts

 Samples in block    8 :
 **  Time series or line of plots   **
   141   142   143   144   145   146   147   148   149   150
   151   152   153   154   155   156   157   158   159   160
 The      20       plots are permuted using cyclic shifts

 Samples in block    9 :
 **  Time series or line of plots   **
   161   162   163   164   165   166   167   168   169   170
   171   172   173   174   175   176   177   178   179   180
 The      20       plots are permuted using cyclic shifts

 Samples in block   10 :
 **  Time series or line of plots   **
   181   182   183   184   185   186   187   188   189   190
   191   192   193   194   195   196   197   198   199   200
   220
 The      21       plots are permuted using cyclic shifts

 Samples in block   11 :
 **  Time series or line of plots   **
   201   202   203   204   205   206   207   208   209   210
   211   212   213   214   215   216   217   218   219
 The      19       plots are permuted using cyclic shifts

 Seeds:  17256 17308



 **** Summary of Monte Carlo test ****

 Test of significance of first canonical axis: eigenvalue =    0.153
                                               F-ratio    =   22.667
                                               P-value    =    0.0010

 Test of significance of all canonical axes  : Trace      =    0.863
                                               F-ratio    =   12.273
                                               P-value    =    0.0010

 (  999 permutations under reduced model)

1

 File with supplementary variables: C:\Users\Daniel McGlinn\Documents\Grad Ecology\TGP - vegmon\management manuscript\data folder\habit.spe


 File  : C:\Users\Daniel McGlinn\Documents\Grad Ecology\TGP - vegmon\management manuscript\data folder\habit.spe
 Title : habit                                                                          
 Format :  (I5,1X,7(I6,F4.0))                                                  
 No. of environmental variables :     6


 No interaction terms defined


 ****** Collinearity detected when fitting variable     4 ******
1
 **** Weighted correlation matrix (weight = sample total) ****
 
 SPEC AX1	  1.0000
 SPEC AX2	  0.0057	  1.0000
 SPEC AX3	  0.0007	 -0.0035	  1.0000
 SPEC AX4	 -0.0202	 -0.0027	 -0.0040	  1.0000
 ENVI AX1	  0.6227	  0.1828	 -0.1047	 -0.1756	  1.0000
 ENVI AX2	  0.1420	  0.8018	 -0.0542	  0.1053	  0.2280	  1.0000
 ENVI AX3	 -0.0874	 -0.0583	  0.7456	  0.2775	 -0.1404	 -0.0727	  1.0000
 ENVI AX4	 -0.1846	  0.1426	  0.3494	  0.5923	 -0.2965	  0.1778	  0.4686	  1.0000
 F       	  0.1890	 -0.2830	  0.0151	 -0.3981	  0.3035	 -0.3530	  0.0203	 -0.6722
 Gsum    	  0.5746	  0.4043	 -0.0191	 -0.0971	  0.9226	  0.5042	 -0.0256	 -0.1640
 G3      	  0.5051	  0.5135	 -0.3140	 -0.2392	  0.8112	  0.6404	 -0.4212	 -0.4039
 G4      	  0.3286	 -0.0293	  0.4791	  0.1980	  0.5277	 -0.0366	  0.6425	  0.3343
 L       	 -0.0355	 -0.5937	 -0.3666	 -0.4025	 -0.0570	 -0.7404	 -0.4917	 -0.6796
 W       	  0.0767	 -0.4004	 -0.4902	 -0.0461	  0.1232	 -0.4994	 -0.6574	 -0.0778

         	SPEC AX1	SPEC AX2	SPEC AX3	SPEC AX4	ENVI AX1	ENVI AX2	ENVI AX3	ENVI AX4

 F       	  1.0000
 Gsum    	  0.0464	  1.0000
 G3      	  0.1141	  0.8708	  1.0000
 G4      	 -0.0944	  0.5858	  0.1116	  1.0000
 L       	  0.3719	 -0.2930	 -0.1659	 -0.3187	  1.0000
 W       	 -0.0018	 -0.1583	 -0.0549	 -0.2295	  0.5776	  1.0000

         	F       	Gsum    	G3      	G4      	L       	W       

    N	name	   (weighted) mean	   stand. dev.	inflation factor

    1	SPEC AX1	        0.0000	        1.0134
    2	SPEC AX2	        0.0000	        1.0193
    3	SPEC AX3	        0.0000	        1.0199
    4	SPEC AX4	        0.0000	        1.0514
    5	ENVI AX1	        0.0000	        0.6311
    6	ENVI AX2	        0.0000	        0.8173
    7	ENVI AX3	        0.0000	        0.7605
    8	ENVI AX4	        0.0000	        0.6227
    1	F       	       77.1530	       17.5453	        1.7349
    2	Gsum    	       66.5525	       11.8650	        5.6448
    3	G3      	       33.6353	        9.0677	        4.7281
    4	G4      	       32.9172	        6.2403	        0.0000
    5	L       	       21.8887	        7.9783	        2.3531
    6	W       	        3.2404	        2.0576	        1.7520


 **** Summary ****

 Axes                               	     1	     2	     3	     4	 Total inertia

 Species-environment correlations  :	 0.623	 0.802	 0.746	 0.592
 Cumulative percentage variance
    of species data                :	  10.9	  18.8	  25.2	  29.5
    of species-environment relation:	  21.8	  48.3	  66.6	  75.0

 Sum of all               eigenvalues      	     	      	      	      	  1.405
 Sum of all canonical     eigenvalues      	     	      	      	      	  0.281


 The sum of all eigenvalues is after fitting covariables
 Percentages are taken with respect to residual variances
                 i.e. variances after fitting covariables

[Thu Oct 09 10:00:44 2008] CANOCO call succeeded

