[Thu Oct 09 09:54:47 2008] Log file cleared
[Thu Oct 09 09:55:49 2008] Settings changed
[Thu Oct 09 09:55:50 2008] Running CANOCO:
[Thu Oct 09 09:55:50 2008] CON file [C:\Users\Daniel McGlinn\Documents\Grad Ecology\TGP - vegmon\management manuscript\CCA\pCCA (site + yr given dist).con] saved
 Program CANOCO Version 4.5 February 2002 - written by Cajo J.F. Ter Braak
 (C) 1988-2002 Biometris - quantitative methods in the life and earth sciences
 Plant Research International, Wageningen University and Research Centre
 Box 100, 6700 AC Wageningen, the Netherlands
 CANOCO performs (partial) (detrended) (canonical) correspondence analysis,
 principal components analysis and redundancy analysis.
 CANOCO is an extension of Cornell Ecology program DECORANA (Hill,1979)

 For explanation of the input/output see the manual or
 Ter Braak, C.J.F. (1995) Ordination. Chapter 5 in:
 Data Analysis in Community and Landscape Ecology
 (Jongman, R.H.G., Ter Braak, C.J.F. and Van Tongeren, O.F.R., Eds)
 Cambridge University Press, Cambridge, UK, 91-173 pp.

 *** Type of analysis ***
  Model             Gradient analysis
               indirect     direct     hybrid
 linear         1=PCA       2= RDA       3
 unimodal       4= CA       5= CCA       6
    ,,          7=DCA       8=DCCA       9
               10=non-standard analysis
 Type analysis number
 Answer =  5


 *** Data files ***
 Species data       : C:\Users\Daniel McGlinn\Documents\Grad Ecology\TGP - vegmon\management manuscript\data folder\tgp sp cov.spe
 Covariable data    : C:\Users\Daniel McGlinn\Documents\Grad Ecology\TGP - vegmon\management manuscript\data folder\tgp env.env
 Environmental data : C:\Users\Daniel McGlinn\Documents\Grad Ecology\TGP - vegmon\management manuscript\data folder\tgp env.env
 Initialization file:  

 Forward selection of envi. variables =    0
 Scaling of ordination scores         =    2
 Diagnostics                          =    3

 File   : C:\Users\Daniel McGlinn\Documents\Grad Ecology\TGP - vegmon\management manuscript\data folder\tgp sp cov.spe
 Title  : tgp species data 98-08                                                          
 Format :  (I5,1X,5(I6,F7.2))                                                  
 No. of couplets of species number and abundance per line :    5


 No samples omitted
 Number of samples           220
 Number of species           307
 Number of occurrences     16768


 File  : C:\Users\Daniel McGlinn\Documents\Grad Ecology\TGP - vegmon\management manuscript\data folder\tgp env.env
 Title : tgp env                                                                        
 Format :  (I5,1X,3(I6,F15.9))                                                 
 No. of             covariables :    64


 No interaction terms defined


 ******************************************************************************
                     Names of covariables
 ******************************************************************************
 bison    cattle   YrsOB    BP5Yrs   YrsSLB   spring  
 ******************************************************************************

 File  : C:\Users\Daniel McGlinn\Documents\Grad Ecology\TGP - vegmon\management manuscript\data folder\tgp env.env
 Title : tgp env                                                                        
 Format :  (I5,1X,3(I6,F15.9))                                                 
 No. of environmental variables :    64


 No interaction terms defined


 Squareroot-transformation of species data
 No species-weights specified
 No  sample-weights specified
    downweighting of rare species



 Final species weights applied (weight*downweight)
  1.000 1.000 1.000 0.143 0.685 0.207 0.081 1.000 0.320 0.046 1.000 1.000 1.000 1.000 0.160 1.000 0.269 1.000 1.000 0.317
  1.000 0.925 0.408 0.023 0.052 0.819 1.000 0.446 0.137 0.503 1.000 1.000 1.000 0.500 0.046 0.391 0.548 0.046 1.000 1.000
  1.000 0.023 1.000 1.000 0.023 1.000 1.000 0.023 1.000 1.000 0.211 1.000 0.160 1.000 1.000 1.000 0.023 1.000 1.000 0.029
  0.953 0.046 0.044 0.762 1.000 0.023 1.000 0.365 0.531 1.000 1.000 0.104 0.023 1.000 0.913 0.046 0.320 0.790 1.000 0.218
  0.104 1.000 0.419 0.052 1.000 1.000 0.406 0.658 0.046 0.114 1.000 0.137 0.822 0.578 0.298 0.485 0.412 1.000 0.527 0.114
  0.759 1.000 1.000 1.000 1.000 1.000 0.879 0.772 0.023 0.068 0.789 0.023 1.000 1.000 1.000 1.000 0.044 0.784 1.000 0.023
  0.548 0.023 0.207 0.220 0.800 0.114 0.906 0.514 1.000 0.869 0.236 0.160 0.146 1.000 1.000 0.023 0.094 0.046 0.183 0.023
  0.023 0.023 1.000 0.068 0.186 0.075 0.269 0.303 1.000 0.725 0.334 0.114 0.097 0.143 0.160 0.464 0.023 0.023 1.000 1.000
  0.303 0.840 0.029 1.000 1.000 1.000 1.000 0.389 1.000 0.531 1.000 1.000 0.256 1.000 0.205 1.000 1.000 0.143 0.091 0.023
  0.023 0.023 0.385 1.000 1.000 1.000 0.044 0.371 0.433 1.000 0.075 0.348 0.773 0.285 0.143 0.251 0.224 1.000 0.046 0.400
  0.126 1.000 1.000 1.000 0.091 1.000 0.023 0.143 1.000 0.091 0.771 0.166 1.000 0.029 1.000 1.000 0.942 0.468 1.000 0.097
  1.000 0.046 0.029 0.023 0.052 0.274 0.456 1.000 0.560 0.160 0.091 1.000 1.000 0.046 1.000 0.068 0.228 0.287 0.046 1.000
  1.000 1.000 1.000 0.257 0.497 1.000 0.023 0.114 1.000 0.548 0.120 0.779 0.104 1.000 0.023 0.068 1.000 0.114 1.000 1.000
  0.218 1.000 0.068 0.740 0.023 1.000 0.211 0.616 1.000 1.000 0.023 0.046 1.000 0.914 1.000 0.036 1.000 0.023 0.571 0.599
  1.000 0.120 0.023 0.172 1.000 0.921 0.288 0.023 1.000 1.000 0.951 0.036 0.023 0.257 0.317 0.091 0.046 1.000 1.000 1.000
  0.023 0.146 0.068 0.350 1.000 0.068 1.000

 No rescaling

 No detrending


 No. of active  samples:    220
 No. of passive samples:      0
 No. of active  species:    307

 Total inertia in species data=
 Sum of all eigenvalues of CA =    1.47585

 Covariable cattle   is linearly dependent, hence ignored
 ****** Collinearity detected when fitting variable    20 ******
 ****** Collinearity detected when fitting variable    31 ******
 
 ****** Check on influence in covariable/environment data ******
 The following sample(s) have extreme values
 Sample Environmental        Covariable  + Environment space
        variable Influence   influence     influence     

    181                        3.6x
    198                        3.1x
    218                        3.8x
 ****** End of check ******

1
 **** Weighted correlation matrix (weight = sample total) ****
 
 SPEC AX1	  1.0000
 SPEC AX2	  0.0009	  1.0000
 SPEC AX3	 -0.0035	  0.0017	  1.0000
 SPEC AX4	  0.0072	  0.0005	 -0.0022	  1.0000
 ENVI AX1	  0.9868	  0.0000	  0.0000	  0.0000	  1.0000
 ENVI AX2	  0.0000	  0.9784	  0.0000	  0.0000	  0.0000	  1.0000
 ENVI AX3	  0.0000	  0.0000	  0.9769	  0.0000	  0.0000	  0.0000	  1.0000
 ENVI AX4	  0.0000	  0.0000	  0.0000	  0.9683	  0.0000	  0.0000	  0.0000	  1.0000
 205     	 -0.2179	 -0.0123	  0.0585	  0.0003	 -0.2208	 -0.0126	  0.0599	  0.0003
 206     	  0.0963	 -0.1622	 -0.0407	 -0.1266	  0.0976	 -0.1658	 -0.0417	 -0.1307
 208     	 -0.2695	  0.0608	 -0.1988	  0.5245	 -0.2731	  0.0622	 -0.2035	  0.5416
 220     	 -0.0421	  0.1694	  0.0932	 -0.2555	 -0.0427	  0.1731	  0.0954	 -0.2638
 222     	  0.0167	 -0.1465	 -0.0757	 -0.0816	  0.0169	 -0.1498	 -0.0775	 -0.0842
 226     	  0.0185	 -0.1499	  0.5342	 -0.2096	  0.0188	 -0.1532	  0.5468	 -0.2165
 238     	  0.2684	  0.0362	 -0.2071	 -0.0399	  0.2720	  0.0370	 -0.2120	 -0.0412
 244     	  0.1337	 -0.1409	 -0.1441	 -0.0659	  0.1355	 -0.1440	 -0.1475	 -0.0680
 254     	 -0.2414	  0.5986	  0.0359	 -0.2541	 -0.2447	  0.6118	  0.0367	 -0.2624
 259     	 -0.2108	 -0.2523	 -0.2838	 -0.0598	 -0.2136	 -0.2579	 -0.2905	 -0.0618
 303     	  0.2068	 -0.2693	  0.4339	 -0.0265	  0.2095	 -0.2753	  0.4441	 -0.0274
 307     	  0.2109	  0.2249	 -0.1427	  0.0583	  0.2138	  0.2299	 -0.1461	  0.0603
 308     	 -0.3871	 -0.1177	 -0.0822	 -0.4692	 -0.3923	 -0.1203	 -0.0841	 -0.4845
 309     	  0.2999	  0.0379	  0.0352	  0.3718	  0.3039	  0.0387	  0.0360	  0.3839
 317     	 -0.1253	  0.4941	  0.1047	  0.0692	 -0.1270	  0.5051	  0.1071	  0.0715
 319     	 -0.3732	 -0.2851	 -0.3166	  0.0902	 -0.3782	 -0.2914	 -0.3241	  0.0932
 331     	  0.5370	  0.0424	 -0.3237	 -0.2925	  0.5442	  0.0434	 -0.3313	 -0.3021
 343     	  0.0143	  0.0539	  0.1044	  0.2172	  0.0145	  0.0551	  0.1069	  0.2243
 346     	 -0.0988	 -0.1707	  0.0920	  0.2030	 -0.1002	 -0.1745	  0.0942	  0.2097
 350     	  0.0768	  0.0413	  0.2552	  0.3171	  0.0779	  0.0422	  0.2612	  0.3274
 1998    	 -0.0308	  0.0014	  0.0755	 -0.0335	 -0.0312	  0.0014	  0.0772	 -0.0346
 1999    	 -0.0540	 -0.0233	  0.0585	  0.0107	 -0.0547	 -0.0238	  0.0599	  0.0110
 2000    	 -0.0655	  0.0246	  0.0687	 -0.0173	 -0.0664	  0.0251	  0.0704	 -0.0178
 2001    	 -0.0342	 -0.0323	  0.0001	  0.0714	 -0.0347	 -0.0330	  0.0001	  0.0737
 2002    	 -0.0174	 -0.0164	 -0.0505	  0.0202	 -0.0176	 -0.0168	 -0.0517	  0.0208
 2003    	  0.0079	 -0.0077	 -0.0610	  0.0165	  0.0080	 -0.0078	 -0.0624	  0.0171
 2004    	  0.0062	  0.0321	 -0.0472	 -0.0116	  0.0063	  0.0328	 -0.0483	 -0.0120
 2005    	  0.0618	  0.0067	 -0.0384	 -0.0310	  0.0627	  0.0068	 -0.0393	 -0.0320
 2006    	  0.0032	 -0.0871	  0.0492	 -0.0477	  0.0033	 -0.0890	  0.0504	 -0.0493
 2007    	  0.0667	  0.0236	 -0.0271	  0.0198	  0.0676	  0.0242	 -0.0277	  0.0205
 2008    	  0.0391	  0.0755	 -0.0078	 -0.0012	  0.0396	  0.0771	 -0.0080	 -0.0012

         	SPEC AX1	SPEC AX2	SPEC AX3	SPEC AX4	ENVI AX1	ENVI AX2	ENVI AX3	ENVI AX4

 205     	  1.0000
 206     	 -0.1166	  1.0000
 208     	 -0.1732	 -0.1195	  1.0000
 220     	 -0.1814	 -0.1421	 -0.1846	  1.0000
 222     	 -0.1353	 -0.1157	 -0.1341	 -0.1351	  1.0000
 226     	 -0.1362	 -0.1133	 -0.1312	 -0.1358	 -0.1193	  1.0000
 238     	 -0.0479	 -0.0958	 -0.0642	 -0.0697	 -0.0935	 -0.0842	  1.0000
 244     	 -0.0869	 -0.0829	 -0.0673	 -0.0530	 -0.0970	 -0.0924	 -0.0986	  1.0000
 254     	  0.0234	  0.0043	 -0.0151	  0.0036	 -0.0035	 -0.0013	 -0.0121	 -0.0086
 259     	  0.0146	 -0.0398	  0.0042	 -0.0033	 -0.0321	 -0.0273	 -0.0716	 -0.0577
 303     	  0.0297	 -0.0080	 -0.0021	 -0.0106	  0.0011	  0.0032	 -0.0214	  0.0039
 307     	 -0.0083	 -0.0563	 -0.0323	 -0.0178	 -0.0626	 -0.0571	 -0.0892	 -0.0920
 308     	  0.0078	 -0.0105	  0.0153	 -0.0197	  0.0077	  0.0239	 -0.0333	  0.0327
 309     	  0.0084	 -0.0106	  0.0160	 -0.0212	  0.0084	  0.0275	 -0.0376	  0.0369
 317     	 -0.0105	 -0.0626	 -0.0250	 -0.0228	 -0.0617	 -0.0570	 -0.0927	 -0.0901
 319     	  0.0284	  0.0040	 -0.0201	  0.0078	 -0.0064	 -0.0143	 -0.0043	 -0.0283
 331     	 -0.0520	  0.0113	  0.0031	  0.0214	 -0.0039	 -0.0203	  0.0188	 -0.0558
 343     	 -0.1106	  0.0290	  0.0083	  0.0395	 -0.0040	 -0.0135	  0.0285	 -0.0667
 346     	  0.0075	 -0.0490	 -0.0047	 -0.0175	 -0.0399	 -0.0274	 -0.0869	 -0.0511
 350     	  0.0055	 -0.0560	 -0.0182	 -0.0151	 -0.0539	 -0.0497	 -0.0881	 -0.0827
 1998    	  0.0569	  0.0346	  0.0639	  0.0460	  0.0398	  0.0425	  0.0180	  0.0221
 1999    	  0.0718	  0.0350	  0.0624	  0.0601	  0.0204	  0.0194	 -0.0077	 -0.0026
 2000    	  0.0398	  0.0196	  0.0533	  0.0557	  0.0234	  0.0237	  0.0091	 -0.0063
 2001    	  0.0558	  0.0069	  0.0409	  0.0304	  0.0282	  0.0162	  0.0108	  0.0111
 2002    	  0.0570	  0.0091	  0.0217	  0.0225	  0.0069	  0.0123	 -0.0162	 -0.0122
 2003    	  0.0108	  0.0023	  0.0114	  0.0102	  0.0091	 -0.0035	 -0.0077	 -0.0104
 2004    	 -0.0362	 -0.0068	  0.0097	 -0.0027	 -0.0079	  0.0144	 -0.0196	 -0.0149
 2005    	 -0.0048	 -0.0151	 -0.0405	 -0.0047	 -0.0211	 -0.0256	 -0.0147	 -0.0128
 2006    	 -0.0378	 -0.0193	 -0.0397	 -0.0498	 -0.0250	 -0.0145	 -0.0057	  0.0007
 2007    	 -0.1002	 -0.0244	 -0.0845	 -0.0608	 -0.0371	 -0.0384	  0.0073	  0.0036
 2008    	 -0.0931	 -0.0329	 -0.0789	 -0.0924	 -0.0268	 -0.0361	  0.0292	  0.0247

         	205     	206     	208     	220     	222     	226     	238     	244     

 254     	  1.0000
 259     	 -0.0513	  1.0000
 303     	 -0.1294	 -0.0723	  1.0000
 307     	 -0.0530	 -0.0761	 -0.0509	  1.0000
 308     	 -0.0947	 -0.0742	 -0.1650	 -0.0125	  1.0000
 309     	 -0.1076	 -0.0827	 -0.1856	 -0.0140	 -0.3697	  1.0000
 317     	 -0.0400	 -0.0790	 -0.0468	 -0.0951	 -0.0218	 -0.0238	  1.0000
 319     	 -0.1479	 -0.0575	 -0.1414	 -0.0776	 -0.0119	 -0.0120	 -0.0588	  1.0000
 331     	 -0.1079	 -0.0455	 -0.1010	 -0.0588	  0.0261	  0.0328	 -0.0486	 -0.2082
 343     	 -0.0986	 -0.0365	 -0.0891	 -0.0427	 -0.0310	 -0.0343	 -0.0322	 -0.1616
 346     	 -0.0522	 -0.0858	 -0.0851	 -0.0720	 -0.1473	 -0.1668	 -0.0772	 -0.0203
 350     	 -0.0454	 -0.0789	 -0.0520	 -0.0944	 -0.0205	 -0.0222	 -0.0937	 -0.0674
 1998    	 -0.0285	 -0.0201	 -0.0457	 -0.0045	 -0.0563	 -0.0483	 -0.0126	 -0.0465
 1999    	 -0.0321	 -0.0167	 -0.0237	 -0.0185	 -0.0058	 -0.0004	 -0.0224	 -0.0420
 2000    	 -0.0119	 -0.0205	 -0.0164	 -0.0089	 -0.0083	 -0.0037	 -0.0196	 -0.0316
 2001    	 -0.0288	 -0.0168	 -0.0306	 -0.0086	  0.0027	  0.0084	 -0.0142	 -0.0498
 2002    	 -0.0099	 -0.0206	  0.0062	 -0.0323	  0.0034	  0.0043	 -0.0298	 -0.0093
 2003    	  0.0061	 -0.0092	  0.0030	 -0.0091	  0.0054	  0.0029	  0.0001	  0.0104
 2004    	  0.0282	 -0.0045	  0.0257	 -0.0018	 -0.0134	 -0.0307	  0.0025	  0.0680
 2005    	  0.0175	  0.0070	  0.0102	  0.0058	 -0.0023	 -0.0141	  0.0052	  0.0307
 2006    	  0.0171	  0.0151	  0.0142	  0.0038	  0.0207	  0.0142	  0.0121	  0.0205
 2007    	  0.0102	  0.0309	  0.0232	  0.0188	  0.0237	  0.0388	  0.0229	  0.0114
 2008    	  0.0243	  0.0494	  0.0241	  0.0521	  0.0223	  0.0220	  0.0504	  0.0249

         	254     	259     	303     	307     	308     	309     	317     	319     

 331     	  1.0000
 343     	 -0.3064	  1.0000
 346     	  0.0110	 -0.0014	  1.0000
 350     	 -0.0486	 -0.0247	 -0.0754	  1.0000
 1998    	 -0.0246	 -0.0339	 -0.0206	 -0.0079	  1.0000
 1999    	 -0.0259	 -0.0345	 -0.0208	 -0.0231	 -0.1120	  1.0000
 2000    	 -0.0384	 -0.0467	 -0.0109	 -0.0133	 -0.1074	 -0.1130	  1.0000
 2001    	 -0.0497	 -0.0127	 -0.0023	 -0.0072	 -0.1139	 -0.1146	 -0.1161	  1.0000
 2002    	  0.0140	  0.0339	 -0.0297	 -0.0201	 -0.0984	 -0.1138	 -0.1019	 -0.1053
 2003    	 -0.0046	 -0.0068	 -0.0157	 -0.0022	 -0.0930	 -0.1036	 -0.1025	 -0.1060
 2004    	  0.0241	 -0.0052	 -0.0293	  0.0036	 -0.0857	 -0.0946	 -0.1007	 -0.0920
 2005    	  0.0462	  0.0440	 -0.0174	  0.0218	 -0.0812	 -0.0929	 -0.0886	 -0.0897
 2006    	  0.0199	  0.0313	  0.0035	  0.0308	 -0.0697	 -0.0769	 -0.0794	 -0.0920
 2007    	  0.0146	  0.0068	  0.0973	  0.0404	 -0.0665	 -0.0777	 -0.0811	 -0.0877
 2008    	  0.0152	  0.0148	  0.0370	 -0.0295	 -0.0595	 -0.0572	 -0.0717	 -0.0901

         	331     	343     	346     	350     	1998    	1999    	2000    	2001    

 2002    	  1.0000
 2003    	 -0.1051	  1.0000
 2004    	 -0.1012	 -0.1153	  1.0000
 2005    	 -0.1085	 -0.1059	 -0.1179	  1.0000
 2006    	 -0.0905	 -0.0958	 -0.1025	 -0.1131	  1.0000
 2007    	 -0.0951	 -0.1051	 -0.1167	 -0.1330	 -0.1364	  1.0000
 2008    	 -0.0730	 -0.0937	 -0.1076	 -0.1209	 -0.1365	 -0.1768	  1.0000

         	2002    	2003    	2004    	2005    	2006    	2007    	2008    

    N	name	   (weighted) mean	   stand. dev.	inflation factor

    1	SPEC AX1	        0.0000	        1.0133
    2	SPEC AX2	        0.0000	        1.0221
    3	SPEC AX3	        0.0000	        1.0236
    4	SPEC AX4	        0.0000	        1.0327
    5	ENVI AX1	        0.0000	        1.0000
    6	ENVI AX2	        0.0000	        1.0000
    7	ENVI AX3	        0.0000	        1.0000
    8	ENVI AX4	        0.0000	        1.0000
    1	205     	        0.0490	        0.2159	        3.7122
    2	206     	        0.0541	        0.2262	        2.8369
    3	208     	        0.0487	        0.2153	        3.4602
    4	220     	        0.0510	        0.2199	        3.5657
    5	222     	        0.0587	        0.2351	        3.0134
    6	226     	        0.0532	        0.2245	        2.9179
    7	238     	        0.0550	        0.2280	        2.2864
    8	244     	        0.0543	        0.2266	        2.3429
    9	254     	        0.0392	        0.1941	        2.2104
   10	259     	        0.0420	        0.2005	        1.9036
   11	303     	        0.0556	        0.2292	        2.7226
   12	307     	        0.0541	        0.2263	        2.0558
   13	308     	        0.0427	        0.2021	        2.8975
   14	309     	        0.0504	        0.2188	        3.2254
   15	317     	        0.0520	        0.2220	        2.0121
   16	319     	        0.0490	        0.2158	        2.5267
   17	331     	        0.0452	        0.2077	        2.5771
   18	343     	        0.0483	        0.2143	        2.7772
   19	346     	        0.0509	        0.2198	        2.1939
   20	350     	        0.0467	        0.2110	        0.0000
   21	1998    	        0.0708	        0.2565	        2.7968
   22	1999    	        0.0821	        0.2746	        2.7888
   23	2000    	        0.0823	        0.2748	        2.6167
   24	2001    	        0.0918	        0.2887	        2.6806
   25	2002    	        0.0881	        0.2834	        2.3964
   26	2003    	        0.0931	        0.2905	        2.2521
   27	2004    	        0.0981	        0.2975	        2.1780
   28	2005    	        0.0997	        0.2996	        2.0621
   29	2006    	        0.0892	        0.2850	        1.8431
   30	2007    	        0.1090	        0.3117	        1.9375
   31	2008    	        0.0958	        0.2944	        0.0000


 **** Summary ****

 Axes                               	     1	     2	     3	     4	 Total inertia

 Eigenvalues                       :	 0.133	 0.104	 0.080	 0.051	        1.476
 Species-environment correlations  :	 0.987	 0.978	 0.977	 0.968
 Cumulative percentage variance
    of species data                :	  10.0	  17.7	  23.7	  27.5
    of species-environment relation:	  16.8	  29.8	  39.8	  46.2

 Sum of all               eigenvalues      	     	      	      	      	  1.338
 Sum of all canonical     eigenvalues      	     	      	      	      	  0.796


 The sum of all eigenvalues is after fitting covariables
 Percentages are taken with respect to residual variances
                 i.e. variances after fitting covariables

 *** MESSAGE ***
 The fit for species is additional to the fit due to covariables.
 With covariables, CANOCO cannot calculate residuals for samples.

1

 *** Sample arrangement in the permutation test ***

 **  Time series or line of plots   **


 The     220       plots are permuted using cyclic shifts

 Seeds:  26996 28507



 **** Summary of Monte Carlo test ****

 Test of significance of first canonical axis: eigenvalue =    0.133
                                               F-ratio    =   20.483
                                               P-value    =    0.0020

 Test of significance of all canonical axes  : Trace      =    0.796
                                               F-ratio    =    9.367
                                               P-value    =    0.0020

 (  999 permutations under reduced model)

1

 File with supplementary variables: C:\Users\Daniel McGlinn\Documents\Grad Ecology\TGP - vegmon\management manuscript\data folder\habit.spe


 File  : C:\Users\Daniel McGlinn\Documents\Grad Ecology\TGP - vegmon\management manuscript\data folder\habit.spe
 Title : habit                                                                          
 Format :  (I5,1X,7(I6,F4.0))                                                  
 No. of environmental variables :     6


 No interaction terms defined


 ****** Collinearity detected when fitting variable     4 ******
1
 **** Weighted correlation matrix (weight = sample total) ****
 
 SPEC AX1	  1.0000
 SPEC AX2	  0.0009	  1.0000
 SPEC AX3	 -0.0035	  0.0017	  1.0000
 SPEC AX4	  0.0072	  0.0005	 -0.0022	  1.0000
 ENVI AX1	  0.6573	  0.0334	  0.2220	  0.0246	  1.0000
 ENVI AX2	  0.0267	  0.8224	 -0.0024	  0.1090	  0.0406	  1.0000
 ENVI AX3	  0.2345	 -0.0032	  0.6221	 -0.2322	  0.3568	 -0.0039	  1.0000
 ENVI AX4	  0.0543	  0.3015	 -0.4859	  0.2972	  0.0827	  0.3667	 -0.7811	  1.0000
 F       	  0.3358	 -0.2218	 -0.1126	  0.1310	  0.5108	 -0.2698	 -0.1811	  0.4408
 Gsum    	  0.3851	  0.4376	 -0.1930	  0.2042	  0.5858	  0.5321	 -0.3102	  0.6869
 G3      	  0.3830	  0.6662	  0.0065	  0.1532	  0.5826	  0.8101	  0.0105	  0.5153
 G4      	  0.1812	 -0.1014	 -0.3547	  0.1624	  0.2756	 -0.1233	 -0.5702	  0.5464
 L       	  0.4294	 -0.4804	  0.3304	 -0.1585	  0.6532	 -0.5842	  0.5311	 -0.5331
 W       	  0.3297	 -0.1888	  0.4891	 -0.1492	  0.5015	 -0.2296	  0.7863	 -0.5021

         	SPEC AX1	SPEC AX2	SPEC AX3	SPEC AX4	ENVI AX1	ENVI AX2	ENVI AX3	ENVI AX4

 F       	  1.0000
 Gsum    	  0.1809	  1.0000
 G3      	  0.1824	  0.8353	  1.0000
 G4      	  0.0817	  0.6823	  0.1680	  1.0000
 L       	  0.3289	 -0.1279	 -0.1656	 -0.0090	  1.0000
 W       	 -0.0078	 -0.0665	 -0.0363	 -0.0710	  0.5304	  1.0000

         	F       	Gsum    	G3      	G4      	L       	W       

    N	name	   (weighted) mean	   stand. dev.	inflation factor

    1	SPEC AX1	        0.0000	        1.0133
    2	SPEC AX2	        0.0000	        1.0221
    3	SPEC AX3	        0.0000	        1.0236
    4	SPEC AX4	        0.0000	        1.0327
    5	ENVI AX1	        0.0000	        0.6661
    6	ENVI AX2	        0.0000	        0.8405
    7	ENVI AX3	        0.0000	        0.6368
    8	ENVI AX4	        0.0000	        0.3070
    1	F       	       77.1530	       17.5453	        1.4371
    2	Gsum    	       66.5525	       11.8650	        3.8642
    3	G3      	       33.6353	        9.0677	        4.2396
    4	G4      	       32.9172	        6.2403	        0.0000
    5	L       	       21.8887	        7.9783	        2.8501
    6	W       	        3.2404	        2.0576	        1.6876


 **** Summary ****

 Axes                               	     1	     2	     3	     4	 Total inertia

 Species-environment correlations  :	 0.657	 0.822	 0.622	 0.297
 Cumulative percentage variance
    of species data                :	  10.0	  17.7	  23.7	  27.5
    of species-environment relation:	  23.5	  52.5	  65.4	  67.3

 Sum of all               eigenvalues      	     	      	      	      	  1.338
 Sum of all canonical     eigenvalues      	     	      	      	      	  0.252


 The sum of all eigenvalues is after fitting covariables
 Percentages are taken with respect to residual variances
                 i.e. variances after fitting covariables

[Thu Oct 09 09:56:18 2008] CANOCO call succeeded

