Loading required package: permute
This is vegan 2.0-5
[1] 100
[1] 200
[1] 300
[1] 400
[1] 500
[1] 600
[1] 700
[1] 800
[1] 900
[1] 100
[1] 200
[1] 300
[1] 400
[1] 500
[1] 600
[1] 700
[1] 800
[1] 900
[1] 100
[1] 200
[1] 300
[1] 400
[1] 500
[1] 600
[1] 700
[1] 800
[1] 900
                    R2  R2adj  % expl
all = X1+X2      0.170  0.129 100.000
[a] = X1 | X2    0.166  0.149 115.664
[b]             -0.008 -0.011  -8.400
[c] = X2 | X1    0.011 -0.009  -7.264
[d] = Residuals  0.830  0.871 675.228
                   R2 R2adj  % expl
all = X1+X2     0.157 0.115 100.000
[a] = X1 | X2   0.096 0.077  66.707
[b]             0.017 0.015  12.967
[c] = X2 | X1   0.044 0.023  20.325
[d] = Residuals 0.843 0.885 768.218
                   R2 R2adj   % expl
all = X1+X2     0.111 0.065  100.000
[a] = X1 | X2   0.069 0.047   71.877
[b]             0.006 0.004    6.533
[c] = X2 | X1   0.037 0.014   21.589
[d] = Residuals 0.889 0.935 1427.599
