Loading required package: permute
This is vegan 2.0-5
Warning message:
In dir.create("./results/") : './results' already exists
[1] 100
[1] 200
[1] 300
[1] 400
[1] 500
[1] 600
[1] 700
[1] 800
[1] 900
[1] 100
[1] 200
[1] 300
[1] 400
[1] 500
[1] 600
[1] 700
[1] 800
[1] 900
[1] 100
[1] 200
[1] 300
[1] 400
[1] 500
[1] 600
[1] 700
[1] 800
[1] 900
[1] 100
[1] 200
[1] 300
[1] 400
[1] 500
[1] 600
[1] 700
[1] 800
[1] 900
[1] 100
[1] 200
[1] 300
[1] 400
[1] 500
[1] 600
[1] 700
[1] 800
[1] 900
[1] 100
[1] 200
[1] 300
[1] 400
[1] 500
[1] 600
[1] 700
[1] 800
[1] 900
[1] 100
[1] 200
[1] 300
[1] 400
[1] 500
[1] 600
[1] 700
[1] 800
[1] 900
                     R2  R2adj  % expl
all = X1+X2+X3    0.459  0.438 100.000
[a] = X1 | X2+X3  0.263  0.262  59.808
[b] = X2 | X1+X3  0.058  0.052  11.890
[c] = X3 | X1+X2  0.224  0.222  50.769
[d]              -0.006 -0.010  -2.201
[e]               0.002 -0.002  -0.392
[f]              -0.084 -0.091 -20.870
[g]               0.003  0.004   0.995
[h] = Residuals   0.541  0.562 128.244
                     R2  R2adj  % expl
all = X1+X2+X3    0.247  0.217 100.000
[a] = X1 | X2+X3  0.147  0.141  64.886
[b] = X2 | X1+X3  0.022  0.013   5.935
[c] = X3 | X1+X2  0.063  0.054  24.888
[d]              -0.003 -0.005  -2.383
[e]               0.001  0.000   0.079
[f]               0.017  0.015   6.967
[g]              -0.001 -0.001  -0.372
[h] = Residuals   0.753  0.783 360.075
                     R2  R2adj  % expl
all = X1+X2+X3    0.179  0.146 100.000
[a] = X1 | X2+X3  0.107  0.098  67.228
[b] = X2 | X1+X3  0.016  0.006   3.895
[c] = X3 | X1+X2  0.047  0.037  25.573
[d]              -0.002 -0.003  -2.371
[e]               0.000 -0.001  -0.562
[f]               0.011  0.009   6.201
[g]               0.000  0.000   0.035
[h] = Residuals   0.821  0.854 582.693
